<?xml version="1.0" encoding="UTF-8" ?>
<testsuites>
  <testsuite errors="8" failures="0" hostname="UPChiapas-PC" id="0" name="AllTests" package="edu.uag.iidis.scec.pruebas" skipped="0" tests="9" time="1.763" timestamp="2017-03-30T14:50:54">
      <properties>
[...]
</properties>

      <testcase classname="edu.uag.iidis.scec.pruebas.RolDAOTest" name="testCrearRol" time="0.156">
          <error message="org.hibernate.exception.SQLGrammarException: Base table or view not found,  message from server: &quot;Table &apos;manto.roles&apos; doesn&apos;t exist&quot;" type="edu.uag.iidis.scec.excepciones.ExcepcionInfraestructura">edu.uag.iidis.scec.excepciones.ExcepcionInfraestructura: org.hibernate.exception.SQLGrammarException: Base table or view not found,  message from server: &quot;Table &apos;manto.roles&apos; doesn&apos;t exist&quot;
	at edu.uag.iidis.scec.persistencia.RolDAO.hazPersistente(RolDAO.java:118)
	at edu.uag.iidis.scec.pruebas.RolDAOTest.testCrearRol(RolDAOTest.java:37)
	at junit.extensions.TestDecorator.basicRun(TestDecorator.java:22)
	at junit.extensions.TestSetup$1.protect(TestSetup.java:19)
	at junit.extensions.TestSetup.run(TestSetup.java:23)
Caused by: org.hibernate.exception.SQLGrammarException: Base table or view not found,  message from server: &quot;Table &apos;manto.roles&apos; doesn&apos;t exist&quot;
	at org.hibernate.exception.internal.SQLStateConverter.convert(SQLStateConverter.java:100)
	at org.hibernate.engine.jdbc.spi.SqlExceptionHelper.convert(SqlExceptionHelper.java:125)
	at org.hibernate.engine.jdbc.spi.SqlExceptionHelper.convert(SqlExceptionHelper.java:110)
	at org.hibernate.engine.jdbc.internal.proxy.AbstractStatementProxyHandler.continueInvocation(AbstractStatementProxyHandler.java:129)
	at org.hibernate.engine.jdbc.internal.proxy.AbstractProxyHandler.invoke(AbstractProxyHandler.java:81)
	at com.sun.proxy.$Proxy3.executeQuery(Unknown Source)
	at org.hibernate.id.IncrementGenerator.initializePreviousValueHolder(IncrementGenerator.java:128)
	at org.hibernate.id.IncrementGenerator.generate(IncrementGenerator.java:68)
	at org.hibernate.event.internal.AbstractSaveEventListener.saveWithGeneratedId(AbstractSaveEventListener.java:120)
	at org.hibernate.event.internal.DefaultSaveOrUpdateEventListener.saveWithGeneratedOrRequestedId(DefaultSaveOrUpdateEventListener.java:204)
	at org.hibernate.event.internal.DefaultSaveOrUpdateEventListener.entityIsTransient(DefaultSaveOrUpdateEventListener.java:189)
	at org.hibernate.event.internal.DefaultSaveOrUpdateEventListener.performSaveOrUpdate(DefaultSaveOrUpdateEventListener.java:114)
	at org.hibernate.event.internal.DefaultSaveOrUpdateEventListener.onSaveOrUpdate(DefaultSaveOrUpdateEventListener.java:90)
	at org.hibernate.internal.SessionImpl.fireSaveOrUpdate(SessionImpl.java:615)
	at org.hibernate.internal.SessionImpl.saveOrUpdate(SessionImpl.java:608)
	at org.hibernate.internal.SessionImpl.saveOrUpdate(SessionImpl.java:604)
	at edu.uag.iidis.scec.persistencia.RolDAO.hazPersistente(RolDAO.java:113)
Caused by: java.sql.SQLException: Base table or view not found,  message from server: &quot;Table &apos;manto.roles&apos; doesn&apos;t exist&quot;
	at com.mysql.jdbc.MysqlIO.checkErrorPacket(MysqlIO.java:1977)
	at com.mysql.jdbc.MysqlIO.sendCommand(MysqlIO.java:1163)
	at com.mysql.jdbc.MysqlIO.sqlQueryDirect(MysqlIO.java:1272)
	at com.mysql.jdbc.Connection.execSQL(Connection.java:2236)
	at com.mysql.jdbc.PreparedStatement.executeQuery(PreparedStatement.java:1555)
	at org.hibernate.engine.jdbc.internal.proxy.AbstractStatementProxyHandler.continueInvocation(AbstractStatementProxyHandler.java:122)
</error>

      </testcase>

      <testcase classname="edu.uag.iidis.scec.pruebas.UsuarioDAOTest" name="testCrearUsuario" time="0.0">
          <error message="org.hibernate.exception.SQLGrammarException: Base table or view not found,  message from server: &quot;Table &apos;manto.usuarios&apos; doesn&apos;t exist&quot;" type="edu.uag.iidis.scec.excepciones.ExcepcionInfraestructura">edu.uag.iidis.scec.excepciones.ExcepcionInfraestructura: org.hibernate.exception.SQLGrammarException: Base table or view not found,  message from server: &quot;Table &apos;manto.usuarios&apos; doesn&apos;t exist&quot;
	at edu.uag.iidis.scec.persistencia.UsuarioDAO.hazPersistente(UsuarioDAO.java:198)
	at edu.uag.iidis.scec.pruebas.UsuarioDAOTest.testCrearUsuario(UsuarioDAOTest.java:41)
	at junit.extensions.TestDecorator.basicRun(TestDecorator.java:22)
	at junit.extensions.TestSetup$1.protect(TestSetup.java:19)
	at junit.extensions.TestSetup.run(TestSetup.java:23)
Caused by: org.hibernate.exception.SQLGrammarException: Base table or view not found,  message from server: &quot;Table &apos;manto.usuarios&apos; doesn&apos;t exist&quot;
	at org.hibernate.exception.internal.SQLStateConverter.convert(SQLStateConverter.java:100)
	at org.hibernate.engine.jdbc.spi.SqlExceptionHelper.convert(SqlExceptionHelper.java:125)
	at org.hibernate.engine.jdbc.spi.SqlExceptionHelper.convert(SqlExceptionHelper.java:110)
	at org.hibernate.engine.jdbc.internal.proxy.AbstractStatementProxyHandler.continueInvocation(AbstractStatementProxyHandler.java:129)
	at org.hibernate.engine.jdbc.internal.proxy.AbstractProxyHandler.invoke(AbstractProxyHandler.java:81)
	at com.sun.proxy.$Proxy3.executeQuery(Unknown Source)
	at org.hibernate.id.IncrementGenerator.initializePreviousValueHolder(IncrementGenerator.java:128)
	at org.hibernate.id.IncrementGenerator.generate(IncrementGenerator.java:68)
	at org.hibernate.event.internal.AbstractSaveEventListener.saveWithGeneratedId(AbstractSaveEventListener.java:120)
	at org.hibernate.event.internal.DefaultSaveOrUpdateEventListener.saveWithGeneratedOrRequestedId(DefaultSaveOrUpdateEventListener.java:204)
	at org.hibernate.event.internal.DefaultSaveOrUpdateEventListener.entityIsTransient(DefaultSaveOrUpdateEventListener.java:189)
	at org.hibernate.event.internal.DefaultSaveOrUpdateEventListener.performSaveOrUpdate(DefaultSaveOrUpdateEventListener.java:114)
	at org.hibernate.event.internal.DefaultSaveOrUpdateEventListener.onSaveOrUpdate(DefaultSaveOrUpdateEventListener.java:90)
	at org.hibernate.internal.SessionImpl.fireSaveOrUpdate(SessionImpl.java:615)
	at org.hibernate.internal.SessionImpl.saveOrUpdate(SessionImpl.java:608)
	at org.hibernate.internal.SessionImpl.saveOrUpdate(SessionImpl.java:604)
	at edu.uag.iidis.scec.persistencia.UsuarioDAO.hazPersistente(UsuarioDAO.java:192)
Caused by: java.sql.SQLException: Base table or view not found,  message from server: &quot;Table &apos;manto.usuarios&apos; doesn&apos;t exist&quot;
	at com.mysql.jdbc.MysqlIO.checkErrorPacket(MysqlIO.java:1977)
	at com.mysql.jdbc.MysqlIO.sendCommand(MysqlIO.java:1163)
	at com.mysql.jdbc.MysqlIO.sqlQueryDirect(MysqlIO.java:1272)
	at com.mysql.jdbc.Connection.execSQL(Connection.java:2236)
	at com.mysql.jdbc.PreparedStatement.executeQuery(PreparedStatement.java:1555)
	at org.hibernate.engine.jdbc.internal.proxy.AbstractStatementProxyHandler.continueInvocation(AbstractStatementProxyHandler.java:122)
</error>

      </testcase>

      <testcase classname="edu.uag.iidis.scec.pruebas.UsuarioDAOTest" name="testBuscarTodos" time="0.016">
          <error message="org.hibernate.exception.SQLGrammarException: Base table or view not found,  message from server: &quot;Table &apos;manto.usuarios&apos; doesn&apos;t exist&quot;" type="edu.uag.iidis.scec.excepciones.ExcepcionInfraestructura">edu.uag.iidis.scec.excepciones.ExcepcionInfraestructura: org.hibernate.exception.SQLGrammarException: Base table or view not found,  message from server: &quot;Table &apos;manto.usuarios&apos; doesn&apos;t exist&quot;
	at edu.uag.iidis.scec.persistencia.UsuarioDAO.buscarTodos(UsuarioDAO.java:111)
	at edu.uag.iidis.scec.pruebas.UsuarioDAOTest.testBuscarTodos(UsuarioDAOTest.java:116)
	at junit.extensions.TestDecorator.basicRun(TestDecorator.java:22)
	at junit.extensions.TestSetup$1.protect(TestSetup.java:19)
	at junit.extensions.TestSetup.run(TestSetup.java:23)
Caused by: org.hibernate.exception.SQLGrammarException: Base table or view not found,  message from server: &quot;Table &apos;manto.usuarios&apos; doesn&apos;t exist&quot;
	at org.hibernate.exception.internal.SQLStateConverter.convert(SQLStateConverter.java:100)
	at org.hibernate.engine.jdbc.spi.SqlExceptionHelper.convert(SqlExceptionHelper.java:125)
	at org.hibernate.engine.jdbc.spi.SqlExceptionHelper.convert(SqlExceptionHelper.java:110)
	at org.hibernate.engine.jdbc.internal.proxy.AbstractStatementProxyHandler.continueInvocation(AbstractStatementProxyHandler.java:129)
	at org.hibernate.engine.jdbc.internal.proxy.AbstractProxyHandler.invoke(AbstractProxyHandler.java:81)
	at com.sun.proxy.$Proxy3.executeQuery(Unknown Source)
	at org.hibernate.loader.Loader.getResultSet(Loader.java:1978)
	at org.hibernate.loader.Loader.doQuery(Loader.java:829)
	at org.hibernate.loader.Loader.doQueryAndInitializeNonLazyCollections(Loader.java:289)
	at org.hibernate.loader.Loader.doList(Loader.java:2463)
	at org.hibernate.loader.Loader.doList(Loader.java:2449)
	at org.hibernate.loader.Loader.listIgnoreQueryCache(Loader.java:2279)
	at org.hibernate.loader.Loader.list(Loader.java:2274)
	at org.hibernate.loader.criteria.CriteriaLoader.list(CriteriaLoader.java:122)
	at org.hibernate.internal.SessionImpl.list(SessionImpl.java:1483)
	at org.hibernate.internal.CriteriaImpl.list(CriteriaImpl.java:374)
	at edu.uag.iidis.scec.persistencia.UsuarioDAO.buscarTodos(UsuarioDAO.java:106)
Caused by: java.sql.SQLException: Base table or view not found,  message from server: &quot;Table &apos;manto.usuarios&apos; doesn&apos;t exist&quot;
	at com.mysql.jdbc.MysqlIO.checkErrorPacket(MysqlIO.java:1977)
	at com.mysql.jdbc.MysqlIO.sendCommand(MysqlIO.java:1163)
	at com.mysql.jdbc.MysqlIO.sqlQueryDirect(MysqlIO.java:1272)
	at com.mysql.jdbc.Connection.execSQL(Connection.java:2236)
	at com.mysql.jdbc.PreparedStatement.executeQuery(PreparedStatement.java:1555)
	at org.hibernate.engine.jdbc.internal.proxy.AbstractStatementProxyHandler.continueInvocation(AbstractStatementProxyHandler.java:122)
</error>

      </testcase>

      <testcase classname="edu.uag.iidis.scec.pruebas.UsuarioDAOTest" name="testAgregarRol" time="0.016">
          <error message="Base table or view not found,  message from server: &quot;Table &apos;manto.usuarios&apos; doesn&apos;t exist&quot;" type="org.hibernate.exception.SQLGrammarException">org.hibernate.exception.SQLGrammarException: Base table or view not found,  message from server: &quot;Table &apos;manto.usuarios&apos; doesn&apos;t exist&quot;
	at org.hibernate.exception.internal.SQLStateConverter.convert(SQLStateConverter.java:100)
	at org.hibernate.engine.jdbc.spi.SqlExceptionHelper.convert(SqlExceptionHelper.java:125)
	at org.hibernate.engine.jdbc.spi.SqlExceptionHelper.convert(SqlExceptionHelper.java:110)
	at org.hibernate.engine.jdbc.internal.proxy.AbstractStatementProxyHandler.continueInvocation(AbstractStatementProxyHandler.java:129)
	at org.hibernate.engine.jdbc.internal.proxy.AbstractProxyHandler.invoke(AbstractProxyHandler.java:81)
	at com.sun.proxy.$Proxy3.executeQuery(Unknown Source)
	at org.hibernate.loader.Loader.getResultSet(Loader.java:1978)
	at org.hibernate.loader.Loader.doQuery(Loader.java:829)
	at org.hibernate.loader.Loader.doQueryAndInitializeNonLazyCollections(Loader.java:289)
	at org.hibernate.loader.Loader.doQueryAndInitializeNonLazyCollections(Loader.java:259)
	at org.hibernate.loader.Loader.loadEntity(Loader.java:2058)
	at org.hibernate.loader.entity.AbstractEntityLoader.load(AbstractEntityLoader.java:82)
	at org.hibernate.loader.entity.AbstractEntityLoader.load(AbstractEntityLoader.java:72)
	at org.hibernate.persister.entity.AbstractEntityPersister.load(AbstractEntityPersister.java:3697)
	at org.hibernate.event.internal.DefaultLoadEventListener.loadFromDatasource(DefaultLoadEventListener.java:439)
	at org.hibernate.event.internal.DefaultLoadEventListener.doLoad(DefaultLoadEventListener.java:420)
	at org.hibernate.event.internal.DefaultLoadEventListener.load(DefaultLoadEventListener.java:204)
	at org.hibernate.event.internal.DefaultLoadEventListener.onLoad(DefaultLoadEventListener.java:143)
	at org.hibernate.internal.SessionImpl.fireLoad(SessionImpl.java:954)
	at org.hibernate.internal.SessionImpl.immediateLoad(SessionImpl.java:891)
	at org.hibernate.proxy.AbstractLazyInitializer.initialize(AbstractLazyInitializer.java:158)
	at org.hibernate.proxy.AbstractLazyInitializer.getImplementation(AbstractLazyInitializer.java:195)
	at org.hibernate.proxy.pojo.javassist.JavassistLazyInitializer.invoke(JavassistLazyInitializer.java:185)
	at edu.uag.iidis.scec.modelo.Usuario_$$_javassist_6.addRol(Usuario_$$_javassist_6.java)
	at edu.uag.iidis.scec.pruebas.UsuarioDAOTest.testAgregarRol(UsuarioDAOTest.java:133)
	at junit.extensions.TestDecorator.basicRun(TestDecorator.java:22)
	at junit.extensions.TestSetup$1.protect(TestSetup.java:19)
	at junit.extensions.TestSetup.run(TestSetup.java:23)
Caused by: java.sql.SQLException: Base table or view not found,  message from server: &quot;Table &apos;manto.usuarios&apos; doesn&apos;t exist&quot;
	at com.mysql.jdbc.MysqlIO.checkErrorPacket(MysqlIO.java:1977)
	at com.mysql.jdbc.MysqlIO.sendCommand(MysqlIO.java:1163)
	at com.mysql.jdbc.MysqlIO.sqlQueryDirect(MysqlIO.java:1272)
	at com.mysql.jdbc.Connection.execSQL(Connection.java:2236)
	at com.mysql.jdbc.PreparedStatement.executeQuery(PreparedStatement.java:1555)
	at org.hibernate.engine.jdbc.internal.proxy.AbstractStatementProxyHandler.continueInvocation(AbstractStatementProxyHandler.java:122)
</error>

      </testcase>

      <testcase classname="edu.uag.iidis.scec.pruebas.UsuarioDAOTest" name="testVerificarRol" time="0.0">
          <error message="Base table or view not found,  message from server: &quot;Table &apos;manto.usuarios&apos; doesn&apos;t exist&quot;" type="org.hibernate.exception.SQLGrammarException">org.hibernate.exception.SQLGrammarException: Base table or view not found,  message from server: &quot;Table &apos;manto.usuarios&apos; doesn&apos;t exist&quot;
	at org.hibernate.exception.internal.SQLStateConverter.convert(SQLStateConverter.java:100)
	at org.hibernate.engine.jdbc.spi.SqlExceptionHelper.convert(SqlExceptionHelper.java:125)
	at org.hibernate.engine.jdbc.spi.SqlExceptionHelper.convert(SqlExceptionHelper.java:110)
	at org.hibernate.engine.jdbc.internal.proxy.AbstractStatementProxyHandler.continueInvocation(AbstractStatementProxyHandler.java:129)
	at org.hibernate.engine.jdbc.internal.proxy.AbstractProxyHandler.invoke(AbstractProxyHandler.java:81)
	at com.sun.proxy.$Proxy3.executeQuery(Unknown Source)
	at org.hibernate.loader.Loader.getResultSet(Loader.java:1978)
	at org.hibernate.loader.Loader.doQuery(Loader.java:829)
	at org.hibernate.loader.Loader.doQueryAndInitializeNonLazyCollections(Loader.java:289)
	at org.hibernate.loader.Loader.doQueryAndInitializeNonLazyCollections(Loader.java:259)
	at org.hibernate.loader.Loader.loadEntity(Loader.java:2058)
	at org.hibernate.loader.entity.AbstractEntityLoader.load(AbstractEntityLoader.java:82)
	at org.hibernate.loader.entity.AbstractEntityLoader.load(AbstractEntityLoader.java:72)
	at org.hibernate.persister.entity.AbstractEntityPersister.load(AbstractEntityPersister.java:3697)
	at org.hibernate.event.internal.DefaultLoadEventListener.loadFromDatasource(DefaultLoadEventListener.java:439)
	at org.hibernate.event.internal.DefaultLoadEventListener.doLoad(DefaultLoadEventListener.java:420)
	at org.hibernate.event.internal.DefaultLoadEventListener.load(DefaultLoadEventListener.java:204)
	at org.hibernate.event.internal.DefaultLoadEventListener.onLoad(DefaultLoadEventListener.java:143)
	at org.hibernate.internal.SessionImpl.fireLoad(SessionImpl.java:954)
	at org.hibernate.internal.SessionImpl.immediateLoad(SessionImpl.java:891)
	at org.hibernate.proxy.AbstractLazyInitializer.initialize(AbstractLazyInitializer.java:158)
	at org.hibernate.proxy.AbstractLazyInitializer.getImplementation(AbstractLazyInitializer.java:195)
	at org.hibernate.proxy.pojo.javassist.JavassistLazyInitializer.invoke(JavassistLazyInitializer.java:185)
	at edu.uag.iidis.scec.modelo.Usuario_$$_javassist_6.getRoles(Usuario_$$_javassist_6.java)
	at edu.uag.iidis.scec.pruebas.UsuarioDAOTest.testVerificarRol(UsuarioDAOTest.java:151)
	at junit.extensions.TestDecorator.basicRun(TestDecorator.java:22)
	at junit.extensions.TestSetup$1.protect(TestSetup.java:19)
	at junit.extensions.TestSetup.run(TestSetup.java:23)
Caused by: java.sql.SQLException: Base table or view not found,  message from server: &quot;Table &apos;manto.usuarios&apos; doesn&apos;t exist&quot;
	at com.mysql.jdbc.MysqlIO.checkErrorPacket(MysqlIO.java:1977)
	at com.mysql.jdbc.MysqlIO.sendCommand(MysqlIO.java:1163)
	at com.mysql.jdbc.MysqlIO.sqlQueryDirect(MysqlIO.java:1272)
	at com.mysql.jdbc.Connection.execSQL(Connection.java:2236)
	at com.mysql.jdbc.PreparedStatement.executeQuery(PreparedStatement.java:1555)
	at org.hibernate.engine.jdbc.internal.proxy.AbstractStatementProxyHandler.continueInvocation(AbstractStatementProxyHandler.java:122)
</error>

      </testcase>

      <testcase classname="edu.uag.iidis.scec.pruebas.UsuarioDAOTest" name="testEliminarRol" time="0.015">
          <error message="Base table or view not found,  message from server: &quot;Table &apos;manto.usuarios&apos; doesn&apos;t exist&quot;" type="org.hibernate.exception.SQLGrammarException">org.hibernate.exception.SQLGrammarException: Base table or view not found,  message from server: &quot;Table &apos;manto.usuarios&apos; doesn&apos;t exist&quot;
	at org.hibernate.exception.internal.SQLStateConverter.convert(SQLStateConverter.java:100)
	at org.hibernate.engine.jdbc.spi.SqlExceptionHelper.convert(SqlExceptionHelper.java:125)
	at org.hibernate.engine.jdbc.spi.SqlExceptionHelper.convert(SqlExceptionHelper.java:110)
	at org.hibernate.engine.jdbc.internal.proxy.AbstractStatementProxyHandler.continueInvocation(AbstractStatementProxyHandler.java:129)
	at org.hibernate.engine.jdbc.internal.proxy.AbstractProxyHandler.invoke(AbstractProxyHandler.java:81)
	at com.sun.proxy.$Proxy3.executeQuery(Unknown Source)
	at org.hibernate.loader.Loader.getResultSet(Loader.java:1978)
	at org.hibernate.loader.Loader.doQuery(Loader.java:829)
	at org.hibernate.loader.Loader.doQueryAndInitializeNonLazyCollections(Loader.java:289)
	at org.hibernate.loader.Loader.doQueryAndInitializeNonLazyCollections(Loader.java:259)
	at org.hibernate.loader.Loader.loadEntity(Loader.java:2058)
	at org.hibernate.loader.entity.AbstractEntityLoader.load(AbstractEntityLoader.java:82)
	at org.hibernate.loader.entity.AbstractEntityLoader.load(AbstractEntityLoader.java:72)
	at org.hibernate.persister.entity.AbstractEntityPersister.load(AbstractEntityPersister.java:3697)
	at org.hibernate.event.internal.DefaultLoadEventListener.loadFromDatasource(DefaultLoadEventListener.java:439)
	at org.hibernate.event.internal.DefaultLoadEventListener.doLoad(DefaultLoadEventListener.java:420)
	at org.hibernate.event.internal.DefaultLoadEventListener.load(DefaultLoadEventListener.java:204)
	at org.hibernate.event.internal.DefaultLoadEventListener.onLoad(DefaultLoadEventListener.java:143)
	at org.hibernate.internal.SessionImpl.fireLoad(SessionImpl.java:954)
	at org.hibernate.internal.SessionImpl.immediateLoad(SessionImpl.java:891)
	at org.hibernate.proxy.AbstractLazyInitializer.initialize(AbstractLazyInitializer.java:158)
	at org.hibernate.proxy.AbstractLazyInitializer.getImplementation(AbstractLazyInitializer.java:195)
	at org.hibernate.proxy.pojo.javassist.JavassistLazyInitializer.invoke(JavassistLazyInitializer.java:185)
	at edu.uag.iidis.scec.modelo.Usuario_$$_javassist_6.removeRol(Usuario_$$_javassist_6.java)
	at edu.uag.iidis.scec.pruebas.UsuarioDAOTest.testEliminarRol(UsuarioDAOTest.java:166)
	at junit.extensions.TestDecorator.basicRun(TestDecorator.java:22)
	at junit.extensions.TestSetup$1.protect(TestSetup.java:19)
	at junit.extensions.TestSetup.run(TestSetup.java:23)
Caused by: java.sql.SQLException: Base table or view not found,  message from server: &quot;Table &apos;manto.usuarios&apos; doesn&apos;t exist&quot;
	at com.mysql.jdbc.MysqlIO.checkErrorPacket(MysqlIO.java:1977)
	at com.mysql.jdbc.MysqlIO.sendCommand(MysqlIO.java:1163)
	at com.mysql.jdbc.MysqlIO.sqlQueryDirect(MysqlIO.java:1272)
	at com.mysql.jdbc.Connection.execSQL(Connection.java:2236)
	at com.mysql.jdbc.PreparedStatement.executeQuery(PreparedStatement.java:1555)
	at org.hibernate.engine.jdbc.internal.proxy.AbstractStatementProxyHandler.continueInvocation(AbstractStatementProxyHandler.java:122)
</error>

      </testcase>

      <testcase classname="edu.uag.iidis.scec.pruebas.UsuarioDAOTest" name="testCrearUsuarioInvalido" time="0.0" />

      <testcase classname="edu.uag.iidis.scec.pruebas.UsuarioDAOTest" name="testBuscarUsuarioPorId" time="0.0">
          <error message="Base table or view not found,  message from server: &quot;Table &apos;manto.usuarios&apos; doesn&apos;t exist&quot;" type="org.hibernate.exception.SQLGrammarException">org.hibernate.exception.SQLGrammarException: Base table or view not found,  message from server: &quot;Table &apos;manto.usuarios&apos; doesn&apos;t exist&quot;
	at org.hibernate.exception.internal.SQLStateConverter.convert(SQLStateConverter.java:100)
	at org.hibernate.engine.jdbc.spi.SqlExceptionHelper.convert(SqlExceptionHelper.java:125)
	at org.hibernate.engine.jdbc.spi.SqlExceptionHelper.convert(SqlExceptionHelper.java:110)
	at org.hibernate.engine.jdbc.internal.proxy.AbstractStatementProxyHandler.continueInvocation(AbstractStatementProxyHandler.java:129)
	at org.hibernate.engine.jdbc.internal.proxy.AbstractProxyHandler.invoke(AbstractProxyHandler.java:81)
	at com.sun.proxy.$Proxy3.executeQuery(Unknown Source)
	at org.hibernate.loader.Loader.getResultSet(Loader.java:1978)
	at org.hibernate.loader.Loader.doQuery(Loader.java:829)
	at org.hibernate.loader.Loader.doQueryAndInitializeNonLazyCollections(Loader.java:289)
	at org.hibernate.loader.Loader.doQueryAndInitializeNonLazyCollections(Loader.java:259)
	at org.hibernate.loader.Loader.loadEntity(Loader.java:2058)
	at org.hibernate.loader.entity.AbstractEntityLoader.load(AbstractEntityLoader.java:82)
	at org.hibernate.loader.entity.AbstractEntityLoader.load(AbstractEntityLoader.java:72)
	at org.hibernate.persister.entity.AbstractEntityPersister.load(AbstractEntityPersister.java:3697)
	at org.hibernate.event.internal.DefaultLoadEventListener.loadFromDatasource(DefaultLoadEventListener.java:439)
	at org.hibernate.event.internal.DefaultLoadEventListener.doLoad(DefaultLoadEventListener.java:420)
	at org.hibernate.event.internal.DefaultLoadEventListener.load(DefaultLoadEventListener.java:204)
	at org.hibernate.event.internal.DefaultLoadEventListener.onLoad(DefaultLoadEventListener.java:143)
	at org.hibernate.internal.SessionImpl.fireLoad(SessionImpl.java:954)
	at org.hibernate.internal.SessionImpl.immediateLoad(SessionImpl.java:891)
	at org.hibernate.proxy.AbstractLazyInitializer.initialize(AbstractLazyInitializer.java:158)
	at org.hibernate.proxy.AbstractLazyInitializer.getImplementation(AbstractLazyInitializer.java:195)
	at org.hibernate.proxy.pojo.javassist.JavassistLazyInitializer.invoke(JavassistLazyInitializer.java:185)
	at edu.uag.iidis.scec.modelo.Usuario_$$_javassist_6.getNombre(Usuario_$$_javassist_6.java)
	at edu.uag.iidis.scec.pruebas.UsuarioDAOTest.testBuscarUsuarioPorId(UsuarioDAOTest.java:85)
	at junit.extensions.TestDecorator.basicRun(TestDecorator.java:22)
	at junit.extensions.TestSetup$1.protect(TestSetup.java:19)
	at junit.extensions.TestSetup.run(TestSetup.java:23)
Caused by: java.sql.SQLException: Base table or view not found,  message from server: &quot;Table &apos;manto.usuarios&apos; doesn&apos;t exist&quot;
	at com.mysql.jdbc.MysqlIO.checkErrorPacket(MysqlIO.java:1977)
	at com.mysql.jdbc.MysqlIO.sendCommand(MysqlIO.java:1163)
	at com.mysql.jdbc.MysqlIO.sqlQueryDirect(MysqlIO.java:1272)
	at com.mysql.jdbc.Connection.execSQL(Connection.java:2236)
	at com.mysql.jdbc.PreparedStatement.executeQuery(PreparedStatement.java:1555)
	at org.hibernate.engine.jdbc.internal.proxy.AbstractStatementProxyHandler.continueInvocation(AbstractStatementProxyHandler.java:122)
</error>

      </testcase>

      <testcase classname="edu.uag.iidis.scec.pruebas.UsuarioDAOTest" name="testBuscarPorEjemplo" time="0.016">
          <error message="org.hibernate.exception.SQLGrammarException: Base table or view not found,  message from server: &quot;Table &apos;manto.usuarios&apos; doesn&apos;t exist&quot;" type="edu.uag.iidis.scec.excepciones.ExcepcionInfraestructura">edu.uag.iidis.scec.excepciones.ExcepcionInfraestructura: org.hibernate.exception.SQLGrammarException: Base table or view not found,  message from server: &quot;Table &apos;manto.usuarios&apos; doesn&apos;t exist&quot;
	at edu.uag.iidis.scec.persistencia.UsuarioDAO.buscarPorEjemplo(UsuarioDAO.java:135)
	at edu.uag.iidis.scec.pruebas.UsuarioDAOTest.testBuscarPorEjemplo(UsuarioDAOTest.java:102)
	at junit.extensions.TestDecorator.basicRun(TestDecorator.java:22)
	at junit.extensions.TestSetup$1.protect(TestSetup.java:19)
	at junit.extensions.TestSetup.run(TestSetup.java:23)
Caused by: org.hibernate.exception.SQLGrammarException: Base table or view not found,  message from server: &quot;Table &apos;manto.usuarios&apos; doesn&apos;t exist&quot;
	at org.hibernate.exception.internal.SQLStateConverter.convert(SQLStateConverter.java:100)
	at org.hibernate.engine.jdbc.spi.SqlExceptionHelper.convert(SqlExceptionHelper.java:125)
	at org.hibernate.engine.jdbc.spi.SqlExceptionHelper.convert(SqlExceptionHelper.java:110)
	at org.hibernate.engine.jdbc.internal.proxy.AbstractStatementProxyHandler.continueInvocation(AbstractStatementProxyHandler.java:129)
	at org.hibernate.engine.jdbc.internal.proxy.AbstractProxyHandler.invoke(AbstractProxyHandler.java:81)
	at com.sun.proxy.$Proxy3.executeQuery(Unknown Source)
	at org.hibernate.loader.Loader.getResultSet(Loader.java:1978)
	at org.hibernate.loader.Loader.doQuery(Loader.java:829)
	at org.hibernate.loader.Loader.doQueryAndInitializeNonLazyCollections(Loader.java:289)
	at org.hibernate.loader.Loader.doList(Loader.java:2463)
	at org.hibernate.loader.Loader.doList(Loader.java:2449)
	at org.hibernate.loader.Loader.listIgnoreQueryCache(Loader.java:2279)
	at org.hibernate.loader.Loader.list(Loader.java:2274)
	at org.hibernate.loader.criteria.CriteriaLoader.list(CriteriaLoader.java:122)
	at org.hibernate.internal.SessionImpl.list(SessionImpl.java:1483)
	at org.hibernate.internal.CriteriaImpl.list(CriteriaImpl.java:374)
	at edu.uag.iidis.scec.persistencia.UsuarioDAO.buscarPorEjemplo(UsuarioDAO.java:130)
Caused by: java.sql.SQLException: Base table or view not found,  message from server: &quot;Table &apos;manto.usuarios&apos; doesn&apos;t exist&quot;
	at com.mysql.jdbc.MysqlIO.checkErrorPacket(MysqlIO.java:1977)
	at com.mysql.jdbc.MysqlIO.sendCommand(MysqlIO.java:1163)
	at com.mysql.jdbc.MysqlIO.sqlQueryDirect(MysqlIO.java:1272)
	at com.mysql.jdbc.Connection.execSQL(Connection.java:2236)
	at com.mysql.jdbc.PreparedStatement.executeQuery(PreparedStatement.java:1555)
	at org.hibernate.engine.jdbc.internal.proxy.AbstractStatementProxyHandler.continueInvocation(AbstractStatementProxyHandler.java:122)
</error>

      </testcase>

      <system-out><![CDATA[[SCEC] 2017-03-30 08:50:54,599 DEBUG edu.uag.iidis.scec.persistencia.hibernate.HibernateUtil.<clinit>(69) : >creando sessionFactory
[SCEC] 2017-03-30 08:50:55,956 ERROR org.hibernate.tool.hbm2ddl.SchemaExport.perform(426) : HHH000389: Unsuccessful: alter table UsuarioRol drop foreign key FK4CA33E1C7F566F0
[SCEC] 2017-03-30 08:50:55,956 ERROR org.hibernate.tool.hbm2ddl.SchemaExport.perform(427) : Base table or view not found,  message from server: "Table 'manto.usuariorol' doesn't exist"
[SCEC] 2017-03-30 08:50:55,956 ERROR org.hibernate.tool.hbm2ddl.SchemaExport.perform(426) : HHH000389: Unsuccessful: alter table UsuarioRol drop foreign key FK4CA33E1BC6DE0AE
[SCEC] 2017-03-30 08:50:55,956 ERROR org.hibernate.tool.hbm2ddl.SchemaExport.perform(427) : Base table or view not found,  message from server: "Table 'manto.usuariorol' doesn't exist"
[SCEC] 2017-03-30 08:50:55,956 ERROR org.hibernate.tool.hbm2ddl.SchemaExport.perform(426) : HHH000389: Unsuccessful: create table Estados (id bigint not null, Nombre varchar(255) not null unique, Descripcion varchar(255), primary key (id)) type=InnoDB
[SCEC] 2017-03-30 08:50:55,972 ERROR org.hibernate.tool.hbm2ddl.SchemaExport.perform(427) : Syntax error or access violation,  message from server: "You have an error in your SQL syntax; check the manual that corresponds to your MySQL server version for the right syntax to use near 'type=InnoDB' at line 6"
[SCEC] 2017-03-30 08:50:55,972 ERROR org.hibernate.tool.hbm2ddl.SchemaExport.perform(426) : HHH000389: Unsuccessful: create table Lugares (id bigint not null, Nombre varchar(255) not null unique, Descripcion varchar(255), Poblacion bigint, Coordenadas varchar(255), Estado varchar(255), Imagen varchar(255), Pais varchar(255), Moneda varchar(255), primary key (id)) type=InnoDB
[SCEC] 2017-03-30 08:50:55,972 ERROR org.hibernate.tool.hbm2ddl.SchemaExport.perform(427) : Syntax error or access violation,  message from server: "You have an error in your SQL syntax; check the manual that corresponds to your MySQL server version for the right syntax to use near 'type=InnoDB' at line 12"
[SCEC] 2017-03-30 08:50:55,972 ERROR org.hibernate.tool.hbm2ddl.SchemaExport.perform(426) : HHH000389: Unsuccessful: create table Pais (id bigint not null, Nombre varchar(255) not null unique, Descripcion varchar(255), primary key (id)) type=InnoDB
[SCEC] 2017-03-30 08:50:55,972 ERROR org.hibernate.tool.hbm2ddl.SchemaExport.perform(427) : Syntax error or access violation,  message from server: "You have an error in your SQL syntax; check the manual that corresponds to your MySQL server version for the right syntax to use near 'type=InnoDB' at line 6"
[SCEC] 2017-03-30 08:50:55,972 ERROR org.hibernate.tool.hbm2ddl.SchemaExport.perform(426) : HHH000389: Unsuccessful: create table Recomendaciones (id bigint not null, Nombre varchar(255) not null, Estado varchar(255), Usuario varchar(255), Fecha varchar(255), Comentario varchar(255), Calificacion bigint, primary key (id)) type=InnoDB
[SCEC] 2017-03-30 08:50:55,972 ERROR org.hibernate.tool.hbm2ddl.SchemaExport.perform(427) : Syntax error or access violation,  message from server: "You have an error in your SQL syntax; check the manual that corresponds to your MySQL server version for the right syntax to use near 'type=InnoDB' at line 10"
[SCEC] 2017-03-30 08:50:55,972 ERROR org.hibernate.tool.hbm2ddl.SchemaExport.perform(426) : HHH000389: Unsuccessful: create table Roles (idRol bigint not null, nombre varchar(255) not null unique, descripcion varchar(255), primary key (idRol)) type=InnoDB
[SCEC] 2017-03-30 08:50:55,972 ERROR org.hibernate.tool.hbm2ddl.SchemaExport.perform(427) : Syntax error or access violation,  message from server: "You have an error in your SQL syntax; check the manual that corresponds to your MySQL server version for the right syntax to use near 'type=InnoDB' at line 6"
[SCEC] 2017-03-30 08:50:55,972 ERROR org.hibernate.tool.hbm2ddl.SchemaExport.perform(426) : HHH000389: Unsuccessful: create table UsuarioRol (idUsuario bigint not null, idRol bigint not null) type=InnoDB
[SCEC] 2017-03-30 08:50:55,972 ERROR org.hibernate.tool.hbm2ddl.SchemaExport.perform(427) : Syntax error or access violation,  message from server: "You have an error in your SQL syntax; check the manual that corresponds to your MySQL server version for the right syntax to use near 'type=InnoDB' at line 4"
[SCEC] 2017-03-30 08:50:55,972 ERROR org.hibernate.tool.hbm2ddl.SchemaExport.perform(426) : HHH000389: Unsuccessful: create table Usuarios (idUsuario bigint not null, nombrePrefijo varchar(255), nombreNombre varchar(255), nombreApellidoPaterno varchar(255), nombreApellidoMaterno varchar(255), nombrePosfijo varchar(255), nombreIniciales varchar(255), nombreUsuario varchar(255) not null unique, claveAcceso varchar(255) not null, primary key (idUsuario)) type=InnoDB
[SCEC] 2017-03-30 08:50:55,972 ERROR org.hibernate.tool.hbm2ddl.SchemaExport.perform(427) : Syntax error or access violation,  message from server: "You have an error in your SQL syntax; check the manual that corresponds to your MySQL server version for the right syntax to use near 'type=InnoDB' at line 12"
[SCEC] 2017-03-30 08:50:55,972 ERROR org.hibernate.tool.hbm2ddl.SchemaExport.perform(426) : HHH000389: Unsuccessful: create table ciudades (idciudad bigint not null, nombre varchar(255) not null unique, descripcion varchar(255), primary key (idciudad)) type=InnoDB
[SCEC] 2017-03-30 08:50:55,972 ERROR org.hibernate.tool.hbm2ddl.SchemaExport.perform(427) : Syntax error or access violation,  message from server: "You have an error in your SQL syntax; check the manual that corresponds to your MySQL server version for the right syntax to use near 'type=InnoDB' at line 6"
[SCEC] 2017-03-30 08:50:55,972 ERROR org.hibernate.tool.hbm2ddl.SchemaExport.perform(426) : HHH000389: Unsuccessful: create table clima (idClima bigint not null, latitud varchar(255), longitud varchar(255), ciudad varchar(255) not null unique, primary key (idClima)) type=InnoDB
[SCEC] 2017-03-30 08:50:55,972 ERROR org.hibernate.tool.hbm2ddl.SchemaExport.perform(427) : Syntax error or access violation,  message from server: "You have an error in your SQL syntax; check the manual that corresponds to your MySQL server version for the right syntax to use near 'type=InnoDB' at line 7"
[SCEC] 2017-03-30 08:50:55,972 ERROR org.hibernate.tool.hbm2ddl.SchemaExport.perform(426) : HHH000389: Unsuccessful: create table editarperfil (id bigint not null, usuario varchar(255) not null unique, contra varchar(255) not null, nombre varchar(255) not null, apellido varchar(255) not null, telefono varchar(255) not null, email varchar(255) not null, cp varchar(255) not null, pais varchar(255), ciudad varchar(255), estado varchar(255), primary key (id)) type=InnoDB
[SCEC] 2017-03-30 08:50:55,972 ERROR org.hibernate.tool.hbm2ddl.SchemaExport.perform(427) : Syntax error or access violation,  message from server: "You have an error in your SQL syntax; check the manual that corresponds to your MySQL server version for the right syntax to use near 'type=InnoDB' at line 14"
[SCEC] 2017-03-30 08:50:55,972 ERROR org.hibernate.tool.hbm2ddl.SchemaExport.perform(426) : HHH000389: Unsuccessful: create table evento (idEvento bigint not null, nombre varchar(255) not null unique, fecha varchar(255), primary key (idEvento)) type=InnoDB
[SCEC] 2017-03-30 08:50:55,972 ERROR org.hibernate.tool.hbm2ddl.SchemaExport.perform(427) : Syntax error or access violation,  message from server: "You have an error in your SQL syntax; check the manual that corresponds to your MySQL server version for the right syntax to use near 'type=InnoDB' at line 6"
[SCEC] 2017-03-30 08:50:55,972 ERROR org.hibernate.tool.hbm2ddl.SchemaExport.perform(426) : HHH000389: Unsuccessful: create table vehiculos (idVehiculo bigint not null, tipo varchar(255), modelo varchar(255), marca varchar(255), placa varchar(255), color varchar(255), curp varchar(255), primary key (idVehiculo)) type=InnoDB
[SCEC] 2017-03-30 08:50:55,972 ERROR org.hibernate.tool.hbm2ddl.SchemaExport.perform(427) : Syntax error or access violation,  message from server: "You have an error in your SQL syntax; check the manual that corresponds to your MySQL server version for the right syntax to use near 'type=InnoDB' at line 10"
[SCEC] 2017-03-30 08:50:55,972 ERROR org.hibernate.tool.hbm2ddl.SchemaExport.perform(426) : HHH000389: Unsuccessful: alter table UsuarioRol add index FK4CA33E1C7F566F0 (idRol), add constraint FK4CA33E1C7F566F0 foreign key (idRol) references Roles (idRol)
[SCEC] 2017-03-30 08:50:55,972 ERROR org.hibernate.tool.hbm2ddl.SchemaExport.perform(427) : Base table or view not found,  message from server: "Table 'manto.usuariorol' doesn't exist"
[SCEC] 2017-03-30 08:50:55,972 ERROR org.hibernate.tool.hbm2ddl.SchemaExport.perform(426) : HHH000389: Unsuccessful: alter table UsuarioRol add index FK4CA33E1BC6DE0AE (idUsuario), add constraint FK4CA33E1BC6DE0AE foreign key (idUsuario) references Usuarios (idUsuario)
[SCEC] 2017-03-30 08:50:55,972 ERROR org.hibernate.tool.hbm2ddl.SchemaExport.perform(427) : Base table or view not found,  message from server: "Table 'manto.usuariorol' doesn't exist"
[SCEC] 2017-03-30 08:50:55,972 DEBUG edu.uag.iidis.scec.persistencia.hibernate.HibernateUtil.beginTransaction(230) : >beginTransaction()
[SCEC] 2017-03-30 08:50:55,972 DEBUG edu.uag.iidis.scec.persistencia.hibernate.HibernateUtil.beginTransaction(237) : -Iniciando una nueva transacción de base de datos en este thread.
[SCEC] 2017-03-30 08:50:55,972 DEBUG edu.uag.iidis.scec.persistencia.hibernate.HibernateUtil.getSession(160) : >getSession()
[SCEC] 2017-03-30 08:50:55,972 DEBUG edu.uag.iidis.scec.persistencia.hibernate.HibernateUtil.getSession(167) : -Abriendo una nueva sesión para el thread.
[SCEC] 2017-03-30 08:50:56,018 DEBUG edu.uag.iidis.scec.persistencia.RolDAO.hazPersistente(109) : >hazPersistente(rol)
[SCEC] 2017-03-30 08:50:56,018 DEBUG edu.uag.iidis.scec.persistencia.hibernate.HibernateUtil.getSession(160) : >getSession()
Hibernate: select max(idRol) from Roles
[SCEC] 2017-03-30 08:50:56,112  WARN org.hibernate.engine.jdbc.spi.SqlExceptionHelper.logExceptions(143) : SQL Error: 1146, SQLState: 42S02
[SCEC] 2017-03-30 08:50:56,112 ERROR org.hibernate.engine.jdbc.spi.SqlExceptionHelper.logExceptions(144) : Base table or view not found,  message from server: "Table 'manto.roles' doesn't exist"
[SCEC] 2017-03-30 08:50:56,112  WARN edu.uag.iidis.scec.persistencia.RolDAO.hazPersistente(116) : <HibernateException
[SCEC] 2017-03-30 08:50:56,112 DEBUG edu.uag.iidis.scec.persistencia.hibernate.HibernateUtil.rollbackTransaction(287) : >rollbackTransaction()
[SCEC] 2017-03-30 08:50:56,112 DEBUG edu.uag.iidis.scec.persistencia.hibernate.HibernateUtil.rollbackTransaction(295) : -Intentando deshacer la transacción para este thread.
[SCEC] 2017-03-30 08:50:56,112 DEBUG edu.uag.iidis.scec.persistencia.hibernate.HibernateUtil.rollbackTransaction(304) : -Intentando cerrar la sesión.
[SCEC] 2017-03-30 08:50:56,112 DEBUG edu.uag.iidis.scec.persistencia.hibernate.HibernateUtil.closeSession(204) : >closeSession()
[SCEC] 2017-03-30 08:50:56,112 DEBUG edu.uag.iidis.scec.persistencia.hibernate.HibernateUtil.closeSession(212) : -Cerrando la sesión local al thread.
[SCEC] 2017-03-30 08:50:56,128 DEBUG edu.uag.iidis.scec.persistencia.hibernate.HibernateUtil.closeSession(204) : >closeSession()
[SCEC] 2017-03-30 08:50:56,143 ERROR org.hibernate.tool.hbm2ddl.SchemaExport.perform(426) : HHH000389: Unsuccessful: alter table UsuarioRol drop foreign key FK4CA33E1C7F566F0
[SCEC] 2017-03-30 08:50:56,159 ERROR org.hibernate.tool.hbm2ddl.SchemaExport.perform(427) : Base table or view not found,  message from server: "Table 'manto.usuariorol' doesn't exist"
[SCEC] 2017-03-30 08:50:56,159 ERROR org.hibernate.tool.hbm2ddl.SchemaExport.perform(426) : HHH000389: Unsuccessful: alter table UsuarioRol drop foreign key FK4CA33E1BC6DE0AE
[SCEC] 2017-03-30 08:50:56,159 ERROR org.hibernate.tool.hbm2ddl.SchemaExport.perform(427) : Base table or view not found,  message from server: "Table 'manto.usuariorol' doesn't exist"
[SCEC] 2017-03-30 08:50:56,159 ERROR org.hibernate.tool.hbm2ddl.SchemaExport.perform(426) : HHH000389: Unsuccessful: create table Estados (id bigint not null, Nombre varchar(255) not null unique, Descripcion varchar(255), primary key (id)) type=InnoDB
[SCEC] 2017-03-30 08:50:56,159 ERROR org.hibernate.tool.hbm2ddl.SchemaExport.perform(427) : Syntax error or access violation,  message from server: "You have an error in your SQL syntax; check the manual that corresponds to your MySQL server version for the right syntax to use near 'type=InnoDB' at line 6"
[SCEC] 2017-03-30 08:50:56,159 ERROR org.hibernate.tool.hbm2ddl.SchemaExport.perform(426) : HHH000389: Unsuccessful: create table Lugares (id bigint not null, Nombre varchar(255) not null unique, Descripcion varchar(255), Poblacion bigint, Coordenadas varchar(255), Estado varchar(255), Imagen varchar(255), Pais varchar(255), Moneda varchar(255), primary key (id)) type=InnoDB
[SCEC] 2017-03-30 08:50:56,159 ERROR org.hibernate.tool.hbm2ddl.SchemaExport.perform(427) : Syntax error or access violation,  message from server: "You have an error in your SQL syntax; check the manual that corresponds to your MySQL server version for the right syntax to use near 'type=InnoDB' at line 12"
[SCEC] 2017-03-30 08:50:56,159 ERROR org.hibernate.tool.hbm2ddl.SchemaExport.perform(426) : HHH000389: Unsuccessful: create table Pais (id bigint not null, Nombre varchar(255) not null unique, Descripcion varchar(255), primary key (id)) type=InnoDB
[SCEC] 2017-03-30 08:50:56,159 ERROR org.hibernate.tool.hbm2ddl.SchemaExport.perform(427) : Syntax error or access violation,  message from server: "You have an error in your SQL syntax; check the manual that corresponds to your MySQL server version for the right syntax to use near 'type=InnoDB' at line 6"
[SCEC] 2017-03-30 08:50:56,159 ERROR org.hibernate.tool.hbm2ddl.SchemaExport.perform(426) : HHH000389: Unsuccessful: create table Recomendaciones (id bigint not null, Nombre varchar(255) not null, Estado varchar(255), Usuario varchar(255), Fecha varchar(255), Comentario varchar(255), Calificacion bigint, primary key (id)) type=InnoDB
[SCEC] 2017-03-30 08:50:56,159 ERROR org.hibernate.tool.hbm2ddl.SchemaExport.perform(427) : Syntax error or access violation,  message from server: "You have an error in your SQL syntax; check the manual that corresponds to your MySQL server version for the right syntax to use near 'type=InnoDB' at line 10"
[SCEC] 2017-03-30 08:50:56,159 ERROR org.hibernate.tool.hbm2ddl.SchemaExport.perform(426) : HHH000389: Unsuccessful: create table Roles (idRol bigint not null, nombre varchar(255) not null unique, descripcion varchar(255), primary key (idRol)) type=InnoDB
[SCEC] 2017-03-30 08:50:56,159 ERROR org.hibernate.tool.hbm2ddl.SchemaExport.perform(427) : Syntax error or access violation,  message from server: "You have an error in your SQL syntax; check the manual that corresponds to your MySQL server version for the right syntax to use near 'type=InnoDB' at line 6"
[SCEC] 2017-03-30 08:50:56,159 ERROR org.hibernate.tool.hbm2ddl.SchemaExport.perform(426) : HHH000389: Unsuccessful: create table UsuarioRol (idUsuario bigint not null, idRol bigint not null) type=InnoDB
[SCEC] 2017-03-30 08:50:56,159 ERROR org.hibernate.tool.hbm2ddl.SchemaExport.perform(427) : Syntax error or access violation,  message from server: "You have an error in your SQL syntax; check the manual that corresponds to your MySQL server version for the right syntax to use near 'type=InnoDB' at line 4"
[SCEC] 2017-03-30 08:50:56,159 ERROR org.hibernate.tool.hbm2ddl.SchemaExport.perform(426) : HHH000389: Unsuccessful: create table Usuarios (idUsuario bigint not null, nombrePrefijo varchar(255), nombreNombre varchar(255), nombreApellidoPaterno varchar(255), nombreApellidoMaterno varchar(255), nombrePosfijo varchar(255), nombreIniciales varchar(255), nombreUsuario varchar(255) not null unique, claveAcceso varchar(255) not null, primary key (idUsuario)) type=InnoDB
[SCEC] 2017-03-30 08:50:56,159 ERROR org.hibernate.tool.hbm2ddl.SchemaExport.perform(427) : Syntax error or access violation,  message from server: "You have an error in your SQL syntax; check the manual that corresponds to your MySQL server version for the right syntax to use near 'type=InnoDB' at line 12"
[SCEC] 2017-03-30 08:50:56,159 ERROR org.hibernate.tool.hbm2ddl.SchemaExport.perform(426) : HHH000389: Unsuccessful: create table ciudades (idciudad bigint not null, nombre varchar(255) not null unique, descripcion varchar(255), primary key (idciudad)) type=InnoDB
[SCEC] 2017-03-30 08:50:56,159 ERROR org.hibernate.tool.hbm2ddl.SchemaExport.perform(427) : Syntax error or access violation,  message from server: "You have an error in your SQL syntax; check the manual that corresponds to your MySQL server version for the right syntax to use near 'type=InnoDB' at line 6"
[SCEC] 2017-03-30 08:50:56,159 ERROR org.hibernate.tool.hbm2ddl.SchemaExport.perform(426) : HHH000389: Unsuccessful: create table clima (idClima bigint not null, latitud varchar(255), longitud varchar(255), ciudad varchar(255) not null unique, primary key (idClima)) type=InnoDB
[SCEC] 2017-03-30 08:50:56,159 ERROR org.hibernate.tool.hbm2ddl.SchemaExport.perform(427) : Syntax error or access violation,  message from server: "You have an error in your SQL syntax; check the manual that corresponds to your MySQL server version for the right syntax to use near 'type=InnoDB' at line 7"
[SCEC] 2017-03-30 08:50:56,159 ERROR org.hibernate.tool.hbm2ddl.SchemaExport.perform(426) : HHH000389: Unsuccessful: create table editarperfil (id bigint not null, usuario varchar(255) not null unique, contra varchar(255) not null, nombre varchar(255) not null, apellido varchar(255) not null, telefono varchar(255) not null, email varchar(255) not null, cp varchar(255) not null, pais varchar(255), ciudad varchar(255), estado varchar(255), primary key (id)) type=InnoDB
[SCEC] 2017-03-30 08:50:56,159 ERROR org.hibernate.tool.hbm2ddl.SchemaExport.perform(427) : Syntax error or access violation,  message from server: "You have an error in your SQL syntax; check the manual that corresponds to your MySQL server version for the right syntax to use near 'type=InnoDB' at line 14"
[SCEC] 2017-03-30 08:50:56,159 ERROR org.hibernate.tool.hbm2ddl.SchemaExport.perform(426) : HHH000389: Unsuccessful: create table evento (idEvento bigint not null, nombre varchar(255) not null unique, fecha varchar(255), primary key (idEvento)) type=InnoDB
[SCEC] 2017-03-30 08:50:56,159 ERROR org.hibernate.tool.hbm2ddl.SchemaExport.perform(427) : Syntax error or access violation,  message from server: "You have an error in your SQL syntax; check the manual that corresponds to your MySQL server version for the right syntax to use near 'type=InnoDB' at line 6"
[SCEC] 2017-03-30 08:50:56,159 ERROR org.hibernate.tool.hbm2ddl.SchemaExport.perform(426) : HHH000389: Unsuccessful: create table vehiculos (idVehiculo bigint not null, tipo varchar(255), modelo varchar(255), marca varchar(255), placa varchar(255), color varchar(255), curp varchar(255), primary key (idVehiculo)) type=InnoDB
[SCEC] 2017-03-30 08:50:56,159 ERROR org.hibernate.tool.hbm2ddl.SchemaExport.perform(427) : Syntax error or access violation,  message from server: "You have an error in your SQL syntax; check the manual that corresponds to your MySQL server version for the right syntax to use near 'type=InnoDB' at line 10"
[SCEC] 2017-03-30 08:50:56,159 ERROR org.hibernate.tool.hbm2ddl.SchemaExport.perform(426) : HHH000389: Unsuccessful: alter table UsuarioRol add index FK4CA33E1C7F566F0 (idRol), add constraint FK4CA33E1C7F566F0 foreign key (idRol) references Roles (idRol)
[SCEC] 2017-03-30 08:50:56,159 ERROR org.hibernate.tool.hbm2ddl.SchemaExport.perform(427) : Base table or view not found,  message from server: "Table 'manto.usuariorol' doesn't exist"
[SCEC] 2017-03-30 08:50:56,174 ERROR org.hibernate.tool.hbm2ddl.SchemaExport.perform(426) : HHH000389: Unsuccessful: alter table UsuarioRol add index FK4CA33E1BC6DE0AE (idUsuario), add constraint FK4CA33E1BC6DE0AE foreign key (idUsuario) references Usuarios (idUsuario)
[SCEC] 2017-03-30 08:50:56,174 ERROR org.hibernate.tool.hbm2ddl.SchemaExport.perform(427) : Base table or view not found,  message from server: "Table 'manto.usuariorol' doesn't exist"
[SCEC] 2017-03-30 08:50:56,174 DEBUG edu.uag.iidis.scec.persistencia.hibernate.HibernateUtil.beginTransaction(230) : >beginTransaction()
[SCEC] 2017-03-30 08:50:56,174 DEBUG edu.uag.iidis.scec.persistencia.hibernate.HibernateUtil.beginTransaction(237) : -Iniciando una nueva transacción de base de datos en este thread.
[SCEC] 2017-03-30 08:50:56,174 DEBUG edu.uag.iidis.scec.persistencia.hibernate.HibernateUtil.getSession(160) : >getSession()
[SCEC] 2017-03-30 08:50:56,174 DEBUG edu.uag.iidis.scec.persistencia.hibernate.HibernateUtil.getSession(167) : -Abriendo una nueva sesión para el thread.
[SCEC] 2017-03-30 08:50:56,174 DEBUG edu.uag.iidis.scec.persistencia.UsuarioDAO.hazPersistente(186) : >hazPersistente(usuario)
[SCEC] 2017-03-30 08:50:56,174 DEBUG edu.uag.iidis.scec.persistencia.hibernate.HibernateUtil.getSession(160) : >getSession()
Hibernate: select max(idUsuario) from Usuarios
[SCEC] 2017-03-30 08:50:56,174  WARN org.hibernate.engine.jdbc.spi.SqlExceptionHelper.logExceptions(143) : SQL Error: 1146, SQLState: 42S02
[SCEC] 2017-03-30 08:50:56,174 ERROR org.hibernate.engine.jdbc.spi.SqlExceptionHelper.logExceptions(144) : Base table or view not found,  message from server: "Table 'manto.usuarios' doesn't exist"
[SCEC] 2017-03-30 08:50:56,174  WARN edu.uag.iidis.scec.persistencia.UsuarioDAO.hazPersistente(196) : <HibernateException
[SCEC] 2017-03-30 08:50:56,174 DEBUG edu.uag.iidis.scec.persistencia.hibernate.HibernateUtil.rollbackTransaction(287) : >rollbackTransaction()
[SCEC] 2017-03-30 08:50:56,174 DEBUG edu.uag.iidis.scec.persistencia.hibernate.HibernateUtil.rollbackTransaction(295) : -Intentando deshacer la transacción para este thread.
[SCEC] 2017-03-30 08:50:56,174 DEBUG edu.uag.iidis.scec.persistencia.hibernate.HibernateUtil.rollbackTransaction(304) : -Intentando cerrar la sesión.
[SCEC] 2017-03-30 08:50:56,174 DEBUG edu.uag.iidis.scec.persistencia.hibernate.HibernateUtil.closeSession(204) : >closeSession()
[SCEC] 2017-03-30 08:50:56,174 DEBUG edu.uag.iidis.scec.persistencia.hibernate.HibernateUtil.closeSession(212) : -Cerrando la sesión local al thread.
[SCEC] 2017-03-30 08:50:56,174 DEBUG edu.uag.iidis.scec.persistencia.hibernate.HibernateUtil.closeSession(204) : >closeSession()
[SCEC] 2017-03-30 08:50:56,174 DEBUG edu.uag.iidis.scec.persistencia.UsuarioDAO.buscarTodos(100) : >buscarTodos()
[SCEC] 2017-03-30 08:50:56,174 DEBUG edu.uag.iidis.scec.persistencia.hibernate.HibernateUtil.getSession(160) : >getSession()
[SCEC] 2017-03-30 08:50:56,174 DEBUG edu.uag.iidis.scec.persistencia.hibernate.HibernateUtil.getSession(167) : -Abriendo una nueva sesión para el thread.
Hibernate: select this_.idUsuario as idUsuario0_0_, this_.nombrePrefijo as nombrePr2_0_0_, this_.nombreNombre as nombreNo3_0_0_, this_.nombreApellidoPaterno as nombreAp4_0_0_, this_.nombreApellidoMaterno as nombreAp5_0_0_, this_.nombrePosfijo as nombrePo6_0_0_, this_.nombreIniciales as nombreIn7_0_0_, this_.nombreUsuario as nombreUs8_0_0_, this_.claveAcceso as claveAcc9_0_0_ from Usuarios this_
[SCEC] 2017-03-30 08:50:56,190  WARN org.hibernate.engine.jdbc.spi.SqlExceptionHelper.logExceptions(143) : SQL Error: 1146, SQLState: 42S02
[SCEC] 2017-03-30 08:50:56,190 ERROR org.hibernate.engine.jdbc.spi.SqlExceptionHelper.logExceptions(144) : Base table or view not found,  message from server: "Table 'manto.usuarios' doesn't exist"
[SCEC] 2017-03-30 08:50:56,190  WARN edu.uag.iidis.scec.persistencia.UsuarioDAO.buscarTodos(109) : <HibernateException
[SCEC] 2017-03-30 08:50:56,190 DEBUG edu.uag.iidis.scec.persistencia.hibernate.HibernateUtil.closeSession(204) : >closeSession()
[SCEC] 2017-03-30 08:50:56,190 DEBUG edu.uag.iidis.scec.persistencia.hibernate.HibernateUtil.closeSession(212) : -Cerrando la sesión local al thread.
[SCEC] 2017-03-30 08:50:56,190 DEBUG edu.uag.iidis.scec.persistencia.hibernate.HibernateUtil.beginTransaction(230) : >beginTransaction()
[SCEC] 2017-03-30 08:50:56,190 DEBUG edu.uag.iidis.scec.persistencia.hibernate.HibernateUtil.beginTransaction(237) : -Iniciando una nueva transacción de base de datos en este thread.
[SCEC] 2017-03-30 08:50:56,190 DEBUG edu.uag.iidis.scec.persistencia.hibernate.HibernateUtil.getSession(160) : >getSession()
[SCEC] 2017-03-30 08:50:56,190 DEBUG edu.uag.iidis.scec.persistencia.hibernate.HibernateUtil.getSession(167) : -Abriendo una nueva sesión para el thread.
[SCEC] 2017-03-30 08:50:56,190 DEBUG edu.uag.iidis.scec.persistencia.UsuarioDAO.buscarPorId(33) : >buscarPorID(1, false)
[SCEC] 2017-03-30 08:50:56,190 DEBUG edu.uag.iidis.scec.persistencia.hibernate.HibernateUtil.getSession(160) : >getSession()
Hibernate: select usuario0_.idUsuario as idUsuario0_0_, usuario0_.nombrePrefijo as nombrePr2_0_0_, usuario0_.nombreNombre as nombreNo3_0_0_, usuario0_.nombreApellidoPaterno as nombreAp4_0_0_, usuario0_.nombreApellidoMaterno as nombreAp5_0_0_, usuario0_.nombrePosfijo as nombrePo6_0_0_, usuario0_.nombreIniciales as nombreIn7_0_0_, usuario0_.nombreUsuario as nombreUs8_0_0_, usuario0_.claveAcceso as claveAcc9_0_0_ from Usuarios usuario0_ where usuario0_.idUsuario=?
[SCEC] 2017-03-30 08:50:56,206  WARN org.hibernate.engine.jdbc.spi.SqlExceptionHelper.logExceptions(143) : SQL Error: 1146, SQLState: 42S02
[SCEC] 2017-03-30 08:50:56,206 ERROR org.hibernate.engine.jdbc.spi.SqlExceptionHelper.logExceptions(144) : Base table or view not found,  message from server: "Table 'manto.usuarios' doesn't exist"
[SCEC] 2017-03-30 08:50:56,206 DEBUG edu.uag.iidis.scec.persistencia.hibernate.HibernateUtil.rollbackTransaction(287) : >rollbackTransaction()
[SCEC] 2017-03-30 08:50:56,206 DEBUG edu.uag.iidis.scec.persistencia.hibernate.HibernateUtil.rollbackTransaction(295) : -Intentando deshacer la transacción para este thread.
[SCEC] 2017-03-30 08:50:56,206 DEBUG edu.uag.iidis.scec.persistencia.hibernate.HibernateUtil.rollbackTransaction(304) : -Intentando cerrar la sesión.
[SCEC] 2017-03-30 08:50:56,206 DEBUG edu.uag.iidis.scec.persistencia.hibernate.HibernateUtil.closeSession(204) : >closeSession()
[SCEC] 2017-03-30 08:50:56,206 DEBUG edu.uag.iidis.scec.persistencia.hibernate.HibernateUtil.closeSession(212) : -Cerrando la sesión local al thread.
[SCEC] 2017-03-30 08:50:56,206 DEBUG edu.uag.iidis.scec.persistencia.hibernate.HibernateUtil.closeSession(204) : >closeSession()
[SCEC] 2017-03-30 08:50:56,206 DEBUG edu.uag.iidis.scec.persistencia.UsuarioDAO.buscarPorId(33) : >buscarPorID(1, false)
[SCEC] 2017-03-30 08:50:56,206 DEBUG edu.uag.iidis.scec.persistencia.hibernate.HibernateUtil.getSession(160) : >getSession()
[SCEC] 2017-03-30 08:50:56,206 DEBUG edu.uag.iidis.scec.persistencia.hibernate.HibernateUtil.getSession(167) : -Abriendo una nueva sesión para el thread.
Hibernate: select usuario0_.idUsuario as idUsuario0_0_, usuario0_.nombrePrefijo as nombrePr2_0_0_, usuario0_.nombreNombre as nombreNo3_0_0_, usuario0_.nombreApellidoPaterno as nombreAp4_0_0_, usuario0_.nombreApellidoMaterno as nombreAp5_0_0_, usuario0_.nombrePosfijo as nombrePo6_0_0_, usuario0_.nombreIniciales as nombreIn7_0_0_, usuario0_.nombreUsuario as nombreUs8_0_0_, usuario0_.claveAcceso as claveAcc9_0_0_ from Usuarios usuario0_ where usuario0_.idUsuario=?
[SCEC] 2017-03-30 08:50:56,206  WARN org.hibernate.engine.jdbc.spi.SqlExceptionHelper.logExceptions(143) : SQL Error: 1146, SQLState: 42S02
[SCEC] 2017-03-30 08:50:56,206 ERROR org.hibernate.engine.jdbc.spi.SqlExceptionHelper.logExceptions(144) : Base table or view not found,  message from server: "Table 'manto.usuarios' doesn't exist"
[SCEC] 2017-03-30 08:50:56,206 DEBUG edu.uag.iidis.scec.persistencia.hibernate.HibernateUtil.closeSession(204) : >closeSession()
[SCEC] 2017-03-30 08:50:56,206 DEBUG edu.uag.iidis.scec.persistencia.hibernate.HibernateUtil.closeSession(212) : -Cerrando la sesión local al thread.
[SCEC] 2017-03-30 08:50:56,206 DEBUG edu.uag.iidis.scec.persistencia.hibernate.HibernateUtil.beginTransaction(230) : >beginTransaction()
[SCEC] 2017-03-30 08:50:56,206 DEBUG edu.uag.iidis.scec.persistencia.hibernate.HibernateUtil.beginTransaction(237) : -Iniciando una nueva transacción de base de datos en este thread.
[SCEC] 2017-03-30 08:50:56,206 DEBUG edu.uag.iidis.scec.persistencia.hibernate.HibernateUtil.getSession(160) : >getSession()
[SCEC] 2017-03-30 08:50:56,206 DEBUG edu.uag.iidis.scec.persistencia.hibernate.HibernateUtil.getSession(167) : -Abriendo una nueva sesión para el thread.
[SCEC] 2017-03-30 08:50:56,206 DEBUG edu.uag.iidis.scec.persistencia.RolDAO.buscarPorId(33) : >buscarPorID(2, false)
[SCEC] 2017-03-30 08:50:56,206 DEBUG edu.uag.iidis.scec.persistencia.hibernate.HibernateUtil.getSession(160) : >getSession()
[SCEC] 2017-03-30 08:50:56,206 DEBUG edu.uag.iidis.scec.persistencia.UsuarioDAO.buscarPorId(33) : >buscarPorID(1, false)
[SCEC] 2017-03-30 08:50:56,206 DEBUG edu.uag.iidis.scec.persistencia.hibernate.HibernateUtil.getSession(160) : >getSession()
Hibernate: select usuario0_.idUsuario as idUsuario0_0_, usuario0_.nombrePrefijo as nombrePr2_0_0_, usuario0_.nombreNombre as nombreNo3_0_0_, usuario0_.nombreApellidoPaterno as nombreAp4_0_0_, usuario0_.nombreApellidoMaterno as nombreAp5_0_0_, usuario0_.nombrePosfijo as nombrePo6_0_0_, usuario0_.nombreIniciales as nombreIn7_0_0_, usuario0_.nombreUsuario as nombreUs8_0_0_, usuario0_.claveAcceso as claveAcc9_0_0_ from Usuarios usuario0_ where usuario0_.idUsuario=?
[SCEC] 2017-03-30 08:50:56,206  WARN org.hibernate.engine.jdbc.spi.SqlExceptionHelper.logExceptions(143) : SQL Error: 1146, SQLState: 42S02
[SCEC] 2017-03-30 08:50:56,206 ERROR org.hibernate.engine.jdbc.spi.SqlExceptionHelper.logExceptions(144) : Base table or view not found,  message from server: "Table 'manto.usuarios' doesn't exist"
[SCEC] 2017-03-30 08:50:56,206 DEBUG edu.uag.iidis.scec.persistencia.hibernate.HibernateUtil.closeSession(204) : >closeSession()
[SCEC] 2017-03-30 08:50:56,206 DEBUG edu.uag.iidis.scec.persistencia.hibernate.HibernateUtil.closeSession(212) : -Cerrando la sesión local al thread.
[SCEC] 2017-03-30 08:50:56,221 DEBUG edu.uag.iidis.scec.persistencia.hibernate.HibernateUtil.beginTransaction(230) : >beginTransaction()
[SCEC] 2017-03-30 08:50:56,221 DEBUG edu.uag.iidis.scec.persistencia.UsuarioDAO.hazPersistente(186) : >hazPersistente(usuario)
[SCEC] 2017-03-30 08:50:56,221 DEBUG edu.uag.iidis.scec.persistencia.hibernate.HibernateUtil.getSession(160) : >getSession()
[SCEC] 2017-03-30 08:50:56,221 DEBUG edu.uag.iidis.scec.persistencia.hibernate.HibernateUtil.getSession(167) : -Abriendo una nueva sesión para el thread.
Hibernate: select max(idUsuario) from Usuarios
[SCEC] 2017-03-30 08:50:56,221  WARN org.hibernate.engine.jdbc.spi.SqlExceptionHelper.logExceptions(143) : SQL Error: 1146, SQLState: 42S02
[SCEC] 2017-03-30 08:50:56,221 ERROR org.hibernate.engine.jdbc.spi.SqlExceptionHelper.logExceptions(144) : Base table or view not found,  message from server: "Table 'manto.usuarios' doesn't exist"
[SCEC] 2017-03-30 08:50:56,221  WARN edu.uag.iidis.scec.persistencia.UsuarioDAO.hazPersistente(196) : <HibernateException
[SCEC] 2017-03-30 08:50:56,221 DEBUG edu.uag.iidis.scec.persistencia.hibernate.HibernateUtil.rollbackTransaction(287) : >rollbackTransaction()
[SCEC] 2017-03-30 08:50:56,221 DEBUG edu.uag.iidis.scec.persistencia.hibernate.HibernateUtil.rollbackTransaction(295) : -Intentando deshacer la transacción para este thread.
[SCEC] 2017-03-30 08:50:56,221 DEBUG edu.uag.iidis.scec.persistencia.hibernate.HibernateUtil.rollbackTransaction(304) : -Intentando cerrar la sesión.
[SCEC] 2017-03-30 08:50:56,221 DEBUG edu.uag.iidis.scec.persistencia.hibernate.HibernateUtil.closeSession(204) : >closeSession()
[SCEC] 2017-03-30 08:50:56,221 DEBUG edu.uag.iidis.scec.persistencia.hibernate.HibernateUtil.closeSession(212) : -Cerrando la sesión local al thread.
[SCEC] 2017-03-30 08:50:56,221 DEBUG edu.uag.iidis.scec.persistencia.hibernate.HibernateUtil.closeSession(204) : >closeSession()
[SCEC] 2017-03-30 08:50:56,221 DEBUG edu.uag.iidis.scec.persistencia.UsuarioDAO.buscarPorId(33) : >buscarPorID(1, false)
[SCEC] 2017-03-30 08:50:56,221 DEBUG edu.uag.iidis.scec.persistencia.hibernate.HibernateUtil.getSession(160) : >getSession()
[SCEC] 2017-03-30 08:50:56,221 DEBUG edu.uag.iidis.scec.persistencia.hibernate.HibernateUtil.getSession(167) : -Abriendo una nueva sesión para el thread.
Hibernate: select usuario0_.idUsuario as idUsuario0_0_, usuario0_.nombrePrefijo as nombrePr2_0_0_, usuario0_.nombreNombre as nombreNo3_0_0_, usuario0_.nombreApellidoPaterno as nombreAp4_0_0_, usuario0_.nombreApellidoMaterno as nombreAp5_0_0_, usuario0_.nombrePosfijo as nombrePo6_0_0_, usuario0_.nombreIniciales as nombreIn7_0_0_, usuario0_.nombreUsuario as nombreUs8_0_0_, usuario0_.claveAcceso as claveAcc9_0_0_ from Usuarios usuario0_ where usuario0_.idUsuario=?
[SCEC] 2017-03-30 08:50:56,221  WARN org.hibernate.engine.jdbc.spi.SqlExceptionHelper.logExceptions(143) : SQL Error: 1146, SQLState: 42S02
[SCEC] 2017-03-30 08:50:56,221 ERROR org.hibernate.engine.jdbc.spi.SqlExceptionHelper.logExceptions(144) : Base table or view not found,  message from server: "Table 'manto.usuarios' doesn't exist"
[SCEC] 2017-03-30 08:50:56,221 DEBUG edu.uag.iidis.scec.persistencia.hibernate.HibernateUtil.closeSession(204) : >closeSession()
[SCEC] 2017-03-30 08:50:56,221 DEBUG edu.uag.iidis.scec.persistencia.hibernate.HibernateUtil.closeSession(212) : -Cerrando la sesión local al thread.
[SCEC] 2017-03-30 08:50:56,221 DEBUG edu.uag.iidis.scec.persistencia.UsuarioDAO.buscarPorEjemplo(122) : >buscarPorEjemplo()
[SCEC] 2017-03-30 08:50:56,221 DEBUG edu.uag.iidis.scec.persistencia.hibernate.HibernateUtil.getSession(160) : >getSession()
[SCEC] 2017-03-30 08:50:56,221 DEBUG edu.uag.iidis.scec.persistencia.hibernate.HibernateUtil.getSession(167) : -Abriendo una nueva sesión para el thread.
Hibernate: select this_.idUsuario as idUsuario0_0_, this_.nombrePrefijo as nombrePr2_0_0_, this_.nombreNombre as nombreNo3_0_0_, this_.nombreApellidoPaterno as nombreAp4_0_0_, this_.nombreApellidoMaterno as nombreAp5_0_0_, this_.nombrePosfijo as nombrePo6_0_0_, this_.nombreIniciales as nombreIn7_0_0_, this_.nombreUsuario as nombreUs8_0_0_, this_.claveAcceso as claveAcc9_0_0_ from Usuarios this_ where (this_.nombreUsuario=?)
[SCEC] 2017-03-30 08:50:56,237  WARN org.hibernate.engine.jdbc.spi.SqlExceptionHelper.logExceptions(143) : SQL Error: 1146, SQLState: 42S02
[SCEC] 2017-03-30 08:50:56,237 ERROR org.hibernate.engine.jdbc.spi.SqlExceptionHelper.logExceptions(144) : Base table or view not found,  message from server: "Table 'manto.usuarios' doesn't exist"
[SCEC] 2017-03-30 08:50:56,237  WARN edu.uag.iidis.scec.persistencia.UsuarioDAO.buscarPorEjemplo(133) : <HibernateException
[SCEC] 2017-03-30 08:50:56,237 DEBUG edu.uag.iidis.scec.persistencia.hibernate.HibernateUtil.closeSession(204) : >closeSession()
[SCEC] 2017-03-30 08:50:56,237 DEBUG edu.uag.iidis.scec.persistencia.hibernate.HibernateUtil.closeSession(212) : -Cerrando la sesión local al thread.
]]></system-out>

      <system-err><![CDATA[]]></system-err>

  </testsuite>
  <testsuite errors="1" failures="1" hostname="UPChiapas-PC" id="1" name="PerfilDAOTest" package="edu.uag.iidis.scec.pruebas" skipped="0" tests="8" time="2.008" timestamp="2017-04-03T02:05:07">
      <properties>
[...]
</properties>

      <testcase classname="edu.uag.iidis.scec.pruebas.PerfilDAOTest" name="testCrearPerfilE" time="1.676" />

      <testcase classname="edu.uag.iidis.scec.pruebas.PerfilDAOTest" name="testCrearPerfilF" time="0.017">
          <error message="org.hibernate.exception.ConstraintViolationException: Duplicate key or integrity constraint violation,  message from server: &quot;Duplicate entry &apos;joss&apos; for key &apos;usuario&apos;&quot;" type="edu.uag.iidis.scec.excepciones.ExcepcionInfraestructura">edu.uag.iidis.scec.excepciones.ExcepcionInfraestructura: org.hibernate.exception.ConstraintViolationException: Duplicate key or integrity constraint violation,  message from server: &quot;Duplicate entry &apos;joss&apos; for key &apos;usuario&apos;&quot;
	at edu.uag.iidis.scec.persistencia.hibernate.HibernateUtil.commitTransaction(HibernateUtil.java:275)
	at edu.uag.iidis.scec.pruebas.PerfilDAOTest.testCrearPerfilF(PerfilDAOTest.java:47)
Caused by: org.hibernate.exception.ConstraintViolationException: Duplicate key or integrity constraint violation,  message from server: &quot;Duplicate entry &apos;joss&apos; for key &apos;usuario&apos;&quot;
	at org.hibernate.exception.internal.SQLStateConverter.convert(SQLStateConverter.java:104)
	at org.hibernate.engine.jdbc.spi.SqlExceptionHelper.convert(SqlExceptionHelper.java:125)
	at org.hibernate.engine.jdbc.spi.SqlExceptionHelper.convert(SqlExceptionHelper.java:110)
	at org.hibernate.engine.jdbc.internal.proxy.AbstractStatementProxyHandler.continueInvocation(AbstractStatementProxyHandler.java:129)
	at org.hibernate.engine.jdbc.internal.proxy.AbstractProxyHandler.invoke(AbstractProxyHandler.java:81)
	at com.sun.proxy.$Proxy5.executeUpdate(Unknown Source)
	at org.hibernate.engine.jdbc.batch.internal.NonBatchingBatch.addToBatch(NonBatchingBatch.java:56)
	at org.hibernate.persister.entity.AbstractEntityPersister.insert(AbstractEntityPersister.java:2849)
	at org.hibernate.persister.entity.AbstractEntityPersister.insert(AbstractEntityPersister.java:3290)
	at org.hibernate.action.internal.EntityInsertAction.execute(EntityInsertAction.java:80)
	at org.hibernate.engine.spi.ActionQueue.execute(ActionQueue.java:273)
	at org.hibernate.engine.spi.ActionQueue.executeActions(ActionQueue.java:265)
	at org.hibernate.engine.spi.ActionQueue.executeActions(ActionQueue.java:186)
	at org.hibernate.event.internal.AbstractFlushingEventListener.performExecutions(AbstractFlushingEventListener.java:323)
	at org.hibernate.event.internal.DefaultFlushEventListener.onFlush(DefaultFlushEventListener.java:52)
	at org.hibernate.internal.SessionImpl.flush(SessionImpl.java:1081)
	at org.hibernate.internal.SessionImpl.managedFlush(SessionImpl.java:315)
	at org.hibernate.engine.transaction.internal.jdbc.JdbcTransaction.beforeTransactionCommit(JdbcTransaction.java:101)
	at org.hibernate.engine.transaction.spi.AbstractTransactionImpl.commit(AbstractTransactionImpl.java:175)
	at edu.uag.iidis.scec.persistencia.hibernate.HibernateUtil.commitTransaction(HibernateUtil.java:266)
Caused by: java.sql.SQLException: Duplicate key or integrity constraint violation,  message from server: &quot;Duplicate entry &apos;joss&apos; for key &apos;usuario&apos;&quot;
	at com.mysql.jdbc.MysqlIO.checkErrorPacket(MysqlIO.java:1977)
	at com.mysql.jdbc.MysqlIO.sendCommand(MysqlIO.java:1163)
	at com.mysql.jdbc.MysqlIO.sqlQueryDirect(MysqlIO.java:1272)
	at com.mysql.jdbc.Connection.execSQL(Connection.java:2236)
	at com.mysql.jdbc.PreparedStatement.executeUpdate(PreparedStatement.java:1741)
	at com.mysql.jdbc.PreparedStatement.executeUpdate(PreparedStatement.java:1588)
	at org.hibernate.engine.jdbc.internal.proxy.AbstractStatementProxyHandler.continueInvocation(AbstractStatementProxyHandler.java:122)
</error>

      </testcase>

      <testcase classname="edu.uag.iidis.scec.pruebas.PerfilDAOTest" name="testOrdenarPerfilesPor" time="0.133" />

      <testcase classname="edu.uag.iidis.scec.pruebas.PerfilDAOTest" name="testUpdatePerfil" time="0.031" />

      <testcase classname="edu.uag.iidis.scec.pruebas.PerfilDAOTest" name="testBuscarTodos" time="0.071" />

      <testcase classname="edu.uag.iidis.scec.pruebas.PerfilDAOTest" name="testExistePerfilE" time="0.012" />

      <testcase classname="edu.uag.iidis.scec.pruebas.PerfilDAOTest" name="testExistePerflF" time="0.005">
          <failure type="junit.framework.AssertionFailedError">junit.framework.AssertionFailedError
	at edu.uag.iidis.scec.pruebas.PerfilDAOTest.testExistePerflF(PerfilDAOTest.java:131)
</failure>

      </testcase>

      <testcase classname="edu.uag.iidis.scec.pruebas.PerfilDAOTest" name="testEliminarPerfil" time="0.03" />

      <system-out><![CDATA[[SCEC] 2017-04-02 21:05:07,369 DEBUG edu.uag.iidis.scec.persistencia.hibernate.HibernateUtil.<clinit>(69) : >creando sessionFactory
[SCEC] 2017-04-02 21:05:08,714 DEBUG edu.uag.iidis.scec.persistencia.hibernate.HibernateUtil.beginTransaction(230) : >beginTransaction()
[SCEC] 2017-04-02 21:05:08,715 DEBUG edu.uag.iidis.scec.persistencia.hibernate.HibernateUtil.beginTransaction(237) : -Iniciando una nueva transacción de base de datos en este thread.
[SCEC] 2017-04-02 21:05:08,716 DEBUG edu.uag.iidis.scec.persistencia.hibernate.HibernateUtil.getSession(160) : >getSession()
[SCEC] 2017-04-02 21:05:08,717 DEBUG edu.uag.iidis.scec.persistencia.hibernate.HibernateUtil.getSession(167) : -Abriendo una nueva sesión para el thread.
[SCEC] 2017-04-02 21:05:08,767 DEBUG edu.uag.iidis.scec.persistencia.PerfilDAO.hazPersistente(120) : >hazPersistente(perfil)
[SCEC] 2017-04-02 21:05:08,767 DEBUG edu.uag.iidis.scec.persistencia.hibernate.HibernateUtil.getSession(160) : >getSession()
Hibernate: select max(id) from editarperfil
[SCEC] 2017-04-02 21:05:08,916 DEBUG edu.uag.iidis.scec.persistencia.hibernate.HibernateUtil.commitTransaction(256) : >commitTransaction()
[SCEC] 2017-04-02 21:05:08,916 DEBUG edu.uag.iidis.scec.persistencia.hibernate.HibernateUtil.commitTransaction(264) : -Comprometiendo la transacción de este thread.
Hibernate: insert into editarperfil (usuario, contra, nombre, apellido, telefono, email, cp, pais, ciudad, estado, id) values (?, ?, ?, ?, ?, ?, ?, ?, ?, ?, ?)
[SCEC] 2017-04-02 21:05:08,965 DEBUG edu.uag.iidis.scec.persistencia.hibernate.HibernateUtil.closeSession(204) : >closeSession()
[SCEC] 2017-04-02 21:05:08,965 DEBUG edu.uag.iidis.scec.persistencia.hibernate.HibernateUtil.closeSession(212) : -Cerrando la sesión local al thread.
[SCEC] 2017-04-02 21:05:08,970 DEBUG edu.uag.iidis.scec.persistencia.hibernate.HibernateUtil.beginTransaction(230) : >beginTransaction()
[SCEC] 2017-04-02 21:05:08,970 DEBUG edu.uag.iidis.scec.persistencia.hibernate.HibernateUtil.beginTransaction(237) : -Iniciando una nueva transacción de base de datos en este thread.
[SCEC] 2017-04-02 21:05:08,970 DEBUG edu.uag.iidis.scec.persistencia.hibernate.HibernateUtil.getSession(160) : >getSession()
[SCEC] 2017-04-02 21:05:08,970 DEBUG edu.uag.iidis.scec.persistencia.hibernate.HibernateUtil.getSession(167) : -Abriendo una nueva sesión para el thread.
[SCEC] 2017-04-02 21:05:08,971 DEBUG edu.uag.iidis.scec.persistencia.PerfilDAO.hazPersistente(120) : >hazPersistente(perfil)
[SCEC] 2017-04-02 21:05:08,972 DEBUG edu.uag.iidis.scec.persistencia.hibernate.HibernateUtil.getSession(160) : >getSession()
[SCEC] 2017-04-02 21:05:08,973 DEBUG edu.uag.iidis.scec.persistencia.hibernate.HibernateUtil.commitTransaction(256) : >commitTransaction()
[SCEC] 2017-04-02 21:05:08,973 DEBUG edu.uag.iidis.scec.persistencia.hibernate.HibernateUtil.commitTransaction(264) : -Comprometiendo la transacción de este thread.
Hibernate: insert into editarperfil (usuario, contra, nombre, apellido, telefono, email, cp, pais, ciudad, estado, id) values (?, ?, ?, ?, ?, ?, ?, ?, ?, ?, ?)
[SCEC] 2017-04-02 21:05:08,978  WARN org.hibernate.engine.jdbc.spi.SqlExceptionHelper.logExceptions(143) : SQL Error: 1062, SQLState: 23000
[SCEC] 2017-04-02 21:05:08,978 ERROR org.hibernate.engine.jdbc.spi.SqlExceptionHelper.logExceptions(144) : Duplicate key or integrity constraint violation,  message from server: "Duplicate entry 'joss' for key 'usuario'"
[SCEC] 2017-04-02 21:05:08,979 DEBUG edu.uag.iidis.scec.persistencia.hibernate.HibernateUtil.commitTransaction(271) : -Deshaciendo la transacción de este thread.
[SCEC] 2017-04-02 21:05:08,979 DEBUG edu.uag.iidis.scec.persistencia.hibernate.HibernateUtil.rollbackTransaction(287) : >rollbackTransaction()
[SCEC] 2017-04-02 21:05:08,979 DEBUG edu.uag.iidis.scec.persistencia.hibernate.HibernateUtil.rollbackTransaction(295) : -Intentando deshacer la transacción para este thread.
[SCEC] 2017-04-02 21:05:08,981 DEBUG edu.uag.iidis.scec.persistencia.hibernate.HibernateUtil.rollbackTransaction(304) : -Intentando cerrar la sesión.
[SCEC] 2017-04-02 21:05:08,981 DEBUG edu.uag.iidis.scec.persistencia.hibernate.HibernateUtil.closeSession(204) : >closeSession()
[SCEC] 2017-04-02 21:05:08,981 DEBUG edu.uag.iidis.scec.persistencia.hibernate.HibernateUtil.closeSession(212) : -Cerrando la sesión local al thread.
[SCEC] 2017-04-02 21:05:08,982 ERROR edu.uag.iidis.scec.persistencia.hibernate.HibernateUtil.commitTransaction(274) : <HibernateException
[SCEC] 2017-04-02 21:05:08,982 DEBUG edu.uag.iidis.scec.persistencia.hibernate.HibernateUtil.rollbackTransaction(287) : >rollbackTransaction()
[SCEC] 2017-04-02 21:05:08,982 DEBUG edu.uag.iidis.scec.persistencia.hibernate.HibernateUtil.rollbackTransaction(304) : -Intentando cerrar la sesión.
[SCEC] 2017-04-02 21:05:08,982 DEBUG edu.uag.iidis.scec.persistencia.hibernate.HibernateUtil.closeSession(204) : >closeSession()
[SCEC] 2017-04-02 21:05:08,982 DEBUG edu.uag.iidis.scec.persistencia.hibernate.HibernateUtil.closeSession(204) : >closeSession()
[SCEC] 2017-04-02 21:05:08,987 DEBUG edu.uag.iidis.scec.persistencia.hibernate.HibernateUtil.beginTransaction(230) : >beginTransaction()
[SCEC] 2017-04-02 21:05:08,988 DEBUG edu.uag.iidis.scec.persistencia.hibernate.HibernateUtil.beginTransaction(237) : -Iniciando una nueva transacción de base de datos en este thread.
[SCEC] 2017-04-02 21:05:08,988 DEBUG edu.uag.iidis.scec.persistencia.hibernate.HibernateUtil.getSession(160) : >getSession()
[SCEC] 2017-04-02 21:05:08,988 DEBUG edu.uag.iidis.scec.persistencia.hibernate.HibernateUtil.getSession(167) : -Abriendo una nueva sesión para el thread.
[SCEC] 2017-04-02 21:05:08,988 DEBUG edu.uag.iidis.scec.persistencia.PerfilDAO.hazPersistente(120) : >hazPersistente(perfil)
[SCEC] 2017-04-02 21:05:08,988 DEBUG edu.uag.iidis.scec.persistencia.hibernate.HibernateUtil.getSession(160) : >getSession()
[SCEC] 2017-04-02 21:05:08,989 DEBUG edu.uag.iidis.scec.persistencia.PerfilDAO.ordenarPerfilesPor(68) : >existePerfil(nombrePerfil)
[SCEC] 2017-04-02 21:05:08,989 DEBUG edu.uag.iidis.scec.persistencia.PerfilDAO.ordenarPerfilesPor(81) : from Perfil ORDER BY usuariousuario
[SCEC] 2017-04-02 21:05:08,989 DEBUG edu.uag.iidis.scec.persistencia.hibernate.HibernateUtil.getSession(160) : >getSession()
[SCEC] 2017-04-02 21:05:09,100 DEBUG edu.uag.iidis.scec.persistencia.PerfilDAO.ordenarPerfilesPor(87) : <<<<<<<<< create query ok 
[SCEC] 2017-04-02 21:05:09,101 DEBUG edu.uag.iidis.scec.persistencia.PerfilDAO.ordenarPerfilesPor(90) : <<<<<<<<< set Parameter ok antes del query list >>>>>
Hibernate: insert into editarperfil (usuario, contra, nombre, apellido, telefono, email, cp, pais, ciudad, estado, id) values (?, ?, ?, ?, ?, ?, ?, ?, ?, ?, ?)
Hibernate: select perfil0_.id as id10_, perfil0_.usuario as usuario10_, perfil0_.contra as contra10_, perfil0_.nombre as nombre10_, perfil0_.apellido as apellido10_, perfil0_.telefono as telefono10_, perfil0_.email as email10_, perfil0_.cp as cp10_, perfil0_.pais as pais10_, perfil0_.ciudad as ciudad10_, perfil0_.estado as estado10_ from editarperfil perfil0_ order by perfil0_.usuario
[SCEC] 2017-04-02 21:05:09,116 DEBUG edu.uag.iidis.scec.persistencia.PerfilDAO.ordenarPerfilesPor(95) : <<<<<<<<< Result size 4
[SCEC] 2017-04-02 21:05:09,116 DEBUG edu.uag.iidis.scec.persistencia.hibernate.HibernateUtil.commitTransaction(256) : >commitTransaction()
[SCEC] 2017-04-02 21:05:09,116 DEBUG edu.uag.iidis.scec.persistencia.hibernate.HibernateUtil.commitTransaction(264) : -Comprometiendo la transacción de este thread.
[SCEC] 2017-04-02 21:05:09,120 DEBUG edu.uag.iidis.scec.persistencia.hibernate.HibernateUtil.closeSession(204) : >closeSession()
[SCEC] 2017-04-02 21:05:09,120 DEBUG edu.uag.iidis.scec.persistencia.hibernate.HibernateUtil.closeSession(212) : -Cerrando la sesión local al thread.
[SCEC] 2017-04-02 21:05:09,120 DEBUG edu.uag.iidis.scec.persistencia.hibernate.HibernateUtil.beginTransaction(230) : >beginTransaction()
[SCEC] 2017-04-02 21:05:09,121 DEBUG edu.uag.iidis.scec.persistencia.hibernate.HibernateUtil.beginTransaction(237) : -Iniciando una nueva transacción de base de datos en este thread.
[SCEC] 2017-04-02 21:05:09,121 DEBUG edu.uag.iidis.scec.persistencia.hibernate.HibernateUtil.getSession(160) : >getSession()
[SCEC] 2017-04-02 21:05:09,121 DEBUG edu.uag.iidis.scec.persistencia.hibernate.HibernateUtil.getSession(167) : -Abriendo una nueva sesión para el thread.
[SCEC] 2017-04-02 21:05:09,121 DEBUG edu.uag.iidis.scec.persistencia.PerfilDAO.actualizaPerfil(262) : >hazPersistente(perfil)
[SCEC] 2017-04-02 21:05:09,121 DEBUG edu.uag.iidis.scec.persistencia.hibernate.HibernateUtil.getSession(160) : >getSession()
Hibernate: select perfil0_.id as id10_, perfil0_.usuario as usuario10_, perfil0_.contra as contra10_, perfil0_.nombre as nombre10_, perfil0_.apellido as apellido10_, perfil0_.telefono as telefono10_, perfil0_.email as email10_, perfil0_.cp as cp10_, perfil0_.pais as pais10_, perfil0_.ciudad as ciudad10_, perfil0_.estado as estado10_ from editarperfil perfil0_ where perfil0_.usuario=?
[SCEC] 2017-04-02 21:05:09,131 DEBUG edu.uag.iidis.scec.persistencia.hibernate.HibernateUtil.getSession(160) : >getSession()
[SCEC] 2017-04-02 21:05:09,132 DEBUG edu.uag.iidis.scec.persistencia.PerfilDAO.buscaPerfil(214) : > buscaPerfil(nombreUsuario)
[SCEC] 2017-04-02 21:05:09,132 DEBUG edu.uag.iidis.scec.persistencia.PerfilDAO.buscaPerfil(221) : from Perfil where usuario like 'joss%'joss
[SCEC] 2017-04-02 21:05:09,132 DEBUG edu.uag.iidis.scec.persistencia.hibernate.HibernateUtil.getSession(160) : >getSession()
[SCEC] 2017-04-02 21:05:09,137 DEBUG edu.uag.iidis.scec.persistencia.PerfilDAO.buscaPerfil(227) : <<<<<<<<< create query ok 
[SCEC] 2017-04-02 21:05:09,137 DEBUG edu.uag.iidis.scec.persistencia.PerfilDAO.buscaPerfil(232) : <<<<<<<<< set Parameter ok antes del query list >>>>>
Hibernate: update editarperfil set usuario=?, contra=?, nombre=?, apellido=?, telefono=?, email=?, cp=?, pais=?, ciudad=?, estado=? where id=?
Hibernate: select perfil0_.id as id10_, perfil0_.usuario as usuario10_, perfil0_.contra as contra10_, perfil0_.nombre as nombre10_, perfil0_.apellido as apellido10_, perfil0_.telefono as telefono10_, perfil0_.email as email10_, perfil0_.cp as cp10_, perfil0_.pais as pais10_, perfil0_.ciudad as ciudad10_, perfil0_.estado as estado10_ from editarperfil perfil0_ where perfil0_.usuario like 'joss%'
[SCEC] 2017-04-02 21:05:09,146 DEBUG edu.uag.iidis.scec.persistencia.PerfilDAO.buscaPerfil(237) : <<<<<<<<< Result size 1
[SCEC] 2017-04-02 21:05:09,146 DEBUG edu.uag.iidis.scec.persistencia.hibernate.HibernateUtil.commitTransaction(256) : >commitTransaction()
[SCEC] 2017-04-02 21:05:09,147 DEBUG edu.uag.iidis.scec.persistencia.hibernate.HibernateUtil.commitTransaction(264) : -Comprometiendo la transacción de este thread.
[SCEC] 2017-04-02 21:05:09,151 DEBUG edu.uag.iidis.scec.persistencia.hibernate.HibernateUtil.closeSession(204) : >closeSession()
[SCEC] 2017-04-02 21:05:09,151 DEBUG edu.uag.iidis.scec.persistencia.hibernate.HibernateUtil.closeSession(212) : -Cerrando la sesión local al thread.
[SCEC] 2017-04-02 21:05:09,152 DEBUG edu.uag.iidis.scec.persistencia.hibernate.HibernateUtil.beginTransaction(230) : >beginTransaction()
[SCEC] 2017-04-02 21:05:09,152 DEBUG edu.uag.iidis.scec.persistencia.hibernate.HibernateUtil.beginTransaction(237) : -Iniciando una nueva transacción de base de datos en este thread.
[SCEC] 2017-04-02 21:05:09,152 DEBUG edu.uag.iidis.scec.persistencia.hibernate.HibernateUtil.getSession(160) : >getSession()
[SCEC] 2017-04-02 21:05:09,152 DEBUG edu.uag.iidis.scec.persistencia.hibernate.HibernateUtil.getSession(167) : -Abriendo una nueva sesión para el thread.
[SCEC] 2017-04-02 21:05:09,152 DEBUG edu.uag.iidis.scec.persistencia.PerfilDAO.buscarTodos(38) : >buscarTodos()
[SCEC] 2017-04-02 21:05:09,152 DEBUG edu.uag.iidis.scec.persistencia.hibernate.HibernateUtil.getSession(160) : >getSession()
[...]
[SCEC] 2017-04-02 18:50:50,736 DEBUG edu.uag.iidis.scec.persistencia.hibernate.HibernateUtil.rollbackTransaction(304) : -Intentando cerrar la sesión.
[SCEC] 2017-04-02 18:50:50,736 DEBUG edu.uag.iidis.scec.persistencia.hibernate.HibernateUtil.closeSession(204) : >closeSession()
[SCEC] 2017-04-02 18:50:50,736 DEBUG edu.uag.iidis.scec.persistencia.hibernate.HibernateUtil.closeSession(212) : -Cerrando la sesión local al thread.
[SCEC] 2017-04-02 18:50:50,736 ERROR edu.uag.iidis.scec.persistencia.hibernate.HibernateUtil.commitTransaction(274) : <HibernateException
[SCEC] 2017-04-02 18:50:50,737 DEBUG edu.uag.iidis.scec.persistencia.hibernate.HibernateUtil.rollbackTransaction(287) : >rollbackTransaction()
[SCEC] 2017-04-02 18:50:50,737 DEBUG edu.uag.iidis.scec.persistencia.hibernate.HibernateUtil.rollbackTransaction(304) : -Intentando cerrar la sesión.
[SCEC] 2017-04-02 18:50:50,737 DEBUG edu.uag.iidis.scec.persistencia.hibernate.HibernateUtil.closeSession(204) : >closeSession()
[SCEC] 2017-04-02 18:50:50,737 DEBUG edu.uag.iidis.scec.persistencia.hibernate.HibernateUtil.closeSession(204) : >closeSession()
[SCEC] 2017-04-02 18:50:50,739 DEBUG edu.uag.iidis.scec.persistencia.hibernate.HibernateUtil.beginTransaction(230) : >beginTransaction()
[SCEC] 2017-04-02 18:50:50,739 DEBUG edu.uag.iidis.scec.persistencia.hibernate.HibernateUtil.beginTransaction(237) : -Iniciando una nueva transacción de base de datos en este thread.
[SCEC] 2017-04-02 18:50:50,739 DEBUG edu.uag.iidis.scec.persistencia.hibernate.HibernateUtil.getSession(160) : >getSession()
[SCEC] 2017-04-02 18:50:50,740 DEBUG edu.uag.iidis.scec.persistencia.hibernate.HibernateUtil.getSession(167) : -Abriendo una nueva sesión para el thread.
[SCEC] 2017-04-02 18:50:50,740 DEBUG edu.uag.iidis.scec.persistencia.VehiculoDAO.hazPersistenteP(124) : >hazPersistente(Vehiculo)
[SCEC] 2017-04-02 18:50:50,740 DEBUG edu.uag.iidis.scec.persistencia.hibernate.HibernateUtil.getSession(160) : >getSession()
Hibernate: select vehiculo0_.idVehiculo as idVehiculo8_, vehiculo0_.tipo as tipo8_, vehiculo0_.modelo as modelo8_, vehiculo0_.marca as marca8_, vehiculo0_.placa as placa8_, vehiculo0_.color as color8_, vehiculo0_.curp as curp8_ from vehiculos vehiculo0_ where vehiculo0_.placa=?
[SCEC] 2017-04-02 18:50:50,860 DEBUG edu.uag.iidis.scec.persistencia.hibernate.HibernateUtil.rollbackTransaction(287) : >rollbackTransaction()
[SCEC] 2017-04-02 18:50:50,861 DEBUG edu.uag.iidis.scec.persistencia.hibernate.HibernateUtil.rollbackTransaction(295) : -Intentando deshacer la transacción para este thread.
[SCEC] 2017-04-02 18:50:50,861 DEBUG edu.uag.iidis.scec.persistencia.hibernate.HibernateUtil.rollbackTransaction(304) : -Intentando cerrar la sesión.
[SCEC] 2017-04-02 18:50:50,861 DEBUG edu.uag.iidis.scec.persistencia.hibernate.HibernateUtil.closeSession(204) : >closeSession()
[SCEC] 2017-04-02 18:50:50,861 DEBUG edu.uag.iidis.scec.persistencia.hibernate.HibernateUtil.closeSession(212) : -Cerrando la sesión local al thread.
[SCEC] 2017-04-02 18:50:50,862 DEBUG edu.uag.iidis.scec.persistencia.hibernate.HibernateUtil.closeSession(204) : >closeSession()
[SCEC] 2017-04-02 18:50:50,863 DEBUG edu.uag.iidis.scec.persistencia.hibernate.HibernateUtil.beginTransaction(230) : >beginTransaction()
[SCEC] 2017-04-02 18:50:50,863 DEBUG edu.uag.iidis.scec.persistencia.hibernate.HibernateUtil.beginTransaction(237) : -Iniciando una nueva transacción de base de datos en este thread.
[SCEC] 2017-04-02 18:50:50,864 DEBUG edu.uag.iidis.scec.persistencia.hibernate.HibernateUtil.getSession(160) : >getSession()
[SCEC] 2017-04-02 18:50:50,864 DEBUG edu.uag.iidis.scec.persistencia.hibernate.HibernateUtil.getSession(167) : -Abriendo una nueva sesión para el thread.
[SCEC] 2017-04-02 18:50:50,864 DEBUG edu.uag.iidis.scec.persistencia.VehiculoDAO.hazPersistenteP(124) : >hazPersistente(Vehiculo)
[SCEC] 2017-04-02 18:50:50,864 DEBUG edu.uag.iidis.scec.persistencia.hibernate.HibernateUtil.getSession(160) : >getSession()
Hibernate: select vehiculo0_.idVehiculo as idVehiculo8_, vehiculo0_.tipo as tipo8_, vehiculo0_.modelo as modelo8_, vehiculo0_.marca as marca8_, vehiculo0_.placa as placa8_, vehiculo0_.color as color8_, vehiculo0_.curp as curp8_ from vehiculos vehiculo0_ where vehiculo0_.placa=?
[SCEC] 2017-04-02 18:50:50,872 DEBUG edu.uag.iidis.scec.persistencia.hibernate.HibernateUtil.getSession(160) : >getSession()
[SCEC] 2017-04-02 18:50:50,872 DEBUG edu.uag.iidis.scec.persistencia.VehiculoDAO.buscarVehiculosPlaca(281) : >buscarVehiculos(placa)
[SCEC] 2017-04-02 18:50:50,872 DEBUG edu.uag.iidis.scec.persistencia.VehiculoDAO.buscarVehiculosPlaca(289) : from Vehiculo where placa like 'HOI89H%'HOI89H
[SCEC] 2017-04-02 18:50:50,873 DEBUG edu.uag.iidis.scec.persistencia.hibernate.HibernateUtil.getSession(160) : >getSession()
Hibernate: select vehiculo0_.idVehiculo as idVehiculo8_, vehiculo0_.tipo as tipo8_, vehiculo0_.modelo as modelo8_, vehiculo0_.marca as marca8_, vehiculo0_.placa as placa8_, vehiculo0_.color as color8_, vehiculo0_.curp as curp8_ from vehiculos vehiculo0_ where vehiculo0_.placa like 'HOI89H%'
[SCEC] 2017-04-02 18:50:50,879 DEBUG edu.uag.iidis.scec.persistencia.VehiculoDAO.buscarVehiculosPlaca(295) : <<<<<<<<< create query ok 
[SCEC] 2017-04-02 18:50:50,880 DEBUG edu.uag.iidis.scec.persistencia.VehiculoDAO.buscarVehiculosPlaca(298) : <<<<<<<<< set Parameter ok antes del query list >>>>>
[SCEC] 2017-04-02 18:50:50,880 DEBUG edu.uag.iidis.scec.persistencia.hibernate.HibernateUtil.commitTransaction(256) : >commitTransaction()
[SCEC] 2017-04-02 18:50:50,880 DEBUG edu.uag.iidis.scec.persistencia.hibernate.HibernateUtil.commitTransaction(264) : -Comprometiendo la transacción de este thread.
[SCEC] 2017-04-02 18:50:50,881 DEBUG edu.uag.iidis.scec.persistencia.hibernate.HibernateUtil.closeSession(204) : >closeSession()
[SCEC] 2017-04-02 18:50:50,881 DEBUG edu.uag.iidis.scec.persistencia.hibernate.HibernateUtil.closeSession(212) : -Cerrando la sesión local al thread.
[SCEC] 2017-04-02 18:50:50,881 DEBUG edu.uag.iidis.scec.persistencia.hibernate.HibernateUtil.beginTransaction(230) : >beginTransaction()
[SCEC] 2017-04-02 18:50:50,882 DEBUG edu.uag.iidis.scec.persistencia.hibernate.HibernateUtil.beginTransaction(237) : -Iniciando una nueva transacción de base de datos en este thread.
[SCEC] 2017-04-02 18:50:50,882 DEBUG edu.uag.iidis.scec.persistencia.hibernate.HibernateUtil.getSession(160) : >getSession()
[SCEC] 2017-04-02 18:50:50,882 DEBUG edu.uag.iidis.scec.persistencia.hibernate.HibernateUtil.getSession(167) : -Abriendo una nueva sesión para el thread.
[SCEC] 2017-04-02 18:50:50,882 DEBUG edu.uag.iidis.scec.persistencia.VehiculoDAO.hazTransitorio(156) : >hazTransitorio(Vehiculo)
[SCEC] 2017-04-02 18:50:50,882 DEBUG edu.uag.iidis.scec.persistencia.hibernate.HibernateUtil.getSession(160) : >getSession()
Hibernate: select vehiculo0_.idVehiculo as idVehiculo8_, vehiculo0_.tipo as tipo8_, vehiculo0_.modelo as modelo8_, vehiculo0_.marca as marca8_, vehiculo0_.placa as placa8_, vehiculo0_.color as color8_, vehiculo0_.curp as curp8_ from vehiculos vehiculo0_ where vehiculo0_.placa=?
[SCEC] 2017-04-02 18:50:50,883 DEBUG edu.uag.iidis.scec.persistencia.hibernate.HibernateUtil.getSession(160) : >getSession()
[SCEC] 2017-04-02 18:50:50,884 DEBUG edu.uag.iidis.scec.persistencia.hibernate.HibernateUtil.rollbackTransaction(287) : >rollbackTransaction()
[SCEC] 2017-04-02 18:50:50,884 DEBUG edu.uag.iidis.scec.persistencia.hibernate.HibernateUtil.rollbackTransaction(295) : -Intentando deshacer la transacción para este thread.
[SCEC] 2017-04-02 18:50:50,885 DEBUG edu.uag.iidis.scec.persistencia.hibernate.HibernateUtil.rollbackTransaction(304) : -Intentando cerrar la sesión.
[SCEC] 2017-04-02 18:50:50,885 DEBUG edu.uag.iidis.scec.persistencia.hibernate.HibernateUtil.closeSession(204) : >closeSession()
[SCEC] 2017-04-02 18:50:50,885 DEBUG edu.uag.iidis.scec.persistencia.hibernate.HibernateUtil.closeSession(212) : -Cerrando la sesión local al thread.
[SCEC] 2017-04-02 18:50:50,885 DEBUG edu.uag.iidis.scec.persistencia.hibernate.HibernateUtil.closeSession(204) : >closeSession()
[SCEC] 2017-04-02 18:50:50,886 DEBUG edu.uag.iidis.scec.persistencia.hibernate.HibernateUtil.beginTransaction(230) : >beginTransaction()
[SCEC] 2017-04-02 18:50:50,886 DEBUG edu.uag.iidis.scec.persistencia.hibernate.HibernateUtil.beginTransaction(237) : -Iniciando una nueva transacción de base de datos en este thread.
[SCEC] 2017-04-02 18:50:50,886 DEBUG edu.uag.iidis.scec.persistencia.hibernate.HibernateUtil.getSession(160) : >getSession()
[SCEC] 2017-04-02 18:50:50,887 DEBUG edu.uag.iidis.scec.persistencia.hibernate.HibernateUtil.getSession(167) : -Abriendo una nueva sesión para el thread.
[SCEC] 2017-04-02 18:50:50,887 DEBUG edu.uag.iidis.scec.persistencia.VehiculoDAO.buscarTodos(73) : >buscarTodos()
[SCEC] 2017-04-02 18:50:50,887 DEBUG edu.uag.iidis.scec.persistencia.hibernate.HibernateUtil.getSession(160) : >getSession()
Hibernate: select this_.idVehiculo as idVehiculo8_0_, this_.tipo as tipo8_0_, this_.modelo as modelo8_0_, this_.marca as marca8_0_, this_.placa as placa8_0_, this_.color as color8_0_, this_.curp as curp8_0_ from vehiculos this_
[SCEC] 2017-04-02 18:50:50,946 DEBUG edu.uag.iidis.scec.persistencia.VehiculoDAO.buscarTodos(81) : >buscarTodos() ---- list   4
[SCEC] 2017-04-02 18:50:50,952 DEBUG edu.uag.iidis.scec.persistencia.VehiculoDAO.buscarTodos(82) : >buscarTodos() ---- contenido   [edu.uag.iidis.scec.modelo.Vehiculo@5ac86ba5[
  id=6
  tipo=automovil
  modelo=2015
  marca=FORD
  placa=HOI89H
  color=Azul
  curp=SHJO960414HTCLRV08
], edu.uag.iidis.scec.modelo.Vehiculo@2c9399a4[
  id=8
  tipo=automovil
  modelo=2002
  marca=FORD
  placa=AHI98G
  color=ROJO
  curp=FOHJ960414HMCLRV09
], edu.uag.iidis.scec.modelo.Vehiculo@9635fa[
  id=10
  tipo=automovil
  modelo=1999
  marca=Peugeut
  placa=OIUP2U3
  color=Blanco
  curp=Aaaa00000
], edu.uag.iidis.scec.modelo.Vehiculo@53ab0286[
  id=11
  tipo=automovil
  modelo=1999
  marca=FORD
  placa=QWER82
  color=Rojo
  curp=ABHY991214JOYHRV09
]]
[SCEC] 2017-04-02 18:50:50,953 DEBUG edu.uag.iidis.scec.persistencia.hibernate.HibernateUtil.commitTransaction(256) : >commitTransaction()
[SCEC] 2017-04-02 18:50:50,953 DEBUG edu.uag.iidis.scec.persistencia.hibernate.HibernateUtil.commitTransaction(264) : -Comprometiendo la transacción de este thread.
[SCEC] 2017-04-02 18:50:50,953 DEBUG edu.uag.iidis.scec.persistencia.hibernate.HibernateUtil.closeSession(204) : >closeSession()
[SCEC] 2017-04-02 18:50:50,954 DEBUG edu.uag.iidis.scec.persistencia.hibernate.HibernateUtil.closeSession(212) : -Cerrando la sesión local al thread.
[SCEC] 2017-04-02 18:50:50,954 DEBUG edu.uag.iidis.scec.persistencia.hibernate.HibernateUtil.beginTransaction(230) : >beginTransaction()
[SCEC] 2017-04-02 18:50:50,954 DEBUG edu.uag.iidis.scec.persistencia.hibernate.HibernateUtil.beginTransaction(237) : -Iniciando una nueva transacción de base de datos en este thread.
[SCEC] 2017-04-02 18:50:50,954 DEBUG edu.uag.iidis.scec.persistencia.hibernate.HibernateUtil.getSession(160) : >getSession()
[SCEC] 2017-04-02 18:50:50,954 DEBUG edu.uag.iidis.scec.persistencia.hibernate.HibernateUtil.getSession(167) : -Abriendo una nueva sesión para el thread.
[SCEC] 2017-04-02 18:50:50,955 DEBUG edu.uag.iidis.scec.persistencia.VehiculoDAO.hazPersistente(103) : >hazPersistente(Vehiculo)
[SCEC] 2017-04-02 18:50:50,955 DEBUG edu.uag.iidis.scec.persistencia.hibernate.HibernateUtil.getSession(160) : >getSession()
[SCEC] 2017-04-02 18:50:50,955 DEBUG edu.uag.iidis.scec.persistencia.VehiculoDAO.ordenarVehiculosPor(325) : >existeRol(nombreRol)
[SCEC] 2017-04-02 18:50:50,955 DEBUG edu.uag.iidis.scec.persistencia.VehiculoDAO.ordenarVehiculosPor(338) : from Vehiculo ORDER BY curpcurp
[SCEC] 2017-04-02 18:50:50,955 DEBUG edu.uag.iidis.scec.persistencia.hibernate.HibernateUtil.getSession(160) : >getSession()
[SCEC] 2017-04-02 18:50:50,958 DEBUG edu.uag.iidis.scec.persistencia.VehiculoDAO.ordenarVehiculosPor(344) : <<<<<<<<< create query ok 
[SCEC] 2017-04-02 18:50:50,959 DEBUG edu.uag.iidis.scec.persistencia.VehiculoDAO.ordenarVehiculosPor(347) : <<<<<<<<< set Parameter ok antes del query list >>>>>
Hibernate: insert into vehiculos (tipo, modelo, marca, placa, color, curp, idVehiculo) values (?, ?, ?, ?, ?, ?, ?)
[SCEC] 2017-04-02 18:50:50,960  WARN org.hibernate.engine.jdbc.spi.SqlExceptionHelper.logExceptions(143) : SQL Error: 1062, SQLState: 23000
[SCEC] 2017-04-02 18:50:50,960 ERROR org.hibernate.engine.jdbc.spi.SqlExceptionHelper.logExceptions(144) : Duplicate key or integrity constraint violation,  message from server: "Duplicate entry 'OIUP2U3' for key 'placa_UNIQUE'"
[SCEC] 2017-04-02 18:50:50,960  WARN edu.uag.iidis.scec.persistencia.VehiculoDAO.ordenarVehiculosPor(362) : <HibernateException *******************
[SCEC] 2017-04-02 18:50:50,961 DEBUG edu.uag.iidis.scec.persistencia.hibernate.HibernateUtil.rollbackTransaction(287) : >rollbackTransaction()
[SCEC] 2017-04-02 18:50:50,961 DEBUG edu.uag.iidis.scec.persistencia.hibernate.HibernateUtil.rollbackTransaction(295) : -Intentando deshacer la transacción para este thread.
[SCEC] 2017-04-02 18:50:50,962 DEBUG edu.uag.iidis.scec.persistencia.hibernate.HibernateUtil.rollbackTransaction(304) : -Intentando cerrar la sesión.
[SCEC] 2017-04-02 18:50:50,962 DEBUG edu.uag.iidis.scec.persistencia.hibernate.HibernateUtil.closeSession(204) : >closeSession()
[SCEC] 2017-04-02 18:50:50,962 DEBUG edu.uag.iidis.scec.persistencia.hibernate.HibernateUtil.closeSession(212) : -Cerrando la sesión local al thread.
[SCEC] 2017-04-02 18:50:50,963 DEBUG edu.uag.iidis.scec.persistencia.hibernate.HibernateUtil.closeSession(204) : >closeSession()
[SCEC] 2017-04-02 18:50:50,965 DEBUG edu.uag.iidis.scec.persistencia.hibernate.HibernateUtil.beginTransaction(230) : >beginTransaction()
[SCEC] 2017-04-02 18:50:50,965 DEBUG edu.uag.iidis.scec.persistencia.hibernate.HibernateUtil.beginTransaction(237) : -Iniciando una nueva transacción de base de datos en este thread.
[SCEC] 2017-04-02 18:50:50,965 DEBUG edu.uag.iidis.scec.persistencia.hibernate.HibernateUtil.getSession(160) : >getSession()
[SCEC] 2017-04-02 18:50:50,965 DEBUG edu.uag.iidis.scec.persistencia.hibernate.HibernateUtil.getSession(167) : -Abriendo una nueva sesión para el thread.
[SCEC] 2017-04-02 18:50:50,965 DEBUG edu.uag.iidis.scec.persistencia.VehiculoDAO.hazPersistente(103) : >hazPersistente(Vehiculo)
[SCEC] 2017-04-02 18:50:50,966 DEBUG edu.uag.iidis.scec.persistencia.hibernate.HibernateUtil.getSession(160) : >getSession()
[SCEC] 2017-04-02 18:50:50,966 DEBUG edu.uag.iidis.scec.persistencia.VehiculoDAO.existeVehiculo(182) : >existeRol(nombreRol)
[SCEC] 2017-04-02 18:50:50,966 DEBUG edu.uag.iidis.scec.persistencia.VehiculoDAO.existeVehiculo(192) : select placa from Vehiculo where placa = :nombreQWER82
[SCEC] 2017-04-02 18:50:50,966 DEBUG edu.uag.iidis.scec.persistencia.hibernate.HibernateUtil.getSession(160) : >getSession()
[SCEC] 2017-04-02 18:50:50,970 DEBUG edu.uag.iidis.scec.persistencia.VehiculoDAO.existeVehiculo(198) : <<<<<<<<< create query ok 
[SCEC] 2017-04-02 18:50:50,970 DEBUG edu.uag.iidis.scec.persistencia.VehiculoDAO.existeVehiculo(203) : <<<<<<<<< set Parameter ok antes del query list >>>>>
Hibernate: insert into vehiculos (tipo, modelo, marca, placa, color, curp, idVehiculo) values (?, ?, ?, ?, ?, ?, ?)
[SCEC] 2017-04-02 18:50:50,973  WARN org.hibernate.engine.jdbc.spi.SqlExceptionHelper.logExceptions(143) : SQL Error: 1062, SQLState: 23000
[SCEC] 2017-04-02 18:50:50,974 ERROR org.hibernate.engine.jdbc.spi.SqlExceptionHelper.logExceptions(144) : Duplicate key or integrity constraint violation,  message from server: "Duplicate entry 'QWER82' for key 'placa_UNIQUE'"
[SCEC] 2017-04-02 18:50:50,974  WARN edu.uag.iidis.scec.persistencia.VehiculoDAO.existeVehiculo(218) : <HibernateException *******************
[SCEC] 2017-04-02 18:50:50,974 DEBUG edu.uag.iidis.scec.persistencia.hibernate.HibernateUtil.rollbackTransaction(287) : >rollbackTransaction()
[SCEC] 2017-04-02 18:50:50,975 DEBUG edu.uag.iidis.scec.persistencia.hibernate.HibernateUtil.rollbackTransaction(295) : -Intentando deshacer la transacción para este thread.
[SCEC] 2017-04-02 18:50:50,976 DEBUG edu.uag.iidis.scec.persistencia.hibernate.HibernateUtil.rollbackTransaction(304) : -Intentando cerrar la sesión.
[SCEC] 2017-04-02 18:50:50,976 DEBUG edu.uag.iidis.scec.persistencia.hibernate.HibernateUtil.closeSession(204) : >closeSession()
[SCEC] 2017-04-02 18:50:50,976 DEBUG edu.uag.iidis.scec.persistencia.hibernate.HibernateUtil.closeSession(212) : -Cerrando la sesión local al thread.
[SCEC] 2017-04-02 18:50:50,977 DEBUG edu.uag.iidis.scec.persistencia.hibernate.HibernateUtil.closeSession(204) : >closeSession()
[SCEC] 2017-04-02 18:50:50,979 DEBUG edu.uag.iidis.scec.persistencia.hibernate.HibernateUtil.beginTransaction(230) : >beginTransaction()
[SCEC] 2017-04-02 18:50:50,980 DEBUG edu.uag.iidis.scec.persistencia.hibernate.HibernateUtil.beginTransaction(237) : -Iniciando una nueva transacción de base de datos en este thread.
[SCEC] 2017-04-02 18:50:50,980 DEBUG edu.uag.iidis.scec.persistencia.hibernate.HibernateUtil.getSession(160) : >getSession()
[SCEC] 2017-04-02 18:50:50,980 DEBUG edu.uag.iidis.scec.persistencia.hibernate.HibernateUtil.getSession(167) : -Abriendo una nueva sesión para el thread.
[SCEC] 2017-04-02 18:50:50,981 DEBUG edu.uag.iidis.scec.persistencia.VehiculoDAO.hazPersistente(103) : >hazPersistente(Vehiculo)
[SCEC] 2017-04-02 18:50:50,981 DEBUG edu.uag.iidis.scec.persistencia.hibernate.HibernateUtil.getSession(160) : >getSession()
[SCEC] 2017-04-02 18:50:50,981 DEBUG edu.uag.iidis.scec.persistencia.VehiculoDAO.existeVehiculo(182) : >existeRol(nombreRol)
[SCEC] 2017-04-02 18:50:50,981 DEBUG edu.uag.iidis.scec.persistencia.VehiculoDAO.existeVehiculo(192) : select placa from Vehiculo where placa = :nombreQWER82
[SCEC] 2017-04-02 18:50:50,982 DEBUG edu.uag.iidis.scec.persistencia.hibernate.HibernateUtil.getSession(160) : >getSession()
[SCEC] 2017-04-02 18:50:50,982 DEBUG edu.uag.iidis.scec.persistencia.VehiculoDAO.existeVehiculo(198) : <<<<<<<<< create query ok 
[SCEC] 2017-04-02 18:50:50,982 DEBUG edu.uag.iidis.scec.persistencia.VehiculoDAO.existeVehiculo(203) : <<<<<<<<< set Parameter ok antes del query list >>>>>
Hibernate: insert into vehiculos (tipo, modelo, marca, placa, color, curp, idVehiculo) values (?, ?, ?, ?, ?, ?, ?)
[SCEC] 2017-04-02 18:50:50,987  WARN org.hibernate.engine.jdbc.spi.SqlExceptionHelper.logExceptions(143) : SQL Error: 1062, SQLState: 23000
[SCEC] 2017-04-02 18:50:50,988 ERROR org.hibernate.engine.jdbc.spi.SqlExceptionHelper.logExceptions(144) : Duplicate key or integrity constraint violation,  message from server: "Duplicate entry 'QWER82' for key 'placa_UNIQUE'"
[SCEC] 2017-04-02 18:50:50,988  WARN edu.uag.iidis.scec.persistencia.VehiculoDAO.existeVehiculo(218) : <HibernateException *******************
[SCEC] 2017-04-02 18:50:50,988 DEBUG edu.uag.iidis.scec.persistencia.hibernate.HibernateUtil.rollbackTransaction(287) : >rollbackTransaction()
[SCEC] 2017-04-02 18:50:50,989 DEBUG edu.uag.iidis.scec.persistencia.hibernate.HibernateUtil.rollbackTransaction(295) : -Intentando deshacer la transacción para este thread.
[SCEC] 2017-04-02 18:50:50,990 DEBUG edu.uag.iidis.scec.persistencia.hibernate.HibernateUtil.rollbackTransaction(304) : -Intentando cerrar la sesión.
[SCEC] 2017-04-02 18:50:50,991 DEBUG edu.uag.iidis.scec.persistencia.hibernate.HibernateUtil.closeSession(204) : >closeSession()
[SCEC] 2017-04-02 18:50:50,991 DEBUG edu.uag.iidis.scec.persistencia.hibernate.HibernateUtil.closeSession(212) : -Cerrando la sesión local al thread.
[SCEC] 2017-04-02 18:50:50,991 DEBUG edu.uag.iidis.scec.persistencia.hibernate.HibernateUtil.closeSession(204) : >closeSession()
]]></system-out>

      <system-err><![CDATA[]]></system-err>

  </testsuite>
</testsuites>
