<?xml version="1.0" encoding="UTF-8" ?>
<testsuites>
  <testsuite errors="0" failures="6" hostname="UPChiapas-PC" id="0" name="PerfilDAOTest" package="edu.uag.iidis.scec.pruebas" skipped="0" tests="12" time="2.102" timestamp="2017-04-03T20:08:56">
      <properties>
[...]
</properties>

      <testcase classname="edu.uag.iidis.scec.pruebas.PerfilDAOTest" name="testBuscarTodosE" time="1.683" />

      <testcase classname="edu.uag.iidis.scec.pruebas.PerfilDAOTest" name="testBuscarTodosF" time="0.015">
          <failure message="Existen datos" type="junit.framework.AssertionFailedError">junit.framework.AssertionFailedError: Existen datos
	at edu.uag.iidis.scec.pruebas.PerfilDAOTest.testBuscarTodosF(PerfilDAOTest.java:138)
</failure>

      </testcase>

      <testcase classname="edu.uag.iidis.scec.pruebas.PerfilDAOTest" name="testCrearPerfilE" time="0.219" />

      <testcase classname="edu.uag.iidis.scec.pruebas.PerfilDAOTest" name="testCrearPerfilF" time="0.011">
          <failure message="Usuario ya existe" type="junit.framework.AssertionFailedError">junit.framework.AssertionFailedError: Usuario ya existe
	at edu.uag.iidis.scec.pruebas.PerfilDAOTest.testCrearPerfilF(PerfilDAOTest.java:56)
</failure>

      </testcase>

      <testcase classname="edu.uag.iidis.scec.pruebas.PerfilDAOTest" name="testEliminarPerfilE" time="0.046" />

      <testcase classname="edu.uag.iidis.scec.pruebas.PerfilDAOTest" name="testEliminarPerfilF" time="0.006">
          <failure message="No se encontro el dato a eliminar" type="junit.framework.AssertionFailedError">junit.framework.AssertionFailedError: No se encontro el dato a eliminar
	at edu.uag.iidis.scec.pruebas.PerfilDAOTest.testEliminarPerfilF(PerfilDAOTest.java:225)
</failure>

      </testcase>

      <testcase classname="edu.uag.iidis.scec.pruebas.PerfilDAOTest" name="testExistePerfilE" time="0.014" />

      <testcase classname="edu.uag.iidis.scec.pruebas.PerfilDAOTest" name="testExistePerflF" time="0.015">
          <failure message="El perfil no existe" type="junit.framework.AssertionFailedError">junit.framework.AssertionFailedError: El perfil no existe
	at edu.uag.iidis.scec.pruebas.PerfilDAOTest.testExistePerflF(PerfilDAOTest.java:177)
</failure>

      </testcase>

      <testcase classname="edu.uag.iidis.scec.pruebas.PerfilDAOTest" name="testOrdenarPerfilesPorE" time="0.019" />

      <testcase classname="edu.uag.iidis.scec.pruebas.PerfilDAOTest" name="testOrdenarPerfilesPorF" time="0.013">
          <failure message="Los datos no se pudieron ordenar" type="junit.framework.AssertionFailedError">junit.framework.AssertionFailedError: Los datos no se pudieron ordenar
	at edu.uag.iidis.scec.pruebas.PerfilDAOTest.testOrdenarPerfilesPorF(PerfilDAOTest.java:268)
</failure>

      </testcase>

      <testcase classname="edu.uag.iidis.scec.pruebas.PerfilDAOTest" name="testUpdatePerfilE" time="0.018" />

      <testcase classname="edu.uag.iidis.scec.pruebas.PerfilDAOTest" name="testUpdatePerfilF" time="0.008">
          <failure message="No se pudieron actualizar los datos" type="junit.framework.AssertionFailedError">junit.framework.AssertionFailedError: No se pudieron actualizar los datos
	at edu.uag.iidis.scec.pruebas.PerfilDAOTest.testUpdatePerfilF(PerfilDAOTest.java:99)
</failure>

      </testcase>

      <system-out><![CDATA[[SCEC] 2017-04-03 15:08:56,593 DEBUG edu.uag.iidis.scec.persistencia.hibernate.HibernateUtil.<clinit>(69) : >creando sessionFactory
[SCEC] 2017-04-03 15:08:57,999 DEBUG edu.uag.iidis.scec.persistencia.hibernate.HibernateUtil.beginTransaction(217) : >beginTransaction()
[SCEC] 2017-04-03 15:08:58,001 DEBUG edu.uag.iidis.scec.persistencia.hibernate.HibernateUtil.beginTransaction(224) : -Iniciando una nueva transacción de base de datos en este thread.
[SCEC] 2017-04-03 15:08:58,001 DEBUG edu.uag.iidis.scec.persistencia.hibernate.HibernateUtil.getSession(153) : >getSession()
[SCEC] 2017-04-03 15:08:58,002 DEBUG edu.uag.iidis.scec.persistencia.hibernate.HibernateUtil.getSession(160) : -Abriendo una nueva sesión para el thread.
[SCEC] 2017-04-03 15:08:58,039 DEBUG edu.uag.iidis.scec.persistencia.PerfilDAO.buscarTodos(38) : >buscarTodos()
[SCEC] 2017-04-03 15:08:58,039 DEBUG edu.uag.iidis.scec.persistencia.hibernate.HibernateUtil.getSession(153) : >getSession()
Hibernate: select this_.id as id10_0_, this_.usuario as usuario10_0_, this_.contra as contra10_0_, this_.nombre as nombre10_0_, this_.apellido as apellido10_0_, this_.telefono as telefono10_0_, this_.email as email10_0_, this_.cp as cp10_0_, this_.pais as pais10_0_, this_.ciudad as ciudad10_0_, this_.estado as estado10_0_ from editarperfil this_
[SCEC] 2017-04-03 15:08:58,200 DEBUG edu.uag.iidis.scec.persistencia.PerfilDAO.buscarTodos(46) : >buscarTodos() ---- list [edu.uag.iidis.scec.modelo.Perfil@3542162a[
  id=2
  usuario=jul
  contra=123
  nombre=juliane
  apellido=arreola
  telefono=9865188291
  email=jul@gmail.com
  cp=29000
  pais=México
  ciudad=Tuxtla Gutiérrez
  estado=Chiapas
], edu.uag.iidis.scec.modelo.Perfil@476b0ae6[
  id=11
  usuario=juliane
  contra=123
  nombre=juliane
  apellido=arreola
  telefono=9865188291
  email=jul@gmail.com
  cp=29000
  pais=México
  ciudad=Tuxtla Gutiérrez
  estado=Chiapas
]]
[SCEC] 2017-04-03 15:08:58,201 DEBUG edu.uag.iidis.scec.persistencia.hibernate.HibernateUtil.commitTransaction(240) : >commitTransaction()
[SCEC] 2017-04-03 15:08:58,201 DEBUG edu.uag.iidis.scec.persistencia.hibernate.HibernateUtil.commitTransaction(248) : -Comprometiendo la transacción de este thread.
[SCEC] 2017-04-03 15:08:58,206 DEBUG edu.uag.iidis.scec.persistencia.hibernate.HibernateUtil.closeSession(194) : >closeSession()
[SCEC] 2017-04-03 15:08:58,207 DEBUG edu.uag.iidis.scec.persistencia.hibernate.HibernateUtil.closeSession(202) : -Cerrando la sesión local al thread.
[SCEC] 2017-04-03 15:08:58,211 DEBUG edu.uag.iidis.scec.persistencia.hibernate.HibernateUtil.beginTransaction(217) : >beginTransaction()
[SCEC] 2017-04-03 15:08:58,212 DEBUG edu.uag.iidis.scec.persistencia.hibernate.HibernateUtil.beginTransaction(224) : -Iniciando una nueva transacción de base de datos en este thread.
[SCEC] 2017-04-03 15:08:58,212 DEBUG edu.uag.iidis.scec.persistencia.hibernate.HibernateUtil.getSession(153) : >getSession()
[SCEC] 2017-04-03 15:08:58,212 DEBUG edu.uag.iidis.scec.persistencia.hibernate.HibernateUtil.getSession(160) : -Abriendo una nueva sesión para el thread.
[SCEC] 2017-04-03 15:08:58,214 DEBUG edu.uag.iidis.scec.persistencia.PerfilDAO.buscarTodos(38) : >buscarTodos()
[SCEC] 2017-04-03 15:08:58,214 DEBUG edu.uag.iidis.scec.persistencia.hibernate.HibernateUtil.getSession(153) : >getSession()
Hibernate: select this_.id as id10_0_, this_.usuario as usuario10_0_, this_.contra as contra10_0_, this_.nombre as nombre10_0_, this_.apellido as apellido10_0_, this_.telefono as telefono10_0_, this_.email as email10_0_, this_.cp as cp10_0_, this_.pais as pais10_0_, this_.ciudad as ciudad10_0_, this_.estado as estado10_0_ from editarperfil this_
[SCEC] 2017-04-03 15:08:58,217 DEBUG edu.uag.iidis.scec.persistencia.PerfilDAO.buscarTodos(46) : >buscarTodos() ---- list [edu.uag.iidis.scec.modelo.Perfil@2bd2b28e[
  id=2
  usuario=jul
  contra=123
  nombre=juliane
  apellido=arreola
  telefono=9865188291
  email=jul@gmail.com
  cp=29000
  pais=México
  ciudad=Tuxtla Gutiérrez
  estado=Chiapas
], edu.uag.iidis.scec.modelo.Perfil@16746061[
  id=11
  usuario=juliane
  contra=123
  nombre=juliane
  apellido=arreola
  telefono=9865188291
  email=jul@gmail.com
  cp=29000
  pais=México
  ciudad=Tuxtla Gutiérrez
  estado=Chiapas
]]
[SCEC] 2017-04-03 15:08:58,218 DEBUG edu.uag.iidis.scec.persistencia.hibernate.HibernateUtil.commitTransaction(240) : >commitTransaction()
[SCEC] 2017-04-03 15:08:58,219 DEBUG edu.uag.iidis.scec.persistencia.hibernate.HibernateUtil.commitTransaction(248) : -Comprometiendo la transacción de este thread.
[SCEC] 2017-04-03 15:08:58,219 DEBUG edu.uag.iidis.scec.persistencia.hibernate.HibernateUtil.closeSession(194) : >closeSession()
[SCEC] 2017-04-03 15:08:58,220 DEBUG edu.uag.iidis.scec.persistencia.hibernate.HibernateUtil.closeSession(202) : -Cerrando la sesión local al thread.
[SCEC] 2017-04-03 15:08:58,226 DEBUG edu.uag.iidis.scec.persistencia.hibernate.HibernateUtil.beginTransaction(217) : >beginTransaction()
[SCEC] 2017-04-03 15:08:58,227 DEBUG edu.uag.iidis.scec.persistencia.hibernate.HibernateUtil.beginTransaction(224) : -Iniciando una nueva transacción de base de datos en este thread.
[SCEC] 2017-04-03 15:08:58,227 DEBUG edu.uag.iidis.scec.persistencia.hibernate.HibernateUtil.getSession(153) : >getSession()
[SCEC] 2017-04-03 15:08:58,227 DEBUG edu.uag.iidis.scec.persistencia.hibernate.HibernateUtil.getSession(160) : -Abriendo una nueva sesión para el thread.
[SCEC] 2017-04-03 15:08:58,228 DEBUG edu.uag.iidis.scec.persistencia.PerfilDAO.hazPersistente(120) : >hazPersistente(perfil)
[SCEC] 2017-04-03 15:08:58,228 DEBUG edu.uag.iidis.scec.persistencia.hibernate.HibernateUtil.getSession(153) : >getSession()
Hibernate: select max(id) from editarperfil
[SCEC] 2017-04-03 15:08:58,241 DEBUG edu.uag.iidis.scec.persistencia.PerfilDAO.existePerfil(165) : >existeUsuario(nombreUsuario)
[SCEC] 2017-04-03 15:08:58,241 DEBUG edu.uag.iidis.scec.persistencia.PerfilDAO.existePerfil(173) : select usuario from Perfil where usuario = :usuariojoss
[SCEC] 2017-04-03 15:08:58,241 DEBUG edu.uag.iidis.scec.persistencia.hibernate.HibernateUtil.getSession(153) : >getSession()
[SCEC] 2017-04-03 15:08:58,355 DEBUG edu.uag.iidis.scec.persistencia.PerfilDAO.existePerfil(179) : <<<<<<<<< create query ok 
[SCEC] 2017-04-03 15:08:58,356 DEBUG edu.uag.iidis.scec.persistencia.PerfilDAO.existePerfil(183) : <<<<<<<<< set Parameter ok antes del query list >>>>>
Hibernate: insert into editarperfil (usuario, contra, nombre, apellido, telefono, email, cp, pais, ciudad, estado, id) values (?, ?, ?, ?, ?, ?, ?, ?, ?, ?, ?)
Hibernate: select perfil0_.usuario as col_0_0_ from editarperfil perfil0_ where perfil0_.usuario=?
[SCEC] 2017-04-03 15:08:58,442 DEBUG edu.uag.iidis.scec.persistencia.PerfilDAO.existePerfil(188) : <<<<<<<<< Result size 1
[SCEC] 2017-04-03 15:08:58,442 DEBUG edu.uag.iidis.scec.persistencia.hibernate.HibernateUtil.commitTransaction(240) : >commitTransaction()
[SCEC] 2017-04-03 15:08:58,442 DEBUG edu.uag.iidis.scec.persistencia.hibernate.HibernateUtil.commitTransaction(248) : -Comprometiendo la transacción de este thread.
[SCEC] 2017-04-03 15:08:58,444 DEBUG edu.uag.iidis.scec.persistencia.hibernate.HibernateUtil.closeSession(194) : >closeSession()
[SCEC] 2017-04-03 15:08:58,444 DEBUG edu.uag.iidis.scec.persistencia.hibernate.HibernateUtil.closeSession(202) : -Cerrando la sesión local al thread.
[SCEC] 2017-04-03 15:08:58,445 DEBUG edu.uag.iidis.scec.persistencia.hibernate.HibernateUtil.beginTransaction(217) : >beginTransaction()
[SCEC] 2017-04-03 15:08:58,445 DEBUG edu.uag.iidis.scec.persistencia.hibernate.HibernateUtil.beginTransaction(224) : -Iniciando una nueva transacción de base de datos en este thread.
[SCEC] 2017-04-03 15:08:58,445 DEBUG edu.uag.iidis.scec.persistencia.hibernate.HibernateUtil.getSession(153) : >getSession()
[SCEC] 2017-04-03 15:08:58,445 DEBUG edu.uag.iidis.scec.persistencia.hibernate.HibernateUtil.getSession(160) : -Abriendo una nueva sesión para el thread.
[SCEC] 2017-04-03 15:08:58,446 DEBUG edu.uag.iidis.scec.persistencia.PerfilDAO.hazPersistente(120) : >hazPersistente(perfil)
[SCEC] 2017-04-03 15:08:58,446 DEBUG edu.uag.iidis.scec.persistencia.hibernate.HibernateUtil.getSession(153) : >getSession()
[SCEC] 2017-04-03 15:08:58,446 DEBUG edu.uag.iidis.scec.persistencia.hibernate.HibernateUtil.commitTransaction(240) : >commitTransaction()
[SCEC] 2017-04-03 15:08:58,446 DEBUG edu.uag.iidis.scec.persistencia.hibernate.HibernateUtil.commitTransaction(248) : -Comprometiendo la transacción de este thread.
Hibernate: insert into editarperfil (usuario, contra, nombre, apellido, telefono, email, cp, pais, ciudad, estado, id) values (?, ?, ?, ?, ?, ?, ?, ?, ?, ?, ?)
[SCEC] 2017-04-03 15:08:58,450  WARN org.hibernate.engine.jdbc.spi.SqlExceptionHelper.logExceptions(143) : SQL Error: 1062, SQLState: 23000
[SCEC] 2017-04-03 15:08:58,450 ERROR org.hibernate.engine.jdbc.spi.SqlExceptionHelper.logExceptions(144) : Duplicate key or integrity constraint violation,  message from server: "Duplicate entry 'juliane' for key 'usuario'"
[SCEC] 2017-04-03 15:08:58,451 DEBUG edu.uag.iidis.scec.persistencia.hibernate.HibernateUtil.commitTransaction(255) : -Deshaciendo la transacción de este thread.
[SCEC] 2017-04-03 15:08:58,451 DEBUG edu.uag.iidis.scec.persistencia.hibernate.HibernateUtil.rollbackTransaction(268) : >rollbackTransaction()
[SCEC] 2017-04-03 15:08:58,452 DEBUG edu.uag.iidis.scec.persistencia.hibernate.HibernateUtil.rollbackTransaction(276) : -Intentando deshacer la transacción para este thread.
[SCEC] 2017-04-03 15:08:58,453 DEBUG edu.uag.iidis.scec.persistencia.hibernate.HibernateUtil.rollbackTransaction(285) : -Intentando cerrar la sesión.
[SCEC] 2017-04-03 15:08:58,454 DEBUG edu.uag.iidis.scec.persistencia.hibernate.HibernateUtil.closeSession(194) : >closeSession()
[SCEC] 2017-04-03 15:08:58,454 DEBUG edu.uag.iidis.scec.persistencia.hibernate.HibernateUtil.closeSession(202) : -Cerrando la sesión local al thread.
[SCEC] 2017-04-03 15:08:58,454 ERROR edu.uag.iidis.scec.persistencia.hibernate.HibernateUtil.commitTransaction(258) : <HibernateException
[SCEC] 2017-04-03 15:08:58,454 DEBUG edu.uag.iidis.scec.persistencia.hibernate.HibernateUtil.closeSession(194) : >closeSession()
[SCEC] 2017-04-03 15:08:58,456 DEBUG edu.uag.iidis.scec.persistencia.hibernate.HibernateUtil.beginTransaction(217) : >beginTransaction()
[SCEC] 2017-04-03 15:08:58,456 DEBUG edu.uag.iidis.scec.persistencia.hibernate.HibernateUtil.beginTransaction(224) : -Iniciando una nueva transacción de base de datos en este thread.
[SCEC] 2017-04-03 15:08:58,457 DEBUG edu.uag.iidis.scec.persistencia.hibernate.HibernateUtil.getSession(153) : >getSession()
[SCEC] 2017-04-03 15:08:58,457 DEBUG edu.uag.iidis.scec.persistencia.hibernate.HibernateUtil.getSession(160) : -Abriendo una nueva sesión para el thread.
[SCEC] 2017-04-03 15:08:58,457 DEBUG edu.uag.iidis.scec.persistencia.PerfilDAO.eliminarPerfil(296) : >hazTransitorio(Perfil)
[SCEC] 2017-04-03 15:08:58,457 DEBUG edu.uag.iidis.scec.persistencia.hibernate.HibernateUtil.getSession(153) : >getSession()
Hibernate: select perfil0_.id as id10_, perfil0_.usuario as usuario10_, perfil0_.contra as contra10_, perfil0_.nombre as nombre10_, perfil0_.apellido as apellido10_, perfil0_.telefono as telefono10_, perfil0_.email as email10_, perfil0_.cp as cp10_, perfil0_.pais as pais10_, perfil0_.ciudad as ciudad10_, perfil0_.estado as estado10_ from editarperfil perfil0_ where perfil0_.usuario=?
[SCEC] 2017-04-03 15:08:58,464 DEBUG edu.uag.iidis.scec.persistencia.hibernate.HibernateUtil.getSession(153) : >getSession()
[SCEC] 2017-04-03 15:08:58,466 DEBUG edu.uag.iidis.scec.persistencia.PerfilDAO.existePerfil(165) : >existeUsuario(nombreUsuario)
[SCEC] 2017-04-03 15:08:58,467 DEBUG edu.uag.iidis.scec.persistencia.PerfilDAO.existePerfil(173) : select usuario from Perfil where usuario = :usuariojul
[SCEC] 2017-04-03 15:08:58,467 DEBUG edu.uag.iidis.scec.persistencia.hibernate.HibernateUtil.getSession(153) : >getSession()
[SCEC] 2017-04-03 15:08:58,467 DEBUG edu.uag.iidis.scec.persistencia.PerfilDAO.existePerfil(179) : <<<<<<<<< create query ok 
[SCEC] 2017-04-03 15:08:58,467 DEBUG edu.uag.iidis.scec.persistencia.PerfilDAO.existePerfil(183) : <<<<<<<<< set Parameter ok antes del query list >>>>>
Hibernate: delete from editarperfil where id=?
Hibernate: select perfil0_.usuario as col_0_0_ from editarperfil perfil0_ where perfil0_.usuario=?
[SCEC] 2017-04-03 15:08:58,469 DEBUG edu.uag.iidis.scec.persistencia.PerfilDAO.existePerfil(188) : <<<<<<<<< Result size 0
[SCEC] 2017-04-03 15:08:58,469 DEBUG edu.uag.iidis.scec.persistencia.hibernate.HibernateUtil.commitTransaction(240) : >commitTransaction()
[SCEC] 2017-04-03 15:08:58,469 DEBUG edu.uag.iidis.scec.persistencia.hibernate.HibernateUtil.commitTransaction(248) : -Comprometiendo la transacción de este thread.
[SCEC] 2017-04-03 15:08:58,502 DEBUG edu.uag.iidis.scec.persistencia.hibernate.HibernateUtil.closeSession(194) : >closeSession()
[SCEC] 2017-04-03 15:08:58,502 DEBUG edu.uag.iidis.scec.persistencia.hibernate.HibernateUtil.closeSession(202) : -Cerrando la sesión local al thread.
[SCEC] 2017-04-03 15:08:58,502 DEBUG edu.uag.iidis.scec.persistencia.hibernate.HibernateUtil.beginTransaction(217) : >beginTransaction()
[SCEC] 2017-04-03 15:08:58,502 DEBUG edu.uag.iidis.scec.persistencia.hibernate.HibernateUtil.beginTransaction(224) : -Iniciando una nueva transacción de base de datos en este thread.
[SCEC] 2017-04-03 15:08:58,503 DEBUG edu.uag.iidis.scec.persistencia.hibernate.HibernateUtil.getSession(153) : >getSession()
[SCEC] 2017-04-03 15:08:58,503 DEBUG edu.uag.iidis.scec.persistencia.hibernate.HibernateUtil.getSession(160) : -Abriendo una nueva sesión para el thread.
[SCEC] 2017-04-03 15:08:58,503 DEBUG edu.uag.iidis.scec.persistencia.PerfilDAO.eliminarPerfil(296) : >hazTransitorio(Perfil)
[SCEC] 2017-04-03 15:08:58,503 DEBUG edu.uag.iidis.scec.persistencia.hibernate.HibernateUtil.getSession(153) : >getSession()
Hibernate: select perfil0_.id as id10_, perfil0_.usuario as usuario10_, perfil0_.contra as contra10_, perfil0_.nombre as nombre10_, perfil0_.apellido as apellido10_, perfil0_.telefono as telefono10_, perfil0_.email as email10_, perfil0_.cp as cp10_, perfil0_.pais as pais10_, perfil0_.ciudad as ciudad10_, perfil0_.estado as estado10_ from editarperfil perfil0_ where perfil0_.usuario=?
[SCEC] 2017-04-03 15:08:58,504 DEBUG edu.uag.iidis.scec.persistencia.hibernate.HibernateUtil.getSession(153) : >getSession()
[SCEC] 2017-04-03 15:08:58,504 DEBUG edu.uag.iidis.scec.persistencia.hibernate.HibernateUtil.closeSession(194) : >closeSession()
[SCEC] 2017-04-03 15:08:58,505 DEBUG edu.uag.iidis.scec.persistencia.hibernate.HibernateUtil.closeSession(202) : -Cerrando la sesión local al thread.
[SCEC] 2017-04-03 15:08:58,508 DEBUG edu.uag.iidis.scec.persistencia.hibernate.HibernateUtil.beginTransaction(217) : >beginTransaction()
[SCEC] 2017-04-03 15:08:58,509 DEBUG edu.uag.iidis.scec.persistencia.PerfilDAO.existePerfil(165) : >existeUsuario(nombreUsuario)
[SCEC] 2017-04-03 15:08:58,509 DEBUG edu.uag.iidis.scec.persistencia.PerfilDAO.existePerfil(173) : select usuario from Perfil where usuario = :usuariojoss
[SCEC] 2017-04-03 15:08:58,510 DEBUG edu.uag.iidis.scec.persistencia.hibernate.HibernateUtil.getSession(153) : >getSession()
[SCEC] 2017-04-03 15:08:58,510 DEBUG edu.uag.iidis.scec.persistencia.hibernate.HibernateUtil.getSession(160) : -Abriendo una nueva sesión para el thread.
[SCEC] 2017-04-03 15:08:58,511 DEBUG edu.uag.iidis.scec.persistencia.PerfilDAO.existePerfil(179) : <<<<<<<<< create query ok 
[SCEC] 2017-04-03 15:08:58,512 DEBUG edu.uag.iidis.scec.persistencia.PerfilDAO.existePerfil(183) : <<<<<<<<< set Parameter ok antes del query list >>>>>
Hibernate: select perfil0_.usuario as col_0_0_ from editarperfil perfil0_ where perfil0_.usuario=?
[SCEC] 2017-04-03 15:08:58,516 DEBUG edu.uag.iidis.scec.persistencia.PerfilDAO.existePerfil(188) : <<<<<<<<< Result size 1
[SCEC] 2017-04-03 15:08:58,517 DEBUG edu.uag.iidis.scec.persistencia.hibernate.HibernateUtil.commitTransaction(240) : >commitTransaction()
[SCEC] 2017-04-03 15:08:58,518 DEBUG edu.uag.iidis.scec.persistencia.hibernate.HibernateUtil.commitTransaction(248) : -Comprometiendo la transacción de este thread.
[SCEC] 2017-04-03 15:08:58,520 DEBUG edu.uag.iidis.scec.persistencia.hibernate.HibernateUtil.closeSession(194) : >closeSession()
[SCEC] 2017-04-03 15:08:58,521 DEBUG edu.uag.iidis.scec.persistencia.hibernate.HibernateUtil.closeSession(202) : -Cerrando la sesión local al thread.
[SCEC] 2017-04-03 15:08:58,524 DEBUG edu.uag.iidis.scec.persistencia.hibernate.HibernateUtil.beginTransaction(217) : >beginTransaction()
[SCEC] 2017-04-03 15:08:58,525 DEBUG edu.uag.iidis.scec.persistencia.hibernate.HibernateUtil.beginTransaction(224) : -Iniciando una nueva transacción de base de datos en este thread.
[SCEC] 2017-04-03 15:08:58,526 DEBUG edu.uag.iidis.scec.persistencia.hibernate.HibernateUtil.getSession(153) : >getSession()
[SCEC] 2017-04-03 15:08:58,526 DEBUG edu.uag.iidis.scec.persistencia.hibernate.HibernateUtil.getSession(160) : -Abriendo una nueva sesión para el thread.
[SCEC] 2017-04-03 15:08:58,528 DEBUG edu.uag.iidis.scec.persistencia.PerfilDAO.existePerfil(165) : >existeUsuario(nombreUsuario)
[SCEC] 2017-04-03 15:08:58,528 DEBUG edu.uag.iidis.scec.persistencia.PerfilDAO.existePerfil(173) : select usuario from Perfil where usuario = :usuariojoss1
[SCEC] 2017-04-03 15:08:58,529 DEBUG edu.uag.iidis.scec.persistencia.hibernate.HibernateUtil.getSession(153) : >getSession()
[SCEC] 2017-04-03 15:08:58,530 DEBUG edu.uag.iidis.scec.persistencia.PerfilDAO.existePerfil(179) : <<<<<<<<< create query ok 
[SCEC] 2017-04-03 15:08:58,530 DEBUG edu.uag.iidis.scec.persistencia.PerfilDAO.existePerfil(183) : <<<<<<<<< set Parameter ok antes del query list >>>>>
Hibernate: select perfil0_.usuario as col_0_0_ from editarperfil perfil0_ where perfil0_.usuario=?
[SCEC] 2017-04-03 15:08:58,534 DEBUG edu.uag.iidis.scec.persistencia.PerfilDAO.existePerfil(188) : <<<<<<<<< Result size 0
[SCEC] 2017-04-03 15:08:58,535 DEBUG edu.uag.iidis.scec.persistencia.hibernate.HibernateUtil.commitTransaction(240) : >commitTransaction()
[SCEC] 2017-04-03 15:08:58,535 DEBUG edu.uag.iidis.scec.persistencia.hibernate.HibernateUtil.commitTransaction(248) : -Comprometiendo la transacción de este thread.
[SCEC] 2017-04-03 15:08:58,535 DEBUG edu.uag.iidis.scec.persistencia.hibernate.HibernateUtil.closeSession(194) : >closeSession()
[SCEC] 2017-04-03 15:08:58,536 DEBUG edu.uag.iidis.scec.persistencia.hibernate.HibernateUtil.closeSession(202) : -Cerrando la sesión local al thread.
[SCEC] 2017-04-03 15:08:58,538 DEBUG edu.uag.iidis.scec.persistencia.hibernate.HibernateUtil.beginTransaction(217) : >beginTransaction()
[SCEC] 2017-04-03 15:08:58,538 DEBUG edu.uag.iidis.scec.persistencia.hibernate.HibernateUtil.beginTransaction(224) : -Iniciando una nueva transacción de base de datos en este thread.
[SCEC] 2017-04-03 15:08:58,538 DEBUG edu.uag.iidis.scec.persistencia.hibernate.HibernateUtil.getSession(153) : >getSession()
[SCEC] 2017-04-03 15:08:58,539 DEBUG edu.uag.iidis.scec.persistencia.hibernate.HibernateUtil.getSession(160) : -Abriendo una nueva sesión para el thread.
[SCEC] 2017-04-03 15:08:58,539 DEBUG edu.uag.iidis.scec.persistencia.PerfilDAO.hazPersistente(120) : >hazPersistente(perfil)
[SCEC] 2017-04-03 15:08:58,539 DEBUG edu.uag.iidis.scec.persistencia.hibernate.HibernateUtil.getSession(153) : >getSession()
[SCEC] 2017-04-03 15:08:58,540 DEBUG edu.uag.iidis.scec.persistencia.PerfilDAO.ordenarPerfilesPor(68) : >existePerfil(nombrePerfil)
[SCEC] 2017-04-03 15:08:58,540 DEBUG edu.uag.iidis.scec.persistencia.PerfilDAO.ordenarPerfilesPor(81) : from Perfil ORDER BY usuariousuario
[SCEC] 2017-04-03 15:08:58,540 DEBUG edu.uag.iidis.scec.persistencia.hibernate.HibernateUtil.getSession(153) : >getSession()
[SCEC] 2017-04-03 15:08:58,545 DEBUG edu.uag.iidis.scec.persistencia.PerfilDAO.ordenarPerfilesPor(87) : <<<<<<<<< create query ok 
[SCEC] 2017-04-03 15:08:58,546 DEBUG edu.uag.iidis.scec.persistencia.PerfilDAO.ordenarPerfilesPor(90) : <<<<<<<<< set Parameter ok antes del query list >>>>>
Hibernate: insert into editarperfil (usuario, contra, nombre, apellido, telefono, email, cp, pais, ciudad, estado, id) values (?, ?, ?, ?, ?, ?, ?, ?, ?, ?, ?)
Hibernate: select perfil0_.id as id10_, perfil0_.usuario as usuario10_, perfil0_.contra as contra10_, perfil0_.nombre as nombre10_, perfil0_.apellido as apellido10_, perfil0_.telefono as telefono10_, perfil0_.email as email10_, perfil0_.cp as cp10_, perfil0_.pais as pais10_, perfil0_.ciudad as ciudad10_, perfil0_.estado as estado10_ from editarperfil perfil0_ order by perfil0_.usuario
[SCEC] 2017-04-03 15:08:58,552 DEBUG edu.uag.iidis.scec.persistencia.PerfilDAO.ordenarPerfilesPor(95) : <<<<<<<<< Result size 3
[SCEC] 2017-04-03 15:08:58,552 DEBUG edu.uag.iidis.scec.persistencia.hibernate.HibernateUtil.commitTransaction(240) : >commitTransaction()
[SCEC] 2017-04-03 15:08:58,553 DEBUG edu.uag.iidis.scec.persistencia.hibernate.HibernateUtil.commitTransaction(248) : -Comprometiendo la transacción de este thread.
[SCEC] 2017-04-03 15:08:58,556 DEBUG edu.uag.iidis.scec.persistencia.hibernate.HibernateUtil.closeSession(194) : >closeSession()
[SCEC] 2017-04-03 15:08:58,556 DEBUG edu.uag.iidis.scec.persistencia.hibernate.HibernateUtil.closeSession(202) : -Cerrando la sesión local al thread.
[SCEC] 2017-04-03 15:08:58,557 DEBUG edu.uag.iidis.scec.persistencia.hibernate.HibernateUtil.beginTransaction(217) : >beginTransaction()
[SCEC] 2017-04-03 15:08:58,557 DEBUG edu.uag.iidis.scec.persistencia.hibernate.HibernateUtil.beginTransaction(224) : -Iniciando una nueva transacción de base de datos en este thread.
[SCEC] 2017-04-03 15:08:58,558 DEBUG edu.uag.iidis.scec.persistencia.hibernate.HibernateUtil.getSession(153) : >getSession()
[SCEC] 2017-04-03 15:08:58,558 DEBUG edu.uag.iidis.scec.persistencia.hibernate.HibernateUtil.getSession(160) : -Abriendo una nueva sesión para el thread.
[SCEC] 2017-04-03 15:08:58,559 DEBUG edu.uag.iidis.scec.persistencia.PerfilDAO.ordenarPerfilesPor(68) : >existePerfil(nombrePerfil)
[SCEC] 2017-04-03 15:08:58,559 DEBUG edu.uag.iidis.scec.persistencia.PerfilDAO.ordenarPerfilesPor(81) : from Perfil ORDER BY edadedad
[SCEC] 2017-04-03 15:08:58,559 DEBUG edu.uag.iidis.scec.persistencia.hibernate.HibernateUtil.getSession(153) : >getSession()
[SCEC] 2017-04-03 15:08:58,565 DEBUG edu.uag.iidis.scec.persistencia.PerfilDAO.ordenarPerfilesPor(87) : <<<<<<<<< create query ok 
[SCEC] 2017-04-03 15:08:58,565 DEBUG edu.uag.iidis.scec.persistencia.PerfilDAO.ordenarPerfilesPor(90) : <<<<<<<<< set Parameter ok antes del query list >>>>>
Hibernate: select perfil0_.id as id10_, perfil0_.usuario as usuario10_, perfil0_.contra as contra10_, perfil0_.nombre as nombre10_, perfil0_.apellido as apellido10_, perfil0_.telefono as telefono10_, perfil0_.email as email10_, perfil0_.cp as cp10_, perfil0_.pais as pais10_, perfil0_.ciudad as ciudad10_, perfil0_.estado as estado10_ from editarperfil perfil0_ order by edad
[SCEC] 2017-04-03 15:08:58,567  WARN org.hibernate.engine.jdbc.spi.SqlExceptionHelper.logExceptions(143) : SQL Error: 1054, SQLState: 42S22
[SCEC] 2017-04-03 15:08:58,567 ERROR org.hibernate.engine.jdbc.spi.SqlExceptionHelper.logExceptions(144) : null,  message from server: "Unknown column 'edad' in 'order clause'"
[SCEC] 2017-04-03 15:08:58,568  WARN edu.uag.iidis.scec.persistencia.PerfilDAO.ordenarPerfilesPor(105) : <HibernateException *******************
[SCEC] 2017-04-03 15:08:58,568 DEBUG edu.uag.iidis.scec.persistencia.hibernate.HibernateUtil.closeSession(194) : >closeSession()
[SCEC] 2017-04-03 15:08:58,568 DEBUG edu.uag.iidis.scec.persistencia.hibernate.HibernateUtil.closeSession(202) : -Cerrando la sesión local al thread.
[SCEC] 2017-04-03 15:08:58,570 DEBUG edu.uag.iidis.scec.persistencia.hibernate.HibernateUtil.beginTransaction(217) : >beginTransaction()
[SCEC] 2017-04-03 15:08:58,571 DEBUG edu.uag.iidis.scec.persistencia.PerfilDAO.actualizaPerfil(262) : >hazPersistente(perfil)
[SCEC] 2017-04-03 15:08:58,571 DEBUG edu.uag.iidis.scec.persistencia.hibernate.HibernateUtil.getSession(153) : >getSession()
[SCEC] 2017-04-03 15:08:58,571 DEBUG edu.uag.iidis.scec.persistencia.hibernate.HibernateUtil.getSession(160) : -Abriendo una nueva sesión para el thread.
Hibernate: select perfil0_.id as id10_, perfil0_.usuario as usuario10_, perfil0_.contra as contra10_, perfil0_.nombre as nombre10_, perfil0_.apellido as apellido10_, perfil0_.telefono as telefono10_, perfil0_.email as email10_, perfil0_.cp as cp10_, perfil0_.pais as pais10_, perfil0_.ciudad as ciudad10_, perfil0_.estado as estado10_ from editarperfil perfil0_ where perfil0_.usuario=?
[SCEC] 2017-04-03 15:08:58,574 DEBUG edu.uag.iidis.scec.persistencia.hibernate.HibernateUtil.getSession(153) : >getSession()
[SCEC] 2017-04-03 15:08:58,575 DEBUG edu.uag.iidis.scec.persistencia.PerfilDAO.buscaPerfil(214) : > buscaPerfil(nombreUsuario)
[SCEC] 2017-04-03 15:08:58,575 DEBUG edu.uag.iidis.scec.persistencia.PerfilDAO.buscaPerfil(221) : from Perfil where usuario like 'joss%'joss
[SCEC] 2017-04-03 15:08:58,576 DEBUG edu.uag.iidis.scec.persistencia.hibernate.HibernateUtil.getSession(153) : >getSession()
[SCEC] 2017-04-03 15:08:58,582 DEBUG edu.uag.iidis.scec.persistencia.PerfilDAO.buscaPerfil(227) : <<<<<<<<< create query ok 
[SCEC] 2017-04-03 15:08:58,582 DEBUG edu.uag.iidis.scec.persistencia.PerfilDAO.buscaPerfil(232) : <<<<<<<<< set Parameter ok antes del query list >>>>>
Hibernate: select perfil0_.id as id10_, perfil0_.usuario as usuario10_, perfil0_.contra as contra10_, perfil0_.nombre as nombre10_, perfil0_.apellido as apellido10_, perfil0_.telefono as telefono10_, perfil0_.email as email10_, perfil0_.cp as cp10_, perfil0_.pais as pais10_, perfil0_.ciudad as ciudad10_, perfil0_.estado as estado10_ from editarperfil perfil0_ where perfil0_.usuario like 'joss%'
[SCEC] 2017-04-03 15:08:58,585 DEBUG edu.uag.iidis.scec.persistencia.PerfilDAO.buscaPerfil(237) : <<<<<<<<< Result size 1
[SCEC] 2017-04-03 15:08:58,586 DEBUG edu.uag.iidis.scec.persistencia.hibernate.HibernateUtil.commitTransaction(240) : >commitTransaction()
[SCEC] 2017-04-03 15:08:58,586 DEBUG edu.uag.iidis.scec.persistencia.hibernate.HibernateUtil.commitTransaction(248) : -Comprometiendo la transacción de este thread.
[SCEC] 2017-04-03 15:08:58,587 DEBUG edu.uag.iidis.scec.persistencia.hibernate.HibernateUtil.closeSession(194) : >closeSession()
[SCEC] 2017-04-03 15:08:58,587 DEBUG edu.uag.iidis.scec.persistencia.hibernate.HibernateUtil.closeSession(202) : -Cerrando la sesión local al thread.
[SCEC] 2017-04-03 15:08:58,588 DEBUG edu.uag.iidis.scec.persistencia.hibernate.HibernateUtil.beginTransaction(217) : >beginTransaction()
[SCEC] 2017-04-03 15:08:58,589 DEBUG edu.uag.iidis.scec.persistencia.hibernate.HibernateUtil.beginTransaction(224) : -Iniciando una nueva transacción de base de datos en este thread.
[SCEC] 2017-04-03 15:08:58,589 DEBUG edu.uag.iidis.scec.persistencia.hibernate.HibernateUtil.getSession(153) : >getSession()
[SCEC] 2017-04-03 15:08:58,590 DEBUG edu.uag.iidis.scec.persistencia.hibernate.HibernateUtil.getSession(160) : -Abriendo una nueva sesión para el thread.
[SCEC] 2017-04-03 15:08:58,590 DEBUG edu.uag.iidis.scec.persistencia.PerfilDAO.actualizaPerfil(262) : >hazPersistente(perfil)
[SCEC] 2017-04-03 15:08:58,591 DEBUG edu.uag.iidis.scec.persistencia.hibernate.HibernateUtil.getSession(153) : >getSession()
Hibernate: select perfil0_.id as id10_, perfil0_.usuario as usuario10_, perfil0_.contra as contra10_, perfil0_.nombre as nombre10_, perfil0_.apellido as apellido10_, perfil0_.telefono as telefono10_, perfil0_.email as email10_, perfil0_.cp as cp10_, perfil0_.pais as pais10_, perfil0_.ciudad as ciudad10_, perfil0_.estado as estado10_ from editarperfil perfil0_ where perfil0_.usuario=?
[SCEC] 2017-04-03 15:08:58,593 DEBUG edu.uag.iidis.scec.persistencia.hibernate.HibernateUtil.closeSession(194) : >closeSession()
[SCEC] 2017-04-03 15:08:58,594 DEBUG edu.uag.iidis.scec.persistencia.hibernate.HibernateUtil.closeSession(202) : -Cerrando la sesión local al thread.
]]></system-out>

      <system-err><![CDATA[]]></system-err>

  </testsuite>
  <testsuite errors="0" failures="6" hostname="UPChiapas-PC" id="1" name="VehiculoDAOTest" package="edu.uag.iidis.scec.pruebas" skipped="0" tests="12" time="2.035" timestamp="2017-04-03T20:11:38">
      <properties>
[...]
</properties>

      <testcase classname="edu.uag.iidis.scec.pruebas.VehiculoDAOTest" name="testActualizarVehiculoE" time="1.836" />

      <testcase classname="edu.uag.iidis.scec.pruebas.VehiculoDAOTest" name="testActualizarVehiculoF" time="0.007">
          <failure message="La placa ya esta registrada" type="junit.framework.AssertionFailedError">junit.framework.AssertionFailedError: La placa ya esta registrada
	at edu.uag.iidis.scec.pruebas.VehiculoDAOTest.testActualizarVehiculoF(VehiculoDAOTest.java:97)
</failure>

      </testcase>

      <testcase classname="edu.uag.iidis.scec.pruebas.VehiculoDAOTest" name="testBuscarTodosE" time="0.08" />

      <testcase classname="edu.uag.iidis.scec.pruebas.VehiculoDAOTest" name="testBuscarTodosF" time="0.006">
          <failure message="Existen datos" type="junit.framework.AssertionFailedError">junit.framework.AssertionFailedError: Existen datos
	at edu.uag.iidis.scec.pruebas.VehiculoDAOTest.testBuscarTodosF(VehiculoDAOTest.java:135)
</failure>

      </testcase>

      <testcase classname="edu.uag.iidis.scec.pruebas.VehiculoDAOTest" name="testCrearVehiculoE" time="0.012" />

      <testcase classname="edu.uag.iidis.scec.pruebas.VehiculoDAOTest" name="testCrearVehiculoF" time="0.01">
          <failure message="El vehiculo ya se encuentra registrado" type="junit.framework.AssertionFailedError">junit.framework.AssertionFailedError: El vehiculo ya se encuentra registrado
	at edu.uag.iidis.scec.pruebas.VehiculoDAOTest.testCrearVehiculoF(VehiculoDAOTest.java:54)
</failure>

      </testcase>

      <testcase classname="edu.uag.iidis.scec.pruebas.VehiculoDAOTest" name="testEliminarVehiculoE" time="0.013" />

      <testcase classname="edu.uag.iidis.scec.pruebas.VehiculoDAOTest" name="testEliminarVehiculoF" time="0.003">
          <failure message="No se encontro el dato a eliminar" type="junit.framework.AssertionFailedError">junit.framework.AssertionFailedError: No se encontro el dato a eliminar
	at edu.uag.iidis.scec.pruebas.VehiculoDAOTest.testEliminarVehiculoF(VehiculoDAOTest.java:221)
</failure>

      </testcase>

      <testcase classname="edu.uag.iidis.scec.pruebas.VehiculoDAOTest" name="testExisteVehiculoE" time="0.007" />

      <testcase classname="edu.uag.iidis.scec.pruebas.VehiculoDAOTest" name="testExisteVehiculoF" time="0.004">
          <failure message="El vehiculo no se encuentra registrado" type="junit.framework.AssertionFailedError">junit.framework.AssertionFailedError: El vehiculo no se encuentra registrado
	at edu.uag.iidis.scec.pruebas.VehiculoDAOTest.testExisteVehiculoF(VehiculoDAOTest.java:177)
</failure>

      </testcase>

      <testcase classname="edu.uag.iidis.scec.pruebas.VehiculoDAOTest" name="testOrdenarVehiculosPorE" time="0.011" />

      <testcase classname="edu.uag.iidis.scec.pruebas.VehiculoDAOTest" name="testOrdenarVehiculosPorF" time="0.011">
          <failure message="No se pudo ordenar porque la columna no existe" type="junit.framework.AssertionFailedError">junit.framework.AssertionFailedError: No se pudo ordenar porque la columna no existe
	at edu.uag.iidis.scec.pruebas.VehiculoDAOTest.testOrdenarVehiculosPorF(VehiculoDAOTest.java:262)
</failure>

      </testcase>

      <system-out><![CDATA[[SCEC] 2017-04-03 15:11:38,981 DEBUG edu.uag.iidis.scec.persistencia.hibernate.HibernateUtil.<clinit>(69) : >creando sessionFactory
[SCEC] 2017-04-03 15:11:40,399 DEBUG edu.uag.iidis.scec.persistencia.hibernate.HibernateUtil.beginTransaction(217) : >beginTransaction()
[SCEC] 2017-04-03 15:11:40,401 DEBUG edu.uag.iidis.scec.persistencia.hibernate.HibernateUtil.beginTransaction(224) : -Iniciando una nueva transacción de base de datos en este thread.
[SCEC] 2017-04-03 15:11:40,402 DEBUG edu.uag.iidis.scec.persistencia.hibernate.HibernateUtil.getSession(153) : >getSession()
[SCEC] 2017-04-03 15:11:40,402 DEBUG edu.uag.iidis.scec.persistencia.hibernate.HibernateUtil.getSession(160) : -Abriendo una nueva sesión para el thread.
[SCEC] 2017-04-03 15:11:40,438 DEBUG edu.uag.iidis.scec.persistencia.VehiculoDAO.hazPersistenteP(124) : >hazPersistente(Vehiculo)
[SCEC] 2017-04-03 15:11:40,438 DEBUG edu.uag.iidis.scec.persistencia.hibernate.HibernateUtil.getSession(153) : >getSession()
Hibernate: select vehiculo0_.idVehiculo as idVehiculo8_, vehiculo0_.tipo as tipo8_, vehiculo0_.modelo as modelo8_, vehiculo0_.marca as marca8_, vehiculo0_.placa as placa8_, vehiculo0_.color as color8_, vehiculo0_.curp as curp8_ from vehiculos vehiculo0_ where vehiculo0_.placa=?
[SCEC] 2017-04-03 15:11:40,712 DEBUG edu.uag.iidis.scec.persistencia.hibernate.HibernateUtil.getSession(153) : >getSession()
[SCEC] 2017-04-03 15:11:40,716 DEBUG edu.uag.iidis.scec.persistencia.VehiculoDAO.buscarVehiculosPlaca(282) : >buscarVehiculos(placa)
[SCEC] 2017-04-03 15:11:40,716 DEBUG edu.uag.iidis.scec.persistencia.VehiculoDAO.buscarVehiculosPlaca(290) : from Vehiculo where placa like 'HOI89H%'HOI89H
[SCEC] 2017-04-03 15:11:40,716 DEBUG edu.uag.iidis.scec.persistencia.hibernate.HibernateUtil.getSession(153) : >getSession()
Hibernate: update vehiculos set tipo=?, modelo=?, marca=?, placa=?, color=?, curp=? where idVehiculo=?
Hibernate: select vehiculo0_.idVehiculo as idVehiculo8_, vehiculo0_.tipo as tipo8_, vehiculo0_.modelo as modelo8_, vehiculo0_.marca as marca8_, vehiculo0_.placa as placa8_, vehiculo0_.color as color8_, vehiculo0_.curp as curp8_ from vehiculos vehiculo0_ where vehiculo0_.placa like 'HOI89H%'
[SCEC] 2017-04-03 15:11:40,739 DEBUG edu.uag.iidis.scec.persistencia.VehiculoDAO.buscarVehiculosPlaca(296) : <<<<<<<<< create query ok 
[SCEC] 2017-04-03 15:11:40,739 DEBUG edu.uag.iidis.scec.persistencia.VehiculoDAO.buscarVehiculosPlaca(299) : <<<<<<<<< set Parameter ok antes del query list >>>>>
[SCEC] 2017-04-03 15:11:40,739 DEBUG edu.uag.iidis.scec.persistencia.hibernate.HibernateUtil.commitTransaction(240) : >commitTransaction()
[SCEC] 2017-04-03 15:11:40,739 DEBUG edu.uag.iidis.scec.persistencia.hibernate.HibernateUtil.commitTransaction(248) : -Comprometiendo la transacción de este thread.
[SCEC] 2017-04-03 15:11:40,744 DEBUG edu.uag.iidis.scec.persistencia.hibernate.HibernateUtil.closeSession(194) : >closeSession()
[SCEC] 2017-04-03 15:11:40,745 DEBUG edu.uag.iidis.scec.persistencia.hibernate.HibernateUtil.closeSession(202) : -Cerrando la sesión local al thread.
[SCEC] 2017-04-03 15:11:40,750 DEBUG edu.uag.iidis.scec.persistencia.hibernate.HibernateUtil.beginTransaction(217) : >beginTransaction()
[SCEC] 2017-04-03 15:11:40,750 DEBUG edu.uag.iidis.scec.persistencia.hibernate.HibernateUtil.beginTransaction(224) : -Iniciando una nueva transacción de base de datos en este thread.
[SCEC] 2017-04-03 15:11:40,750 DEBUG edu.uag.iidis.scec.persistencia.hibernate.HibernateUtil.getSession(153) : >getSession()
[SCEC] 2017-04-03 15:11:40,750 DEBUG edu.uag.iidis.scec.persistencia.hibernate.HibernateUtil.getSession(160) : -Abriendo una nueva sesión para el thread.
[SCEC] 2017-04-03 15:11:40,751 DEBUG edu.uag.iidis.scec.persistencia.VehiculoDAO.hazPersistenteP(124) : >hazPersistente(Vehiculo)
[SCEC] 2017-04-03 15:11:40,751 DEBUG edu.uag.iidis.scec.persistencia.hibernate.HibernateUtil.getSession(153) : >getSession()
Hibernate: select vehiculo0_.idVehiculo as idVehiculo8_, vehiculo0_.tipo as tipo8_, vehiculo0_.modelo as modelo8_, vehiculo0_.marca as marca8_, vehiculo0_.placa as placa8_, vehiculo0_.color as color8_, vehiculo0_.curp as curp8_ from vehiculos vehiculo0_ where vehiculo0_.placa=?
[SCEC] 2017-04-03 15:11:40,752 DEBUG edu.uag.iidis.scec.persistencia.hibernate.HibernateUtil.closeSession(194) : >closeSession()
[SCEC] 2017-04-03 15:11:40,752 DEBUG edu.uag.iidis.scec.persistencia.hibernate.HibernateUtil.closeSession(202) : -Cerrando la sesión local al thread.
[SCEC] 2017-04-03 15:11:40,758 DEBUG edu.uag.iidis.scec.persistencia.hibernate.HibernateUtil.beginTransaction(217) : >beginTransaction()
[SCEC] 2017-04-03 15:11:40,758 DEBUG edu.uag.iidis.scec.persistencia.VehiculoDAO.buscarTodos(73) : >buscarTodos()
[SCEC] 2017-04-03 15:11:40,758 DEBUG edu.uag.iidis.scec.persistencia.hibernate.HibernateUtil.getSession(153) : >getSession()
[SCEC] 2017-04-03 15:11:40,759 DEBUG edu.uag.iidis.scec.persistencia.hibernate.HibernateUtil.getSession(160) : -Abriendo una nueva sesión para el thread.
Hibernate: select this_.idVehiculo as idVehiculo8_0_, this_.tipo as tipo8_0_, this_.modelo as modelo8_0_, this_.marca as marca8_0_, this_.placa as placa8_0_, this_.color as color8_0_, this_.curp as curp8_0_ from vehiculos this_
[SCEC] 2017-04-03 15:11:40,828 DEBUG edu.uag.iidis.scec.persistencia.VehiculoDAO.buscarTodos(81) : >buscarTodos() ---- list   3
[SCEC] 2017-04-03 15:11:40,836 DEBUG edu.uag.iidis.scec.persistencia.VehiculoDAO.buscarTodos(82) : >buscarTodos() ---- contenido   [edu.uag.iidis.scec.modelo.Vehiculo@119f1f2a[
  id=1
  tipo=automovil
  modelo=2001
  marca=Dodge
  placa=123abc
  color=Amarillo
  curp=JOUI876529HMCTB09
], edu.uag.iidis.scec.modelo.Vehiculo@5b970f7[
  id=55
  tipo=automovil
  modelo=2015
  marca=FORD
  placa=HOI89H
  color=Azul
  curp=SHJO960414HTCLRV08
], edu.uag.iidis.scec.modelo.Vehiculo@165b8a71[
  id=56
  tipo=automovil
  modelo=2000
  marca=DODGE
  placa=Y7U7IN
  color=Verde
  curp=KOLI876517MIOLKV01
]]
[SCEC] 2017-04-03 15:11:40,836 DEBUG edu.uag.iidis.scec.persistencia.hibernate.HibernateUtil.commitTransaction(240) : >commitTransaction()
[SCEC] 2017-04-03 15:11:40,837 DEBUG edu.uag.iidis.scec.persistencia.hibernate.HibernateUtil.commitTransaction(248) : -Comprometiendo la transacción de este thread.
[SCEC] 2017-04-03 15:11:40,837 DEBUG edu.uag.iidis.scec.persistencia.hibernate.HibernateUtil.closeSession(194) : >closeSession()
[SCEC] 2017-04-03 15:11:40,837 DEBUG edu.uag.iidis.scec.persistencia.hibernate.HibernateUtil.closeSession(202) : -Cerrando la sesión local al thread.
[SCEC] 2017-04-03 15:11:40,838 DEBUG edu.uag.iidis.scec.persistencia.hibernate.HibernateUtil.beginTransaction(217) : >beginTransaction()
[SCEC] 2017-04-03 15:11:40,838 DEBUG edu.uag.iidis.scec.persistencia.hibernate.HibernateUtil.beginTransaction(224) : -Iniciando una nueva transacción de base de datos en este thread.
[SCEC] 2017-04-03 15:11:40,838 DEBUG edu.uag.iidis.scec.persistencia.hibernate.HibernateUtil.getSession(153) : >getSession()
[SCEC] 2017-04-03 15:11:40,838 DEBUG edu.uag.iidis.scec.persistencia.hibernate.HibernateUtil.getSession(160) : -Abriendo una nueva sesión para el thread.
[SCEC] 2017-04-03 15:11:40,839 DEBUG edu.uag.iidis.scec.persistencia.VehiculoDAO.buscarTodos(73) : >buscarTodos()
[SCEC] 2017-04-03 15:11:40,839 DEBUG edu.uag.iidis.scec.persistencia.hibernate.HibernateUtil.getSession(153) : >getSession()
Hibernate: select this_.idVehiculo as idVehiculo8_0_, this_.tipo as tipo8_0_, this_.modelo as modelo8_0_, this_.marca as marca8_0_, this_.placa as placa8_0_, this_.color as color8_0_, this_.curp as curp8_0_ from vehiculos this_
[SCEC] 2017-04-03 15:11:40,841 DEBUG edu.uag.iidis.scec.persistencia.VehiculoDAO.buscarTodos(81) : >buscarTodos() ---- list   3
[SCEC] 2017-04-03 15:11:40,841 DEBUG edu.uag.iidis.scec.persistencia.VehiculoDAO.buscarTodos(82) : >buscarTodos() ---- contenido   [edu.uag.iidis.scec.modelo.Vehiculo@76a36b71[
  id=1
  tipo=automovil
  modelo=2001
  marca=Dodge
  placa=123abc
  color=Amarillo
  curp=JOUI876529HMCTB09
], edu.uag.iidis.scec.modelo.Vehiculo@184497d1[
  id=55
  tipo=automovil
  modelo=2015
  marca=FORD
  placa=HOI89H
  color=Azul
  curp=SHJO960414HTCLRV08
], edu.uag.iidis.scec.modelo.Vehiculo@f9d87b[
  id=56
  tipo=automovil
  modelo=2000
  marca=DODGE
  placa=Y7U7IN
  color=Verde
  curp=KOLI876517MIOLKV01
]]
[SCEC] 2017-04-03 15:11:40,842 DEBUG edu.uag.iidis.scec.persistencia.hibernate.HibernateUtil.commitTransaction(240) : >commitTransaction()
[SCEC] 2017-04-03 15:11:40,842 DEBUG edu.uag.iidis.scec.persistencia.hibernate.HibernateUtil.commitTransaction(248) : -Comprometiendo la transacción de este thread.
[SCEC] 2017-04-03 15:11:40,842 DEBUG edu.uag.iidis.scec.persistencia.hibernate.HibernateUtil.closeSession(194) : >closeSession()
[SCEC] 2017-04-03 15:11:40,843 DEBUG edu.uag.iidis.scec.persistencia.hibernate.HibernateUtil.closeSession(202) : -Cerrando la sesión local al thread.
[SCEC] 2017-04-03 15:11:40,844 DEBUG edu.uag.iidis.scec.persistencia.hibernate.HibernateUtil.beginTransaction(217) : >beginTransaction()
[SCEC] 2017-04-03 15:11:40,844 DEBUG edu.uag.iidis.scec.persistencia.hibernate.HibernateUtil.beginTransaction(224) : -Iniciando una nueva transacción de base de datos en este thread.
[SCEC] 2017-04-03 15:11:40,844 DEBUG edu.uag.iidis.scec.persistencia.hibernate.HibernateUtil.getSession(153) : >getSession()
[SCEC] 2017-04-03 15:11:40,844 DEBUG edu.uag.iidis.scec.persistencia.hibernate.HibernateUtil.getSession(160) : -Abriendo una nueva sesión para el thread.
[SCEC] 2017-04-03 15:11:40,845 DEBUG edu.uag.iidis.scec.persistencia.VehiculoDAO.hazPersistente(103) : >hazPersistente(Vehiculo)
[SCEC] 2017-04-03 15:11:40,845 DEBUG edu.uag.iidis.scec.persistencia.hibernate.HibernateUtil.getSession(153) : >getSession()
Hibernate: select max(idVehiculo) from vehiculos
[SCEC] 2017-04-03 15:11:40,852 DEBUG edu.uag.iidis.scec.persistencia.hibernate.HibernateUtil.commitTransaction(240) : >commitTransaction()
[SCEC] 2017-04-03 15:11:40,852 DEBUG edu.uag.iidis.scec.persistencia.hibernate.HibernateUtil.commitTransaction(248) : -Comprometiendo la transacción de este thread.
Hibernate: insert into vehiculos (tipo, modelo, marca, placa, color, curp, idVehiculo) values (?, ?, ?, ?, ?, ?, ?)
[SCEC] 2017-04-03 15:11:40,855 DEBUG edu.uag.iidis.scec.persistencia.hibernate.HibernateUtil.closeSession(194) : >closeSession()
[SCEC] 2017-04-03 15:11:40,855 DEBUG edu.uag.iidis.scec.persistencia.hibernate.HibernateUtil.closeSession(202) : -Cerrando la sesión local al thread.
[SCEC] 2017-04-03 15:11:40,856 DEBUG edu.uag.iidis.scec.persistencia.hibernate.HibernateUtil.beginTransaction(217) : >beginTransaction()
[SCEC] 2017-04-03 15:11:40,856 DEBUG edu.uag.iidis.scec.persistencia.hibernate.HibernateUtil.beginTransaction(224) : -Iniciando una nueva transacción de base de datos en este thread.
[SCEC] 2017-04-03 15:11:40,856 DEBUG edu.uag.iidis.scec.persistencia.hibernate.HibernateUtil.getSession(153) : >getSession()
[SCEC] 2017-04-03 15:11:40,856 DEBUG edu.uag.iidis.scec.persistencia.hibernate.HibernateUtil.getSession(160) : -Abriendo una nueva sesión para el thread.
[SCEC] 2017-04-03 15:11:40,857 DEBUG edu.uag.iidis.scec.persistencia.VehiculoDAO.hazPersistente(103) : >hazPersistente(Vehiculo)
[SCEC] 2017-04-03 15:11:40,857 DEBUG edu.uag.iidis.scec.persistencia.hibernate.HibernateUtil.getSession(153) : >getSession()
[SCEC] 2017-04-03 15:11:40,857 DEBUG edu.uag.iidis.scec.persistencia.hibernate.HibernateUtil.commitTransaction(240) : >commitTransaction()
[SCEC] 2017-04-03 15:11:40,858 DEBUG edu.uag.iidis.scec.persistencia.hibernate.HibernateUtil.commitTransaction(248) : -Comprometiendo la transacción de este thread.
Hibernate: insert into vehiculos (tipo, modelo, marca, placa, color, curp, idVehiculo) values (?, ?, ?, ?, ?, ?, ?)
[SCEC] 2017-04-03 15:11:40,861  WARN org.hibernate.engine.jdbc.spi.SqlExceptionHelper.logExceptions(143) : SQL Error: 1062, SQLState: 23000
[SCEC] 2017-04-03 15:11:40,861 ERROR org.hibernate.engine.jdbc.spi.SqlExceptionHelper.logExceptions(144) : Duplicate key or integrity constraint violation,  message from server: "Duplicate entry 'AHI98G' for key 'placa_UNIQUE'"
[SCEC] 2017-04-03 15:11:40,862 DEBUG edu.uag.iidis.scec.persistencia.hibernate.HibernateUtil.commitTransaction(255) : -Deshaciendo la transacción de este thread.
[SCEC] 2017-04-03 15:11:40,863 DEBUG edu.uag.iidis.scec.persistencia.hibernate.HibernateUtil.rollbackTransaction(268) : >rollbackTransaction()
[SCEC] 2017-04-03 15:11:40,863 DEBUG edu.uag.iidis.scec.persistencia.hibernate.HibernateUtil.rollbackTransaction(276) : -Intentando deshacer la transacción para este thread.
[SCEC] 2017-04-03 15:11:40,864 DEBUG edu.uag.iidis.scec.persistencia.hibernate.HibernateUtil.rollbackTransaction(285) : -Intentando cerrar la sesión.
[SCEC] 2017-04-03 15:11:40,865 DEBUG edu.uag.iidis.scec.persistencia.hibernate.HibernateUtil.closeSession(194) : >closeSession()
[SCEC] 2017-04-03 15:11:40,865 DEBUG edu.uag.iidis.scec.persistencia.hibernate.HibernateUtil.closeSession(202) : -Cerrando la sesión local al thread.
[SCEC] 2017-04-03 15:11:40,865 ERROR edu.uag.iidis.scec.persistencia.hibernate.HibernateUtil.commitTransaction(258) : <HibernateException
[SCEC] 2017-04-03 15:11:40,865 DEBUG edu.uag.iidis.scec.persistencia.hibernate.HibernateUtil.closeSession(194) : >closeSession()
[SCEC] 2017-04-03 15:11:40,866 DEBUG edu.uag.iidis.scec.persistencia.hibernate.HibernateUtil.beginTransaction(217) : >beginTransaction()
[SCEC] 2017-04-03 15:11:40,867 DEBUG edu.uag.iidis.scec.persistencia.hibernate.HibernateUtil.beginTransaction(224) : -Iniciando una nueva transacción de base de datos en este thread.
[SCEC] 2017-04-03 15:11:40,867 DEBUG edu.uag.iidis.scec.persistencia.hibernate.HibernateUtil.getSession(153) : >getSession()
[SCEC] 2017-04-03 15:11:40,867 DEBUG edu.uag.iidis.scec.persistencia.hibernate.HibernateUtil.getSession(160) : -Abriendo una nueva sesión para el thread.
[SCEC] 2017-04-03 15:11:40,867 DEBUG edu.uag.iidis.scec.persistencia.VehiculoDAO.hazTransitorio(156) : >hazTransitorio(Vehiculo)
[SCEC] 2017-04-03 15:11:40,867 DEBUG edu.uag.iidis.scec.persistencia.hibernate.HibernateUtil.getSession(153) : >getSession()
Hibernate: select vehiculo0_.idVehiculo as idVehiculo8_, vehiculo0_.tipo as tipo8_, vehiculo0_.modelo as modelo8_, vehiculo0_.marca as marca8_, vehiculo0_.placa as placa8_, vehiculo0_.color as color8_, vehiculo0_.curp as curp8_ from vehiculos vehiculo0_ where vehiculo0_.placa=?
[SCEC] 2017-04-03 15:11:40,869 DEBUG edu.uag.iidis.scec.persistencia.hibernate.HibernateUtil.getSession(153) : >getSession()
[SCEC] 2017-04-03 15:11:40,871 DEBUG edu.uag.iidis.scec.persistencia.VehiculoDAO.buscarVehiculosPlaca(282) : >buscarVehiculos(placa)
[SCEC] 2017-04-03 15:11:40,871 DEBUG edu.uag.iidis.scec.persistencia.VehiculoDAO.buscarVehiculosPlaca(290) : from Vehiculo where placa like 'Y7U7IN%'Y7U7IN
[SCEC] 2017-04-03 15:11:40,871 DEBUG edu.uag.iidis.scec.persistencia.hibernate.HibernateUtil.getSession(153) : >getSession()
Hibernate: delete from vehiculos where idVehiculo=?
Hibernate: select vehiculo0_.idVehiculo as idVehiculo8_, vehiculo0_.tipo as tipo8_, vehiculo0_.modelo as modelo8_, vehiculo0_.marca as marca8_, vehiculo0_.placa as placa8_, vehiculo0_.color as color8_, vehiculo0_.curp as curp8_ from vehiculos vehiculo0_ where vehiculo0_.placa like 'Y7U7IN%'
[SCEC] 2017-04-03 15:11:40,875 DEBUG edu.uag.iidis.scec.persistencia.VehiculoDAO.buscarVehiculosPlaca(296) : <<<<<<<<< create query ok 
[SCEC] 2017-04-03 15:11:40,876 DEBUG edu.uag.iidis.scec.persistencia.VehiculoDAO.buscarVehiculosPlaca(299) : <<<<<<<<< set Parameter ok antes del query list >>>>>
[SCEC] 2017-04-03 15:11:40,876 DEBUG edu.uag.iidis.scec.persistencia.hibernate.HibernateUtil.commitTransaction(240) : >commitTransaction()
[SCEC] 2017-04-03 15:11:40,876 DEBUG edu.uag.iidis.scec.persistencia.hibernate.HibernateUtil.commitTransaction(248) : -Comprometiendo la transacción de este thread.
[SCEC] 2017-04-03 15:11:40,878 DEBUG edu.uag.iidis.scec.persistencia.hibernate.HibernateUtil.closeSession(194) : >closeSession()
[SCEC] 2017-04-03 15:11:40,878 DEBUG edu.uag.iidis.scec.persistencia.hibernate.HibernateUtil.closeSession(202) : -Cerrando la sesión local al thread.
[SCEC] 2017-04-03 15:11:40,879 DEBUG edu.uag.iidis.scec.persistencia.hibernate.HibernateUtil.beginTransaction(217) : >beginTransaction()
[SCEC] 2017-04-03 15:11:40,879 DEBUG edu.uag.iidis.scec.persistencia.hibernate.HibernateUtil.beginTransaction(224) : -Iniciando una nueva transacción de base de datos en este thread.
[SCEC] 2017-04-03 15:11:40,879 DEBUG edu.uag.iidis.scec.persistencia.hibernate.HibernateUtil.getSession(153) : >getSession()
[SCEC] 2017-04-03 15:11:40,880 DEBUG edu.uag.iidis.scec.persistencia.hibernate.HibernateUtil.getSession(160) : -Abriendo una nueva sesión para el thread.
[SCEC] 2017-04-03 15:11:40,880 DEBUG edu.uag.iidis.scec.persistencia.VehiculoDAO.hazTransitorio(156) : >hazTransitorio(Vehiculo)
[SCEC] 2017-04-03 15:11:40,880 DEBUG edu.uag.iidis.scec.persistencia.hibernate.HibernateUtil.getSession(153) : >getSession()
Hibernate: select vehiculo0_.idVehiculo as idVehiculo8_, vehiculo0_.tipo as tipo8_, vehiculo0_.modelo as modelo8_, vehiculo0_.marca as marca8_, vehiculo0_.placa as placa8_, vehiculo0_.color as color8_, vehiculo0_.curp as curp8_ from vehiculos vehiculo0_ where vehiculo0_.placa=?
[SCEC] 2017-04-03 15:11:40,881 DEBUG edu.uag.iidis.scec.persistencia.hibernate.HibernateUtil.getSession(153) : >getSession()
[SCEC] 2017-04-03 15:11:40,881 DEBUG edu.uag.iidis.scec.persistencia.hibernate.HibernateUtil.closeSession(194) : >closeSession()
[SCEC] 2017-04-03 15:11:40,881 DEBUG edu.uag.iidis.scec.persistencia.hibernate.HibernateUtil.closeSession(202) : -Cerrando la sesión local al thread.
[SCEC] 2017-04-03 15:11:40,882 DEBUG edu.uag.iidis.scec.persistencia.hibernate.HibernateUtil.beginTransaction(217) : >beginTransaction()
[SCEC] 2017-04-03 15:11:40,882 DEBUG edu.uag.iidis.scec.persistencia.VehiculoDAO.existeVehiculo(182) : >existeRol(nombreRol)
[SCEC] 2017-04-03 15:11:40,883 DEBUG edu.uag.iidis.scec.persistencia.VehiculoDAO.existeVehiculo(192) : select placa from Vehiculo where placa = :nombre123abc
[SCEC] 2017-04-03 15:11:40,883 DEBUG edu.uag.iidis.scec.persistencia.hibernate.HibernateUtil.getSession(153) : >getSession()
[SCEC] 2017-04-03 15:11:40,883 DEBUG edu.uag.iidis.scec.persistencia.hibernate.HibernateUtil.getSession(160) : -Abriendo una nueva sesión para el thread.
[SCEC] 2017-04-03 15:11:40,886 DEBUG edu.uag.iidis.scec.persistencia.VehiculoDAO.existeVehiculo(198) : <<<<<<<<< create query ok 
[SCEC] 2017-04-03 15:11:40,887 DEBUG edu.uag.iidis.scec.persistencia.VehiculoDAO.existeVehiculo(203) : <<<<<<<<< set Parameter ok antes del query list >>>>>
Hibernate: select vehiculo0_.placa as col_0_0_ from vehiculos vehiculo0_ where vehiculo0_.placa=?
[SCEC] 2017-04-03 15:11:40,888 DEBUG edu.uag.iidis.scec.persistencia.VehiculoDAO.existeVehiculo(208) : <<<<<<<<< Result size 1
[SCEC] 2017-04-03 15:11:40,888 DEBUG edu.uag.iidis.scec.persistencia.hibernate.HibernateUtil.commitTransaction(240) : >commitTransaction()
[SCEC] 2017-04-03 15:11:40,888 DEBUG edu.uag.iidis.scec.persistencia.hibernate.HibernateUtil.commitTransaction(248) : -Comprometiendo la transacción de este thread.
[SCEC] 2017-04-03 15:11:40,888 DEBUG edu.uag.iidis.scec.persistencia.hibernate.HibernateUtil.closeSession(194) : >closeSession()
[SCEC] 2017-04-03 15:11:40,889 DEBUG edu.uag.iidis.scec.persistencia.hibernate.HibernateUtil.closeSession(202) : -Cerrando la sesión local al thread.
[SCEC] 2017-04-03 15:11:40,889 DEBUG edu.uag.iidis.scec.persistencia.hibernate.HibernateUtil.beginTransaction(217) : >beginTransaction()
[SCEC] 2017-04-03 15:11:40,889 DEBUG edu.uag.iidis.scec.persistencia.hibernate.HibernateUtil.beginTransaction(224) : -Iniciando una nueva transacción de base de datos en este thread.
[SCEC] 2017-04-03 15:11:40,889 DEBUG edu.uag.iidis.scec.persistencia.hibernate.HibernateUtil.getSession(153) : >getSession()
[SCEC] 2017-04-03 15:11:40,889 DEBUG edu.uag.iidis.scec.persistencia.hibernate.HibernateUtil.getSession(160) : -Abriendo una nueva sesión para el thread.
[SCEC] 2017-04-03 15:11:40,890 DEBUG edu.uag.iidis.scec.persistencia.VehiculoDAO.existeVehiculo(182) : >existeRol(nombreRol)
[SCEC] 2017-04-03 15:11:40,890 DEBUG edu.uag.iidis.scec.persistencia.VehiculoDAO.existeVehiculo(192) : select placa from Vehiculo where placa = :nombreQWER89091
[SCEC] 2017-04-03 15:11:40,890 DEBUG edu.uag.iidis.scec.persistencia.hibernate.HibernateUtil.getSession(153) : >getSession()
[SCEC] 2017-04-03 15:11:40,890 DEBUG edu.uag.iidis.scec.persistencia.VehiculoDAO.existeVehiculo(198) : <<<<<<<<< create query ok 
[SCEC] 2017-04-03 15:11:40,890 DEBUG edu.uag.iidis.scec.persistencia.VehiculoDAO.existeVehiculo(203) : <<<<<<<<< set Parameter ok antes del query list >>>>>
Hibernate: select vehiculo0_.placa as col_0_0_ from vehiculos vehiculo0_ where vehiculo0_.placa=?
[SCEC] 2017-04-03 15:11:40,891 DEBUG edu.uag.iidis.scec.persistencia.VehiculoDAO.existeVehiculo(208) : <<<<<<<<< Result size 0
[SCEC] 2017-04-03 15:11:40,891 DEBUG edu.uag.iidis.scec.persistencia.hibernate.HibernateUtil.commitTransaction(240) : >commitTransaction()
[SCEC] 2017-04-03 15:11:40,891 DEBUG edu.uag.iidis.scec.persistencia.hibernate.HibernateUtil.commitTransaction(248) : -Comprometiendo la transacción de este thread.
[SCEC] 2017-04-03 15:11:40,892 DEBUG edu.uag.iidis.scec.persistencia.hibernate.HibernateUtil.closeSession(194) : >closeSession()
[SCEC] 2017-04-03 15:11:40,892 DEBUG edu.uag.iidis.scec.persistencia.hibernate.HibernateUtil.closeSession(202) : -Cerrando la sesión local al thread.
[SCEC] 2017-04-03 15:11:40,893 DEBUG edu.uag.iidis.scec.persistencia.hibernate.HibernateUtil.beginTransaction(217) : >beginTransaction()
[SCEC] 2017-04-03 15:11:40,893 DEBUG edu.uag.iidis.scec.persistencia.hibernate.HibernateUtil.beginTransaction(224) : -Iniciando una nueva transacción de base de datos en este thread.
[SCEC] 2017-04-03 15:11:40,893 DEBUG edu.uag.iidis.scec.persistencia.hibernate.HibernateUtil.getSession(153) : >getSession()
[SCEC] 2017-04-03 15:11:40,893 DEBUG edu.uag.iidis.scec.persistencia.hibernate.HibernateUtil.getSession(160) : -Abriendo una nueva sesión para el thread.
[SCEC] 2017-04-03 15:11:40,893 DEBUG edu.uag.iidis.scec.persistencia.VehiculoDAO.hazPersistente(103) : >hazPersistente(Vehiculo)
[SCEC] 2017-04-03 15:11:40,894 DEBUG edu.uag.iidis.scec.persistencia.hibernate.HibernateUtil.getSession(153) : >getSession()
[SCEC] 2017-04-03 15:11:40,894 DEBUG edu.uag.iidis.scec.persistencia.VehiculoDAO.ordenarVehiculosPor(326) : >existeRol(nombreRol)
[SCEC] 2017-04-03 15:11:40,894 DEBUG edu.uag.iidis.scec.persistencia.VehiculoDAO.ordenarVehiculosPor(339) : from Vehiculo ORDER BY curpcurp
[SCEC] 2017-04-03 15:11:40,894 DEBUG edu.uag.iidis.scec.persistencia.hibernate.HibernateUtil.getSession(153) : >getSession()
[SCEC] 2017-04-03 15:11:40,897 DEBUG edu.uag.iidis.scec.persistencia.VehiculoDAO.ordenarVehiculosPor(345) : <<<<<<<<< create query ok 
[SCEC] 2017-04-03 15:11:40,897 DEBUG edu.uag.iidis.scec.persistencia.VehiculoDAO.ordenarVehiculosPor(348) : <<<<<<<<< set Parameter ok antes del query list >>>>>
Hibernate: insert into vehiculos (tipo, modelo, marca, placa, color, curp, idVehiculo) values (?, ?, ?, ?, ?, ?, ?)
Hibernate: select vehiculo0_.idVehiculo as idVehiculo8_, vehiculo0_.tipo as tipo8_, vehiculo0_.modelo as modelo8_, vehiculo0_.marca as marca8_, vehiculo0_.placa as placa8_, vehiculo0_.color as color8_, vehiculo0_.curp as curp8_ from vehiculos vehiculo0_ order by vehiculo0_.curp
[SCEC] 2017-04-03 15:11:40,900 DEBUG edu.uag.iidis.scec.persistencia.VehiculoDAO.ordenarVehiculosPor(353) : <<<<<<<<< Result size 4
[SCEC] 2017-04-03 15:11:40,901 DEBUG edu.uag.iidis.scec.persistencia.hibernate.HibernateUtil.commitTransaction(240) : >commitTransaction()
[SCEC] 2017-04-03 15:11:40,901 DEBUG edu.uag.iidis.scec.persistencia.hibernate.HibernateUtil.commitTransaction(248) : -Comprometiendo la transacción de este thread.
[SCEC] 2017-04-03 15:11:40,903 DEBUG edu.uag.iidis.scec.persistencia.hibernate.HibernateUtil.closeSession(194) : >closeSession()
[SCEC] 2017-04-03 15:11:40,903 DEBUG edu.uag.iidis.scec.persistencia.hibernate.HibernateUtil.closeSession(202) : -Cerrando la sesión local al thread.
[SCEC] 2017-04-03 15:11:40,904 DEBUG edu.uag.iidis.scec.persistencia.hibernate.HibernateUtil.beginTransaction(217) : >beginTransaction()
[SCEC] 2017-04-03 15:11:40,904 DEBUG edu.uag.iidis.scec.persistencia.hibernate.HibernateUtil.beginTransaction(224) : -Iniciando una nueva transacción de base de datos en este thread.
[SCEC] 2017-04-03 15:11:40,904 DEBUG edu.uag.iidis.scec.persistencia.hibernate.HibernateUtil.getSession(153) : >getSession()
[SCEC] 2017-04-03 15:11:40,905 DEBUG edu.uag.iidis.scec.persistencia.hibernate.HibernateUtil.getSession(160) : -Abriendo una nueva sesión para el thread.
[SCEC] 2017-04-03 15:11:40,905 DEBUG edu.uag.iidis.scec.persistencia.VehiculoDAO.ordenarVehiculosPor(326) : >existeRol(nombreRol)
[SCEC] 2017-04-03 15:11:40,905 DEBUG edu.uag.iidis.scec.persistencia.VehiculoDAO.ordenarVehiculosPor(339) : from Vehiculo ORDER BY autoauto
[SCEC] 2017-04-03 15:11:40,905 DEBUG edu.uag.iidis.scec.persistencia.hibernate.HibernateUtil.getSession(153) : >getSession()
[SCEC] 2017-04-03 15:11:40,911 DEBUG edu.uag.iidis.scec.persistencia.VehiculoDAO.ordenarVehiculosPor(345) : <<<<<<<<< create query ok 
[SCEC] 2017-04-03 15:11:40,911 DEBUG edu.uag.iidis.scec.persistencia.VehiculoDAO.ordenarVehiculosPor(348) : <<<<<<<<< set Parameter ok antes del query list >>>>>
Hibernate: select vehiculo0_.idVehiculo as idVehiculo8_, vehiculo0_.tipo as tipo8_, vehiculo0_.modelo as modelo8_, vehiculo0_.marca as marca8_, vehiculo0_.placa as placa8_, vehiculo0_.color as color8_, vehiculo0_.curp as curp8_ from vehiculos vehiculo0_ order by auto
[SCEC] 2017-04-03 15:11:40,912  WARN org.hibernate.engine.jdbc.spi.SqlExceptionHelper.logExceptions(143) : SQL Error: 1054, SQLState: 42S22
[SCEC] 2017-04-03 15:11:40,913 ERROR org.hibernate.engine.jdbc.spi.SqlExceptionHelper.logExceptions(144) : null,  message from server: "Unknown column 'auto' in 'order clause'"
[SCEC] 2017-04-03 15:11:40,913  WARN edu.uag.iidis.scec.persistencia.VehiculoDAO.ordenarVehiculosPor(363) : <HibernateException *******************
[SCEC] 2017-04-03 15:11:40,913 DEBUG edu.uag.iidis.scec.persistencia.hibernate.HibernateUtil.closeSession(194) : >closeSession()
[SCEC] 2017-04-03 15:11:40,913 DEBUG edu.uag.iidis.scec.persistencia.hibernate.HibernateUtil.closeSession(202) : -Cerrando la sesión local al thread.
]]></system-out>

      <system-err><![CDATA[]]></system-err>

  </testsuite>
</testsuites>
