<?xml version="1.0" encoding="UTF-8" ?>
<testsuite errors="0" failures="0" hostname="UPChiapas-PC" name="edu.uag.iidis.scec.pruebas.VehiculoDAOTest" skipped="0" tests="1" time="1.79" timestamp="2017-04-02T03:54:57">
  <properties>
[...]
</properties>
  <testcase classname="edu.uag.iidis.scec.pruebas.VehiculoDAOTest" name="testCrearVehiculo" time="1.757" />
  <system-out><![CDATA[[SCEC] 2017-04-01 21:54:57,173 DEBUG edu.uag.iidis.scec.persistencia.hibernate.HibernateUtil.<clinit>(69) : >creando sessionFactory
[SCEC] 2017-04-01 21:54:58,597 DEBUG edu.uag.iidis.scec.persistencia.hibernate.HibernateUtil.beginTransaction(230) : >beginTransaction()
[SCEC] 2017-04-01 21:54:58,597 DEBUG edu.uag.iidis.scec.persistencia.hibernate.HibernateUtil.beginTransaction(237) : -Iniciando una nueva transacción de base de datos en este thread.
[SCEC] 2017-04-01 21:54:58,598 DEBUG edu.uag.iidis.scec.persistencia.hibernate.HibernateUtil.getSession(160) : >getSession()
[SCEC] 2017-04-01 21:54:58,598 DEBUG edu.uag.iidis.scec.persistencia.hibernate.HibernateUtil.getSession(167) : -Abriendo una nueva sesión para el thread.
[SCEC] 2017-04-01 21:54:58,639 DEBUG edu.uag.iidis.scec.persistencia.VehiculoDAO.hazPersistente(103) : >hazPersistente(Vehiculo)
[SCEC] 2017-04-01 21:54:58,639 DEBUG edu.uag.iidis.scec.persistencia.hibernate.HibernateUtil.getSession(160) : >getSession()
Hibernate: select max(idVehiculo) from vehiculos
[SCEC] 2017-04-01 21:54:58,793 DEBUG edu.uag.iidis.scec.persistencia.hibernate.HibernateUtil.commitTransaction(256) : >commitTransaction()
[SCEC] 2017-04-01 21:54:58,794 DEBUG edu.uag.iidis.scec.persistencia.hibernate.HibernateUtil.commitTransaction(264) : -Comprometiendo la transacción de este thread.
Hibernate: insert into vehiculos (tipo, modelo, marca, placa, color, curp, idVehiculo) values (?, ?, ?, ?, ?, ?, ?)
[SCEC] 2017-04-01 21:54:58,845 DEBUG edu.uag.iidis.scec.persistencia.hibernate.HibernateUtil.closeSession(204) : >closeSession()
[SCEC] 2017-04-01 21:54:58,845 DEBUG edu.uag.iidis.scec.persistencia.hibernate.HibernateUtil.closeSession(212) : -Cerrando la sesión local al thread.
]]></system-out>
  <system-err><![CDATA[]]></system-err>
</testsuite>
